{"contracts\\dragonFire.sol":{"l":{"25":0,"36":0,"38":0,"46":0,"47":0,"48":0,"144":0,"154":0,"164":0,"174":0,"184":0,"194":0,"204":0,"214":0,"272":0,"273":0,"274":0,"276":0,"283":0,"285":0,"287":0,"291":0,"298":0,"299":0,"300":0,"302":0,"309":0,"310":0,"312":0,"313":0,"321":0,"322":0,"324":0,"336":0,"337":0,"339":0,"358":0,"365":0,"374":0,"375":0,"382":0,"384":0,"415":0,"416":0,"417":0,"418":0,"426":0,"427":0,"428":0,"436":0,"440":0,"441":0,"442":0,"443":0,"451":0,"452":0,"453":0,"461":0,"462":0,"463":0,"471":0,"478":0,"487":0,"497":0,"499":0,"503":0,"513":0,"517":0,"518":0,"519":0,"525":0,"529":0,"533":0,"534":0,"542":0,"543":0,"555":0,"556":0,"568":0,"573":0,"577":0,"578":0,"579":0,"580":0,"581":0,"582":0,"588":0,"589":0,"597":0,"598":0,"599":0,"601":0,"611":0,"612":0,"625":0,"631":0,"632":0,"633":0,"634":0,"635":0,"636":0,"637":0,"638":0,"639":0,"647":0,"648":0,"649":0,"658":0,"659":0,"660":0,"661":0,"662":0,"664":0,"665":0,"666":0,"668":0,"669":0,"670":0,"672":0,"673":0,"674":0,"676":0,"677":0,"678":0,"680":0,"681":0,"682":0,"684":0,"685":0,"686":0,"688":0,"689":0,"692":0,"700":0,"701":0,"702":0,"711":0,"712":0,"713":0,"714":0,"715":0,"717":0,"718":0,"719":0,"721":0,"722":0,"723":0,"725":0,"726":0,"727":0,"729":0,"730":0,"731":0,"733":0,"734":0,"735":0,"737":0,"738":0,"741":0,"749":0,"750":0,"751":0,"762":0,"763":0,"764":0,"765":0,"766":0,"768":0,"769":0,"770":0,"772":0,"773":0,"774":0,"776":0,"777":0,"778":0,"780":0,"781":0,"784":0,"792":0,"793":0,"794":0,"802":0,"830":0,"831":0,"832":0,"833":0,"835":0,"838":0,"839":0,"841":0,"844":0,"845":0,"847":0,"855":0,"862":0,"863":0,"871":0,"872":0,"873":0,"874":0,"875":0,"876":0,"877":0,"879":0,"880":0,"882":0,"890":0,"897":0,"932":0,"950":0,"964":0,"978":0,"1054":0,"1055":0,"1056":0,"1057":0,"1059":0,"1060":0,"1061":0,"1068":0,"1069":0,"1071":0,"1076":0,"1095":0,"1115":0,"1134":0,"1145":0,"1206":0,"1207":0,"1208":0,"1209":0,"1213":0,"1218":0,"1220":0,"1239":0,"1240":0,"1241":0,"1250":0,"1251":0,"1253":0,"1254":0,"1262":0,"1263":0,"1264":0,"1286":0,"1287":0,"1291":0,"1292":0,"1293":0,"1296":0,"1304":0,"1305":0,"1306":0,"1313":0,"1314":0,"1316":0,"1318":0,"1320":0,"1598":0,"1602":0,"1606":0,"1648":0,"1649":0,"1651":0,"1658":0,"1659":0,"1666":0,"1673":0,"1674":0,"1686":0,"1694":0,"1695":0,"1697":0,"1705":0,"1706":0,"1707":0,"1869":0,"1870":0,"1877":0,"1885":0,"1902":0,"1909":0,"1916":0,"1928":0,"1929":0,"1930":0,"1937":0,"1951":0,"1952":0,"1953":0,"1973":0,"1974":0,"1975":0,"1976":0,"1990":0,"1991":0,"1993":0,"1994":0,"1996":0,"2007":0,"2009":0,"2011":0,"2012":0,"2013":0,"2015":0,"2017":0,"2021":0,"2022":0,"2024":0,"2027":0,"2029":0,"2033":0,"2045":0,"2046":0,"2048":0,"2060":0,"2061":0,"2063":0,"2082":0,"2103":0,"2104":0,"2106":0,"2107":0,"2109":0,"2110":0,"2111":0,"2124":0,"2125":0,"2126":0,"2127":0,"2129":0,"2130":0,"2188":0,"2189":0,"2192":0,"2194":0,"2196":0,"2197":0,"2198":0,"2201":0,"2208":0,"2216":0,"2491":0,"2492":0,"2493":0,"2498":0,"2499":0,"2510":0,"2511":0,"2512":0,"2513":0,"2514":0,"2515":0,"2516":0,"2517":0,"2519":0,"2532":0,"2533":0,"2536":0,"2548":0,"2549":0,"2550":0,"2553":0,"2554":0,"2555":0,"2557":0,"2558":0,"2559":0,"2560":0,"2561":0,"2564":0,"2568":0,"2569":0,"2572":0,"2573":0,"2576":0,"2577":0,"2579":0,"2580":0,"2581":0,"2591":0,"2592":0,"2593":0,"2594":0,"2595":0,"2596":0,"2598":0,"2599":0,"2600":0,"2606":0,"2607":0,"2608":0,"2609":0,"2610":0,"2611":0,"2612":0,"2617":0,"2618":0,"2619":0,"2620":0,"2621":0,"2622":0,"2624":0,"2625":0,"2626":0,"2627":0,"2628":0,"2629":0,"2632":0,"2637":0,"2638":0,"2639":0,"2640":0,"2645":0,"2646":0,"2647":0,"2648":0,"2649":0,"2654":0,"2655":0,"2656":0,"2657":0,"2658":0,"2663":0,"2664":0,"2665":0,"2670":0,"2671":0,"2672":0,"2673":0,"2678":0,"2679":0,"2680":0,"2681":0,"2691":0,"2692":0,"2693":0,"2694":0,"2695":0,"2696":0,"2697":0,"2702":0,"2703":0,"2704":0,"2718":0,"2719":0,"2720":0,"2723":0,"2726":0,"2727":0,"2730":0,"2731":0,"2734":0,"2735":0,"2737":0,"2738":0,"2741":0,"2742":0,"2743":0,"2744":0,"2747":0,"2748":0,"2749":0,"2750":0,"2754":0,"2762":0,"2764":0,"2765":0,"2768":0,"2769":0,"2770":0,"2771":0,"2777":0,"2778":0,"2780":0,"2781":0,"2784":0,"2785":0,"2786":0,"2787":0,"2788":0,"2790":0,"2791":0,"2792":0,"2793":0,"2794":0,"2795":0,"2798":0,"2799":0,"2800":0,"2802":0,"2803":0,"2804":0,"2805":0,"2806":0,"2807":0,"2814":0,"2815":0,"2816":0,"2818":0,"2827":0,"2833":0,"2834":0,"2835":0,"2837":0,"2846":0,"2852":0,"2862":0,"2868":0,"2871":0,"2883":0,"2889":0,"2890":0,"2891":0,"2892":0,"2893":0,"2902":0,"2903":0,"2904":0,"2908":0,"2909":0,"2910":0,"2911":0,"2912":0,"2914":0,"2917":0,"2919":0,"2920":0,"2921":0,"2922":0,"2925":0,"2928":0,"2929":0,"2930":0,"2931":0,"2933":0,"2934":0,"2935":0,"2937":0,"2938":0,"2941":0,"2942":0,"2945":0,"2946":0,"2947":0,"2948":0,"2950":0,"2951":0,"2954":0,"2955":0,"2962":0,"2963":0,"2964":0,"2965":0,"2966":0,"2967":0,"2968":0,"2969":0,"2970":0,"2971":0,"2976":0,"2977":0,"2978":0,"2979":0,"2980":0,"2981":0,"2982":0,"2983":0,"2984":0,"2989":0,"2990":0,"2992":0,"2993":0,"2994":0,"2995":0,"3002":0,"3003":0,"3005":0,"3011":0,"3016":0,"3017":0,"3020":0,"3021":0,"3023":0,"3024":0,"3027":0,"3036":0,"3037":0,"3038":0,"3043":0,"3044":0,"3045":0,"3046":0,"3047":0,"3048":0,"3049":0,"3050":0,"3052":0,"3057":0,"3058":0,"3059":0,"3060":0,"3061":0,"3066":0,"3067":0,"3068":0,"3069":0,"3070":0,"3071":0,"3073":0,"3086":0,"3087":0,"3088":0,"3092":0,"3093":0,"3094":0,"3095":0,"3099":0,"3100":0,"3102":0,"3103":0,"3107":0,"3108":0,"3109":0,"3113":0,"3114":0,"3115":0,"3119":0,"3120":0,"3121":0,"3125":0,"3126":0,"3127":0,"3131":0,"3132":0,"3133":0,"3137":0,"3138":0},"path":"C:\\Users\\Main\\Desktop\\Dragon\\HardhatDragon\\hardhat-tutorial1\\contracts\\dragonFire.sol","s":{"1":0,"2":0,"3":0,"4":0,"5":0,"6":0,"7":0,"8":0,"9":0,"10":0,"11":0,"12":0,"13":0,"14":0,"15":0,"16":0,"17":0,"18":0,"19":0,"20":0,"21":0,"22":0,"23":0,"24":0,"25":0,"26":0,"27":0,"28":0,"29":0,"30":0,"31":0,"32":0,"33":0,"34":0,"35":0,"36":0,"37":0,"38":0,"39":0,"40":0,"41":0,"42":0,"43":0,"44":0,"45":0,"46":0,"47":0,"48":0,"49":0,"50":0,"51":0,"52":0,"53":0,"54":0,"55":0,"56":0,"57":0,"58":0,"59":0,"60":0,"61":0,"62":0,"63":0,"64":0,"65":0,"66":0,"67":0,"68":0,"69":0,"70":0,"71":0,"72":0,"73":0,"74":0,"75":0,"76":0,"77":0,"78":0,"79":0,"80":0,"81":0,"82":0,"83":0,"84":0,"85":0,"86":0,"87":0,"88":0,"89":0,"90":0,"91":0,"92":0,"93":0,"94":0,"95":0,"96":0,"97":0,"98":0,"99":0,"100":0,"101":0,"102":0,"103":0,"104":0,"105":0,"106":0,"107":0,"108":0,"109":0,"110":0,"111":0,"112":0,"113":0,"114":0,"115":0,"116":0,"117":0,"118":0,"119":0,"120":0,"121":0,"122":0,"123":0,"124":0,"125":0,"126":0,"127":0,"128":0,"129":0,"130":0,"131":0,"132":0,"133":0,"134":0,"135":0,"136":0,"137":0,"138":0,"139":0,"140":0,"141":0,"142":0,"143":0,"144":0,"145":0,"146":0,"147":0,"148":0,"149":0,"150":0,"151":0,"152":0,"153":0,"154":0,"155":0,"156":0,"157":0,"158":0,"159":0,"160":0,"161":0,"162":0,"163":0,"164":0,"165":0,"166":0,"167":0,"168":0,"169":0,"170":0,"171":0,"172":0,"173":0,"174":0,"175":0,"176":0,"177":0,"178":0,"179":0,"180":0,"181":0,"182":0,"183":0,"184":0,"185":0,"186":0,"187":0,"188":0,"189":0,"190":0,"191":0,"192":0,"193":0,"194":0,"195":0,"196":0,"197":0,"198":0,"199":0,"200":0,"201":0,"202":0,"203":0,"204":0,"205":0,"206":0,"207":0,"208":0,"209":0,"210":0,"211":0,"212":0,"213":0,"214":0,"215":0,"216":0,"217":0,"218":0,"219":0,"220":0,"221":0,"222":0,"223":0,"224":0,"225":0,"226":0,"227":0,"228":0,"229":0,"230":0,"231":0,"232":0,"233":0,"234":0,"235":0,"236":0,"237":0,"238":0,"239":0,"240":0,"241":0,"242":0,"243":0,"244":0,"245":0,"246":0,"247":0,"248":0,"249":0,"250":0,"251":0,"252":0,"253":0,"254":0,"255":0,"256":0,"257":0,"258":0,"259":0,"260":0,"261":0,"262":0,"263":0,"264":0,"265":0,"266":0,"267":0,"268":0,"269":0,"270":0,"271":0,"272":0,"273":0,"274":0,"275":0,"276":0,"277":0,"278":0,"279":0,"280":0,"281":0,"282":0,"283":0,"284":0,"285":0,"286":0,"287":0,"288":0,"289":0,"290":0,"291":0,"292":0,"293":0,"294":0,"295":0,"296":0,"297":0,"298":0,"299":0,"300":0,"301":0,"302":0,"303":0,"304":0,"305":0,"306":0,"307":0,"308":0,"309":0,"310":0,"311":0,"312":0,"313":0,"314":0,"315":0,"316":0,"317":0,"318":0,"319":0,"320":0,"321":0,"322":0,"323":0,"324":0,"325":0,"326":0,"327":0,"328":0,"329":0,"330":0,"331":0,"332":0,"333":0,"334":0,"335":0,"336":0,"337":0,"338":0,"339":0,"340":0,"341":0,"342":0,"343":0,"344":0,"345":0,"346":0,"347":0,"348":0,"349":0,"350":0,"351":0,"352":0,"353":0,"354":0,"355":0,"356":0,"357":0,"358":0,"359":0,"360":0,"361":0,"362":0,"363":0,"364":0,"365":0,"366":0,"367":0,"368":0,"369":0,"370":0,"371":0,"372":0,"373":0,"374":0,"375":0,"376":0,"377":0,"378":0,"379":0,"380":0,"381":0,"382":0,"383":0,"384":0,"385":0,"386":0,"387":0,"388":0,"389":0,"390":0,"391":0,"392":0,"393":0,"394":0,"395":0,"396":0,"397":0,"398":0,"399":0,"400":0,"401":0,"402":0,"403":0,"404":0,"405":0,"406":0,"407":0,"408":0,"409":0,"410":0,"411":0,"412":0,"413":0,"414":0,"415":0,"416":0,"417":0,"418":0,"419":0,"420":0,"421":0,"422":0,"423":0,"424":0,"425":0,"426":0,"427":0,"428":0,"429":0,"430":0,"431":0,"432":0,"433":0,"434":0},"b":{"1":[0,0],"2":[0,0],"3":[0,0],"4":[0,0],"5":[0,0],"6":[0,0],"7":[0,0],"8":[0,0],"9":[0,0],"10":[0,0],"11":[0,0],"12":[0,0],"13":[0,0],"14":[0,0],"15":[0,0],"16":[0,0],"17":[0,0],"18":[0,0],"19":[0,0],"20":[0,0],"21":[0,0],"22":[0,0],"23":[0,0],"24":[0,0],"25":[0,0],"26":[0,0],"27":[0,0],"28":[0,0],"29":[0,0],"30":[0,0],"31":[0,0],"32":[0,0],"33":[0,0],"34":[0,0],"35":[0,0],"36":[0,0],"37":[0,0],"38":[0,0],"39":[0,0],"40":[0,0],"41":[0,0],"42":[0,0],"43":[0,0],"44":[0,0],"45":[0,0],"46":[0,0],"47":[0,0],"48":[0,0],"49":[0,0],"50":[0,0],"51":[0,0],"52":[0,0],"53":[0,0],"54":[0,0],"55":[0,0],"56":[0,0],"57":[0,0],"58":[0,0],"59":[0,0],"60":[0,0],"61":[0,0],"62":[0,0],"63":[0,0],"64":[0,0],"65":[0,0],"66":[0,0],"67":[0,0],"68":[0,0],"69":[0,0],"70":[0,0],"71":[0,0],"72":[0,0],"73":[0,0],"74":[0,0],"75":[0,0],"76":[0,0],"77":[0,0],"78":[0,0],"79":[0,0],"80":[0,0],"81":[0,0],"82":[0,0],"83":[0,0],"84":[0,0],"85":[0,0],"86":[0,0],"87":[0,0],"88":[0,0],"89":[0,0],"90":[0,0],"91":[0,0],"92":[0,0],"93":[0,0],"94":[0,0],"95":[0,0],"96":[0,0],"97":[0,0],"98":[0,0],"99":[0,0],"100":[0,0],"101":[0,0],"102":[0,0],"103":[0,0],"104":[0,0],"105":[0,0],"106":[0,0],"107":[0,0],"108":[0,0],"109":[0,0],"110":[0,0],"111":[0,0],"112":[0,0],"113":[0,0],"114":[0,0],"115":[0,0],"116":[0,0],"117":[0,0],"118":[0,0],"119":[0,0],"120":[0,0],"121":[0,0],"122":[0,0],"123":[0,0],"124":[0,0],"125":[0,0],"126":[0,0],"127":[0,0],"128":[0,0],"129":[0,0],"130":[0,0],"131":[0,0],"132":[0,0],"133":[0,0],"134":[0,0],"135":[0,0],"136":[0,0],"137":[0,0],"138":[0,0],"139":[0,0],"140":[0,0],"141":[0,0],"142":[0,0],"143":[0,0],"144":[0,0],"145":[0,0],"146":[0,0],"147":[0,0],"148":[0,0],"149":[0,0],"150":[0,0],"151":[0,0],"152":[0,0],"153":[0,0],"154":[0,0],"155":[0,0],"156":[0,0],"157":[0,0],"158":[0,0],"159":[0,0],"160":[0,0],"161":[0,0],"162":[0,0],"163":[0,0],"164":[0,0],"165":[0,0],"166":[0,0],"167":[0,0],"168":[0,0],"169":[0,0],"170":[0,0],"171":[0,0],"172":[0,0],"173":[0,0],"174":[0,0],"175":[0,0],"176":[0,0],"177":[0,0],"178":[0,0],"179":[0,0],"180":[0,0],"181":[0,0],"182":[0,0],"183":[0,0],"184":[0,0],"185":[0,0],"186":[0,0],"187":[0,0]},"f":{"1":0,"2":0,"3":0,"4":0,"5":0,"6":0,"7":0,"8":0,"9":0,"10":0,"11":0,"12":0,"13":0,"14":0,"15":0,"16":0,"17":0,"18":0,"19":0,"20":0,"21":0,"22":0,"23":0,"24":0,"25":0,"26":0,"27":0,"28":0,"29":0,"30":0,"31":0,"32":0,"33":0,"34":0,"35":0,"36":0,"37":0,"38":0,"39":0,"40":0,"41":0,"42":0,"43":0,"44":0,"45":0,"46":0,"47":0,"48":0,"49":0,"50":0,"51":0,"52":0,"53":0,"54":0,"55":0,"56":0,"57":0,"58":0,"59":0,"60":0,"61":0,"62":0,"63":0,"64":0,"65":0,"66":0,"67":0,"68":0,"69":0,"70":0,"71":0,"72":0,"73":0,"74":0,"75":0,"76":0,"77":0,"78":0,"79":0,"80":0,"81":0,"82":0,"83":0,"84":0,"85":0,"86":0,"87":0,"88":0,"89":0,"90":0,"91":0,"92":0,"93":0,"94":0,"95":0,"96":0,"97":0,"98":0,"99":0,"100":0,"101":0,"102":0,"103":0,"104":0,"105":0,"106":0,"107":0,"108":0,"109":0,"110":0,"111":0,"112":0,"113":0,"114":0,"115":0,"116":0,"117":0,"118":0,"119":0,"120":0,"121":0,"122":0,"123":0,"124":0,"125":0,"126":0,"127":0,"128":0,"129":0,"130":0,"131":0,"132":0,"133":0,"134":0,"135":0,"136":0,"137":0,"138":0,"139":0},"fnMap":{"1":{"name":"nonces","line":24,"loc":{"start":{"line":24,"column":4},"end":{"line":26,"column":4}}},"2":{"name":"_useNonce","line":33,"loc":{"start":{"line":33,"column":4},"end":{"line":40,"column":4}}},"3":{"name":"_useCheckedNonce","line":45,"loc":{"start":{"line":45,"column":4},"end":{"line":50,"column":4}}},"4":{"name":"getAddressSlot","line":142,"loc":{"start":{"line":142,"column":4},"end":{"line":147,"column":4}}},"5":{"name":"getBooleanSlot","line":152,"loc":{"start":{"line":152,"column":4},"end":{"line":157,"column":4}}},"6":{"name":"getBytes32Slot","line":162,"loc":{"start":{"line":162,"column":4},"end":{"line":167,"column":4}}},"7":{"name":"getUint256Slot","line":172,"loc":{"start":{"line":172,"column":4},"end":{"line":177,"column":4}}},"8":{"name":"getStringSlot","line":182,"loc":{"start":{"line":182,"column":4},"end":{"line":187,"column":4}}},"9":{"name":"getStringSlot","line":192,"loc":{"start":{"line":192,"column":4},"end":{"line":197,"column":4}}},"10":{"name":"getBytesSlot","line":202,"loc":{"start":{"line":202,"column":4},"end":{"line":207,"column":4}}},"11":{"name":"getBytesSlot","line":212,"loc":{"start":{"line":212,"column":4},"end":{"line":217,"column":4}}},"12":{"name":"toShortString","line":271,"loc":{"start":{"line":271,"column":4},"end":{"line":277,"column":4}}},"13":{"name":"toString","line":282,"loc":{"start":{"line":282,"column":4},"end":{"line":292,"column":4}}},"14":{"name":"byteLength","line":297,"loc":{"start":{"line":297,"column":4},"end":{"line":303,"column":4}}},"15":{"name":"toShortStringWithFallback","line":308,"loc":{"start":{"line":308,"column":4},"end":{"line":315,"column":4}}},"16":{"name":"toStringWithFallback","line":320,"loc":{"start":{"line":320,"column":4},"end":{"line":326,"column":4}}},"17":{"name":"byteLengthWithFallback","line":335,"loc":{"start":{"line":335,"column":4},"end":{"line":341,"column":4}}},"18":{"name":"max","line":357,"loc":{"start":{"line":357,"column":4},"end":{"line":359,"column":4}}},"19":{"name":"min","line":364,"loc":{"start":{"line":364,"column":4},"end":{"line":366,"column":4}}},"20":{"name":"average","line":372,"loc":{"start":{"line":372,"column":4},"end":{"line":376,"column":4}}},"21":{"name":"abs","line":381,"loc":{"start":{"line":381,"column":4},"end":{"line":386,"column":4}}},"22":{"name":"tryAdd","line":414,"loc":{"start":{"line":414,"column":4},"end":{"line":420,"column":4}}},"23":{"name":"trySub","line":425,"loc":{"start":{"line":425,"column":4},"end":{"line":430,"column":4}}},"24":{"name":"tryMul","line":435,"loc":{"start":{"line":435,"column":4},"end":{"line":445,"column":4}}},"25":{"name":"tryDiv","line":450,"loc":{"start":{"line":450,"column":4},"end":{"line":455,"column":4}}},"26":{"name":"tryMod","line":460,"loc":{"start":{"line":460,"column":4},"end":{"line":465,"column":4}}},"27":{"name":"max","line":470,"loc":{"start":{"line":470,"column":4},"end":{"line":472,"column":4}}},"28":{"name":"min","line":477,"loc":{"start":{"line":477,"column":4},"end":{"line":479,"column":4}}},"29":{"name":"average","line":485,"loc":{"start":{"line":485,"column":4},"end":{"line":488,"column":4}}},"30":{"name":"ceilDiv","line":496,"loc":{"start":{"line":496,"column":4},"end":{"line":504,"column":4}}},"31":{"name":"mulDiv","line":512,"loc":{"start":{"line":512,"column":4},"end":{"line":591,"column":4}}},"32":{"name":"mulDiv","line":596,"loc":{"start":{"line":596,"column":4},"end":{"line":602,"column":4}}},"33":{"name":"sqrt","line":610,"loc":{"start":{"line":610,"column":4},"end":{"line":641,"column":4}}},"34":{"name":"sqrt","line":646,"loc":{"start":{"line":646,"column":4},"end":{"line":651,"column":4}}},"35":{"name":"log2","line":657,"loc":{"start":{"line":657,"column":4},"end":{"line":693,"column":4}}},"36":{"name":"log2","line":699,"loc":{"start":{"line":699,"column":4},"end":{"line":704,"column":4}}},"37":{"name":"log10","line":710,"loc":{"start":{"line":710,"column":4},"end":{"line":742,"column":4}}},"38":{"name":"log10","line":748,"loc":{"start":{"line":748,"column":4},"end":{"line":753,"column":4}}},"39":{"name":"log256","line":761,"loc":{"start":{"line":761,"column":4},"end":{"line":785,"column":4}}},"40":{"name":"log256","line":791,"loc":{"start":{"line":791,"column":4},"end":{"line":796,"column":4}}},"41":{"name":"unsignedRoundsUp","line":801,"loc":{"start":{"line":801,"column":4},"end":{"line":803,"column":4}}},"42":{"name":"toString","line":829,"loc":{"start":{"line":829,"column":4},"end":{"line":849,"column":4}}},"43":{"name":"toStringSigned","line":854,"loc":{"start":{"line":854,"column":4},"end":{"line":856,"column":4}}},"44":{"name":"toHexString","line":861,"loc":{"start":{"line":861,"column":4},"end":{"line":865,"column":4}}},"45":{"name":"toHexString","line":870,"loc":{"start":{"line":870,"column":4},"end":{"line":883,"column":4}}},"46":{"name":"toHexString","line":889,"loc":{"start":{"line":889,"column":4},"end":{"line":891,"column":4}}},"47":{"name":"equal","line":896,"loc":{"start":{"line":896,"column":4},"end":{"line":898,"column":4}}},"48":{"name":"toEthSignedMessageHash","line":930,"loc":{"start":{"line":930,"column":4},"end":{"line":937,"column":4}}},"49":{"name":"toEthSignedMessageHash","line":949,"loc":{"start":{"line":949,"column":4},"end":{"line":952,"column":4}}},"50":{"name":"toDataWithIntendedValidatorHash","line":963,"loc":{"start":{"line":963,"column":4},"end":{"line":965,"column":4}}},"51":{"name":"toTypedDataHash","line":976,"loc":{"start":{"line":976,"column":4},"end":{"line":985,"column":4}}},"52":{"name":"constructor","line":1053,"loc":{"start":{"line":1053,"column":4},"end":{"line":1062,"column":4}}},"53":{"name":"_domainSeparatorV4","line":1067,"loc":{"start":{"line":1067,"column":4},"end":{"line":1073,"column":4}}},"54":{"name":"_buildDomainSeparator","line":1075,"loc":{"start":{"line":1075,"column":4},"end":{"line":1077,"column":4}}},"55":{"name":"_hashTypedDataV4","line":1094,"loc":{"start":{"line":1094,"column":4},"end":{"line":1096,"column":4}}},"56":{"name":"eip712Domain","line":1101,"loc":{"start":{"line":1101,"column":4},"end":{"line":1124,"column":4}}},"57":{"name":"_EIP712Name","line":1133,"loc":{"start":{"line":1133,"column":4},"end":{"line":1135,"column":4}}},"58":{"name":"_EIP712Version","line":1144,"loc":{"start":{"line":1144,"column":4},"end":{"line":1146,"column":4}}},"59":{"name":"tryRecover","line":1205,"loc":{"start":{"line":1205,"column":4},"end":{"line":1222,"column":4}}},"60":{"name":"recover","line":1238,"loc":{"start":{"line":1238,"column":4},"end":{"line":1242,"column":4}}},"61":{"name":"tryRecover","line":1249,"loc":{"start":{"line":1249,"column":4},"end":{"line":1256,"column":4}}},"62":{"name":"recover","line":1261,"loc":{"start":{"line":1261,"column":4},"end":{"line":1265,"column":4}}},"63":{"name":"tryRecover","line":1271,"loc":{"start":{"line":1271,"column":4},"end":{"line":1297,"column":4}}},"64":{"name":"recover","line":1303,"loc":{"start":{"line":1303,"column":4},"end":{"line":1307,"column":4}}},"65":{"name":"_throwError","line":1312,"loc":{"start":{"line":1312,"column":4},"end":{"line":1322,"column":4}}},"66":{"name":"_msgSender","line":1597,"loc":{"start":{"line":1597,"column":4},"end":{"line":1599,"column":4}}},"67":{"name":"_msgData","line":1601,"loc":{"start":{"line":1601,"column":4},"end":{"line":1603,"column":4}}},"68":{"name":"_contextSuffixLength","line":1605,"loc":{"start":{"line":1605,"column":4},"end":{"line":1607,"column":4}}},"69":{"name":"constructor","line":1647,"loc":{"start":{"line":1647,"column":4},"end":{"line":1652,"column":4}}},"70":{"name":"onlyOwner","line":1657,"loc":{"start":{"line":1657,"column":4},"end":{"line":1660,"column":4}}},"71":{"name":"owner","line":1665,"loc":{"start":{"line":1665,"column":4},"end":{"line":1667,"column":4}}},"72":{"name":"_checkOwner","line":1672,"loc":{"start":{"line":1672,"column":4},"end":{"line":1676,"column":4}}},"73":{"name":"renounceOwnership","line":1685,"loc":{"start":{"line":1685,"column":4},"end":{"line":1687,"column":4}}},"74":{"name":"transferOwnership","line":1693,"loc":{"start":{"line":1693,"column":4},"end":{"line":1698,"column":4}}},"75":{"name":"_transferOwnership","line":1704,"loc":{"start":{"line":1704,"column":4},"end":{"line":1708,"column":4}}},"76":{"name":"constructor","line":1868,"loc":{"start":{"line":1868,"column":4},"end":{"line":1871,"column":4}}},"77":{"name":"name","line":1876,"loc":{"start":{"line":1876,"column":4},"end":{"line":1878,"column":4}}},"78":{"name":"symbol","line":1884,"loc":{"start":{"line":1884,"column":4},"end":{"line":1886,"column":4}}},"79":{"name":"decimals","line":1901,"loc":{"start":{"line":1901,"column":4},"end":{"line":1903,"column":4}}},"80":{"name":"totalSupply","line":1908,"loc":{"start":{"line":1908,"column":4},"end":{"line":1910,"column":4}}},"81":{"name":"balanceOf","line":1915,"loc":{"start":{"line":1915,"column":4},"end":{"line":1917,"column":4}}},"82":{"name":"transfer","line":1927,"loc":{"start":{"line":1927,"column":4},"end":{"line":1931,"column":4}}},"83":{"name":"allowance","line":1936,"loc":{"start":{"line":1936,"column":4},"end":{"line":1938,"column":4}}},"84":{"name":"approve","line":1950,"loc":{"start":{"line":1950,"column":4},"end":{"line":1954,"column":4}}},"85":{"name":"transferFrom","line":1972,"loc":{"start":{"line":1972,"column":4},"end":{"line":1977,"column":4}}},"86":{"name":"_transfer","line":1989,"loc":{"start":{"line":1989,"column":4},"end":{"line":1997,"column":4}}},"87":{"name":"_update","line":2006,"loc":{"start":{"line":2006,"column":4},"end":{"line":2034,"column":4}}},"88":{"name":"_mint","line":2044,"loc":{"start":{"line":2044,"column":4},"end":{"line":2049,"column":4}}},"89":{"name":"_burn","line":2059,"loc":{"start":{"line":2059,"column":4},"end":{"line":2064,"column":4}}},"90":{"name":"_approve","line":2081,"loc":{"start":{"line":2081,"column":4},"end":{"line":2083,"column":4}}},"91":{"name":"_approve","line":2102,"loc":{"start":{"line":2102,"column":4},"end":{"line":2113,"column":4}}},"92":{"name":"_spendAllowance","line":2123,"loc":{"start":{"line":2123,"column":4},"end":{"line":2133,"column":4}}},"93":{"name":"constructor","line":2174,"loc":{"start":{"line":2174,"column":4},"end":{"line":2174,"column":55}}},"94":{"name":"permit","line":2179,"loc":{"start":{"line":2179,"column":4},"end":{"line":2202,"column":4}}},"95":{"name":"nonces","line":2207,"loc":{"start":{"line":2207,"column":4},"end":{"line":2209,"column":4}}},"96":{"name":"DOMAIN_SEPARATOR","line":2215,"loc":{"start":{"line":2215,"column":4},"end":{"line":2217,"column":4}}},"97":{"name":"feeSettingsLock","line":2490,"loc":{"start":{"line":2490,"column":4},"end":{"line":2494,"column":4}}},"98":{"name":"phasesLock","line":2497,"loc":{"start":{"line":2497,"column":4},"end":{"line":2500,"column":4}}},"99":{"name":"constructor","line":2507,"loc":{"start":{"line":2504,"column":4},"end":{"line":2582,"column":4}}},"100":{"name":"setMainDex","line":2589,"loc":{"start":{"line":2589,"column":4},"end":{"line":2601,"column":4}}},"101":{"name":"setCommunityTokens","line":2604,"loc":{"start":{"line":2604,"column":4},"end":{"line":2613,"column":4}}},"102":{"name":"setCtRouters","line":2616,"loc":{"start":{"line":2616,"column":4},"end":{"line":2633,"column":4}}},"103":{"name":"setProcessFeesMinimum","line":2636,"loc":{"start":{"line":2636,"column":4},"end":{"line":2641,"column":4}}},"104":{"name":"setTreasuryAddress","line":2644,"loc":{"start":{"line":2644,"column":4},"end":{"line":2650,"column":4}}},"105":{"name":"setFarmAddress","line":2653,"loc":{"start":{"line":2653,"column":4},"end":{"line":2659,"column":4}}},"106":{"name":"excludeFromFees","line":2662,"loc":{"start":{"line":2662,"column":4},"end":{"line":2666,"column":4}}},"107":{"name":"includeInFees","line":2669,"loc":{"start":{"line":2669,"column":4},"end":{"line":2674,"column":4}}},"108":{"name":"transferOwnership","line":2677,"loc":{"start":{"line":2677,"column":4},"end":{"line":2682,"column":4}}},"109":{"name":"setFeesInBasisPts","line":2690,"loc":{"start":{"line":2685,"column":4},"end":{"line":2698,"column":4}}},"110":{"name":"lockFeeSettings","line":2701,"loc":{"start":{"line":2701,"column":4},"end":{"line":2705,"column":4}}},"111":{"name":"_update","line":2712,"loc":{"start":{"line":2712,"column":4},"end":{"line":2755,"column":4}}},"112":{"name":"beforeTokenTransfer","line":2758,"loc":{"start":{"line":2758,"column":4},"end":{"line":2773,"column":4}}},"113":{"name":"swapAndBurnLP","line":2776,"loc":{"start":{"line":2776,"column":4},"end":{"line":2810,"column":4}}},"114":{"name":"swapDRAGONForAVAX","line":2813,"loc":{"start":{"line":2813,"column":4},"end":{"line":2829,"column":4}}},"115":{"name":"swapAvaxForCT","line":2832,"loc":{"start":{"line":2832,"column":4},"end":{"line":2848,"column":4}}},"116":{"name":"addLiquidityDRAGON","line":2851,"loc":{"start":{"line":2851,"column":4},"end":{"line":2864,"column":4}}},"117":{"name":"addLiquidityCT","line":2867,"loc":{"start":{"line":2867,"column":4},"end":{"line":2885,"column":4}}},"118":{"name":"checkCtPairs","line":2888,"loc":{"start":{"line":2888,"column":4},"end":{"line":2895,"column":4}}},"119":{"name":"processFees","line":2901,"loc":{"start":{"line":2901,"column":4},"end":{"line":2958,"column":4}}},"120":{"name":"seedAndBurnCtLP","line":2961,"loc":{"start":{"line":2961,"column":4},"end":{"line":2972,"column":4}}},"121":{"name":"seedAndBurnDragonLP","line":2975,"loc":{"start":{"line":2975,"column":4},"end":{"line":2985,"column":4}}},"122":{"name":"setPairs","line":2988,"loc":{"start":{"line":2988,"column":4},"end":{"line":2998,"column":4}}},"123":{"name":"tradingActive","line":3001,"loc":{"start":{"line":3001,"column":4},"end":{"line":3007,"column":4}}},"124":{"name":"tradingRestricted","line":3010,"loc":{"start":{"line":3010,"column":4},"end":{"line":3012,"column":4}}},"125":{"name":"tradingPhase","line":3015,"loc":{"start":{"line":3015,"column":4},"end":{"line":3028,"column":4}}},"126":{"name":"setPhasesStartTime","line":3035,"loc":{"start":{"line":3035,"column":4},"end":{"line":3039,"column":4}}},"127":{"name":"setWhaleLimitsPerPhase","line":3042,"loc":{"start":{"line":3042,"column":4},"end":{"line":3053,"column":4}}},"128":{"name":"lockPhasesSettings","line":3056,"loc":{"start":{"line":3056,"column":4},"end":{"line":3062,"column":4}}},"129":{"name":"setAllowlistedForSomePhase","line":3065,"loc":{"start":{"line":3065,"column":4},"end":{"line":3074,"column":4}}},"130":{"name":null,"line":3081,"loc":{"start":{"line":3081,"column":4},"end":{"line":3081,"column":33}}},"131":{"name":"withdrawAvaxTo","line":3085,"loc":{"start":{"line":3085,"column":4},"end":{"line":3089,"column":4}}},"132":{"name":"iERC20TransferFrom","line":3091,"loc":{"start":{"line":3091,"column":4},"end":{"line":3096,"column":4}}},"133":{"name":"iERC20Transfer","line":3098,"loc":{"start":{"line":3098,"column":4},"end":{"line":3104,"column":4}}},"134":{"name":"iERC20Approve","line":3106,"loc":{"start":{"line":3106,"column":4},"end":{"line":3110,"column":4}}},"135":{"name":"iERC721TransferFrom","line":3112,"loc":{"start":{"line":3112,"column":4},"end":{"line":3116,"column":4}}},"136":{"name":"iERC721SafeTransferFrom","line":3118,"loc":{"start":{"line":3118,"column":4},"end":{"line":3122,"column":4}}},"137":{"name":"iERC721Transfer","line":3124,"loc":{"start":{"line":3124,"column":4},"end":{"line":3128,"column":4}}},"138":{"name":"iERC721SafeTransfer","line":3130,"loc":{"start":{"line":3130,"column":4},"end":{"line":3134,"column":4}}},"139":{"name":"noDRAGONTokens","line":3136,"loc":{"start":{"line":3136,"column":4},"end":{"line":3139,"column":4}}}},"statementMap":{"1":{"start":{"line":25,"column":8},"end":{"line":25,"column":29}},"2":{"start":{"line":38,"column":12},"end":{"line":38,"column":35}},"3":{"start":{"line":46,"column":8},"end":{"line":46,"column":42}},"4":{"start":{"line":47,"column":8},"end":{"line":47,"column":1501}},"5":{"start":{"line":272,"column":8},"end":{"line":272,"column":38}},"6":{"start":{"line":273,"column":8},"end":{"line":273,"column":8290}},"7":{"start":{"line":276,"column":8},"end":{"line":276,"column":78}},"8":{"start":{"line":283,"column":8},"end":{"line":283,"column":38}},"9":{"start":{"line":285,"column":8},"end":{"line":285,"column":42}},"10":{"start":{"line":291,"column":8},"end":{"line":291,"column":18}},"11":{"start":{"line":298,"column":8},"end":{"line":298,"column":65}},"12":{"start":{"line":299,"column":8},"end":{"line":299,"column":9182}},"13":{"start":{"line":302,"column":8},"end":{"line":302,"column":21}},"14":{"start":{"line":309,"column":8},"end":{"line":309,"column":9523}},"15":{"start":{"line":310,"column":12},"end":{"line":310,"column":39}},"16":{"start":{"line":313,"column":12},"end":{"line":313,"column":54}},"17":{"start":{"line":321,"column":8},"end":{"line":321,"column":10006}},"18":{"start":{"line":322,"column":12},"end":{"line":322,"column":34}},"19":{"start":{"line":324,"column":12},"end":{"line":324,"column":24}},"20":{"start":{"line":336,"column":8},"end":{"line":336,"column":10659}},"21":{"start":{"line":337,"column":12},"end":{"line":337,"column":36}},"22":{"start":{"line":339,"column":12},"end":{"line":339,"column":38}},"23":{"start":{"line":358,"column":8},"end":{"line":358,"column":28}},"24":{"start":{"line":365,"column":8},"end":{"line":365,"column":28}},"25":{"start":{"line":374,"column":8},"end":{"line":374,"column":43}},"26":{"start":{"line":375,"column":8},"end":{"line":375,"column":56}},"27":{"start":{"line":384,"column":12},"end":{"line":384,"column":43}},"28":{"start":{"line":416,"column":12},"end":{"line":416,"column":29}},"29":{"start":{"line":417,"column":12},"end":{"line":417,"column":40}},"30":{"start":{"line":417,"column":23},"end":{"line":417,"column":40}},"31":{"start":{"line":418,"column":12},"end":{"line":418,"column":28}},"32":{"start":{"line":427,"column":12},"end":{"line":427,"column":40}},"33":{"start":{"line":427,"column":23},"end":{"line":427,"column":40}},"34":{"start":{"line":428,"column":12},"end":{"line":428,"column":32}},"35":{"start":{"line":440,"column":12},"end":{"line":440,"column":40}},"36":{"start":{"line":440,"column":24},"end":{"line":440,"column":40}},"37":{"start":{"line":441,"column":12},"end":{"line":441,"column":29}},"38":{"start":{"line":442,"column":12},"end":{"line":442,"column":45}},"39":{"start":{"line":442,"column":28},"end":{"line":442,"column":45}},"40":{"start":{"line":443,"column":12},"end":{"line":443,"column":28}},"41":{"start":{"line":452,"column":12},"end":{"line":452,"column":41}},"42":{"start":{"line":452,"column":24},"end":{"line":452,"column":41}},"43":{"start":{"line":453,"column":12},"end":{"line":453,"column":32}},"44":{"start":{"line":462,"column":12},"end":{"line":462,"column":41}},"45":{"start":{"line":462,"column":24},"end":{"line":462,"column":41}},"46":{"start":{"line":463,"column":12},"end":{"line":463,"column":32}},"47":{"start":{"line":471,"column":8},"end":{"line":471,"column":28}},"48":{"start":{"line":478,"column":8},"end":{"line":478,"column":28}},"49":{"start":{"line":487,"column":8},"end":{"line":487,"column":36}},"50":{"start":{"line":497,"column":8},"end":{"line":497,"column":15484}},"51":{"start":{"line":499,"column":12},"end":{"line":499,"column":24}},"52":{"start":{"line":503,"column":8},"end":{"line":503,"column":43}},"53":{"start":{"line":517,"column":12},"end":{"line":517,"column":33}},"54":{"start":{"line":518,"column":12},"end":{"line":518,"column":25}},"55":{"start":{"line":525,"column":12},"end":{"line":525,"column":16878}},"56":{"start":{"line":529,"column":16},"end":{"line":529,"column":42}},"57":{"start":{"line":533,"column":12},"end":{"line":533,"column":17356}},"58":{"start":{"line":542,"column":12},"end":{"line":542,"column":29}},"59":{"start":{"line":555,"column":12},"end":{"line":555,"column":58}},"60":{"start":{"line":573,"column":12},"end":{"line":573,"column":51}},"61":{"start":{"line":589,"column":12},"end":{"line":589,"column":25}},"62":{"start":{"line":597,"column":8},"end":{"line":597,"column":50}},"63":{"start":{"line":598,"column":8},"end":{"line":598,"column":20579}},"64":{"start":{"line":601,"column":8},"end":{"line":601,"column":21}},"65":{"start":{"line":611,"column":8},"end":{"line":611,"column":21023}},"66":{"start":{"line":612,"column":12},"end":{"line":612,"column":20}},"67":{"start":{"line":625,"column":8},"end":{"line":625,"column":44}},"68":{"start":{"line":639,"column":12},"end":{"line":639,"column":42}},"69":{"start":{"line":648,"column":12},"end":{"line":648,"column":36}},"70":{"start":{"line":649,"column":12},"end":{"line":649,"column":87}},"71":{"start":{"line":658,"column":8},"end":{"line":658,"column":26}},"72":{"start":{"line":660,"column":12},"end":{"line":660,"column":23240}},"73":{"start":{"line":664,"column":12},"end":{"line":664,"column":23356}},"74":{"start":{"line":668,"column":12},"end":{"line":668,"column":23469}},"75":{"start":{"line":672,"column":12},"end":{"line":672,"column":23582}},"76":{"start":{"line":676,"column":12},"end":{"line":676,"column":23695}},"77":{"start":{"line":680,"column":12},"end":{"line":680,"column":23805}},"78":{"start":{"line":684,"column":12},"end":{"line":684,"column":23915}},"79":{"start":{"line":688,"column":12},"end":{"line":688,"column":24025}},"80":{"start":{"line":692,"column":8},"end":{"line":692,"column":21}},"81":{"start":{"line":701,"column":12},"end":{"line":701,"column":40}},"82":{"start":{"line":702,"column":12},"end":{"line":702,"column":87}},"83":{"start":{"line":711,"column":8},"end":{"line":711,"column":26}},"84":{"start":{"line":713,"column":12},"end":{"line":713,"column":24809}},"85":{"start":{"line":717,"column":12},"end":{"line":717,"column":24929}},"86":{"start":{"line":721,"column":12},"end":{"line":721,"column":25049}},"87":{"start":{"line":725,"column":12},"end":{"line":725,"column":25169}},"88":{"start":{"line":729,"column":12},"end":{"line":729,"column":25286}},"89":{"start":{"line":733,"column":12},"end":{"line":733,"column":25403}},"90":{"start":{"line":737,"column":12},"end":{"line":737,"column":25520}},"91":{"start":{"line":741,"column":8},"end":{"line":741,"column":21}},"92":{"start":{"line":750,"column":12},"end":{"line":750,"column":41}},"93":{"start":{"line":751,"column":12},"end":{"line":751,"column":88}},"94":{"start":{"line":762,"column":8},"end":{"line":762,"column":26}},"95":{"start":{"line":764,"column":12},"end":{"line":764,"column":26439}},"96":{"start":{"line":768,"column":12},"end":{"line":768,"column":26554}},"97":{"start":{"line":772,"column":12},"end":{"line":772,"column":26666}},"98":{"start":{"line":776,"column":12},"end":{"line":776,"column":26778}},"99":{"start":{"line":780,"column":12},"end":{"line":780,"column":26890}},"100":{"start":{"line":784,"column":8},"end":{"line":784,"column":21}},"101":{"start":{"line":793,"column":12},"end":{"line":793,"column":42}},"102":{"start":{"line":794,"column":12},"end":{"line":794,"column":94}},"103":{"start":{"line":802,"column":8},"end":{"line":802,"column":39}},"104":{"start":{"line":831,"column":12},"end":{"line":831,"column":50}},"105":{"start":{"line":832,"column":12},"end":{"line":832,"column":53}},"106":{"start":{"line":833,"column":12},"end":{"line":833,"column":23}},"107":{"start":{"line":838,"column":12},"end":{"line":838,"column":28634}},"108":{"start":{"line":845,"column":16},"end":{"line":845,"column":37}},"109":{"start":{"line":847,"column":12},"end":{"line":847,"column":25}},"110":{"start":{"line":855,"column":8},"end":{"line":855,"column":83}},"111":{"start":{"line":863,"column":12},"end":{"line":863,"column":61}},"112":{"start":{"line":871,"column":8},"end":{"line":871,"column":34}},"113":{"start":{"line":872,"column":8},"end":{"line":872,"column":55}},"114":{"start":{"line":875,"column":8},"end":{"line":875,"column":29905}},"115":{"start":{"line":879,"column":8},"end":{"line":879,"column":30058}},"116":{"start":{"line":882,"column":8},"end":{"line":882,"column":29}},"117":{"start":{"line":890,"column":8},"end":{"line":890,"column":66}},"118":{"start":{"line":897,"column":8},"end":{"line":897,"column":95}},"119":{"start":{"line":950,"column":8},"end":{"line":950,"column":33165}},"120":{"start":{"line":964,"column":8},"end":{"line":964,"column":71}},"121":{"start":{"line":1068,"column":8},"end":{"line":1068,"column":38437}},"122":{"start":{"line":1069,"column":12},"end":{"line":1069,"column":41}},"123":{"start":{"line":1071,"column":12},"end":{"line":1071,"column":42}},"124":{"start":{"line":1076,"column":8},"end":{"line":1076,"column":106}},"125":{"start":{"line":1095,"column":8},"end":{"line":1095,"column":81}},"126":{"start":{"line":1115,"column":8},"end":{"line":1115,"column":40050}},"127":{"start":{"line":1134,"column":8},"end":{"line":1134,"column":56}},"128":{"start":{"line":1145,"column":8},"end":{"line":1145,"column":62}},"129":{"start":{"line":1206,"column":8},"end":{"line":1206,"column":43529}},"130":{"start":{"line":1207,"column":12},"end":{"line":1207,"column":21}},"131":{"start":{"line":1208,"column":12},"end":{"line":1208,"column":21}},"132":{"start":{"line":1209,"column":12},"end":{"line":1209,"column":19}},"133":{"start":{"line":1218,"column":12},"end":{"line":1218,"column":44}},"134":{"start":{"line":1220,"column":12},"end":{"line":1220,"column":95}},"135":{"start":{"line":1239,"column":8},"end":{"line":1239,"column":95}},"136":{"start":{"line":1240,"column":8},"end":{"line":1240,"column":35}},"137":{"start":{"line":1241,"column":8},"end":{"line":1241,"column":24}},"138":{"start":{"line":1251,"column":12},"end":{"line":1251,"column":104}},"139":{"start":{"line":1253,"column":12},"end":{"line":1253,"column":54}},"140":{"start":{"line":1254,"column":12},"end":{"line":1254,"column":44}},"141":{"start":{"line":1262,"column":8},"end":{"line":1262,"column":91}},"142":{"start":{"line":1263,"column":8},"end":{"line":1263,"column":35}},"143":{"start":{"line":1264,"column":8},"end":{"line":1264,"column":24}},"144":{"start":{"line":1286,"column":8},"end":{"line":1286,"column":47536}},"145":{"start":{"line":1287,"column":12},"end":{"line":1287,"column":66}},"146":{"start":{"line":1291,"column":8},"end":{"line":1291,"column":49}},"147":{"start":{"line":1292,"column":8},"end":{"line":1292,"column":47851}},"148":{"start":{"line":1293,"column":12},"end":{"line":1293,"column":74}},"149":{"start":{"line":1296,"column":8},"end":{"line":1296,"column":57}},"150":{"start":{"line":1304,"column":8},"end":{"line":1304,"column":93}},"151":{"start":{"line":1305,"column":8},"end":{"line":1305,"column":35}},"152":{"start":{"line":1306,"column":8},"end":{"line":1306,"column":24}},"153":{"start":{"line":1313,"column":8},"end":{"line":1313,"column":48659}},"154":{"start":{"line":1314,"column":12},"end":{"line":1314,"column":18}},"155":{"start":{"line":1315,"column":15},"end":{"line":1315,"column":48757}},"156":{"start":{"line":1317,"column":15},"end":{"line":1317,"column":48864}},"157":{"start":{"line":1319,"column":15},"end":{"line":1319,"column":49000}},"158":{"start":{"line":1598,"column":8},"end":{"line":1598,"column":25}},"159":{"start":{"line":1602,"column":8},"end":{"line":1602,"column":23}},"160":{"start":{"line":1606,"column":8},"end":{"line":1606,"column":16}},"161":{"start":{"line":1648,"column":8},"end":{"line":1648,"column":61985}},"162":{"start":{"line":1651,"column":8},"end":{"line":1651,"column":39}},"163":{"start":{"line":1658,"column":8},"end":{"line":1658,"column":20}},"164":{"start":{"line":1666,"column":8},"end":{"line":1666,"column":21}},"165":{"start":{"line":1673,"column":8},"end":{"line":1673,"column":62592}},"166":{"start":{"line":1686,"column":8},"end":{"line":1686,"column":37}},"167":{"start":{"line":1694,"column":8},"end":{"line":1694,"column":63385}},"168":{"start":{"line":1697,"column":8},"end":{"line":1697,"column":35}},"169":{"start":{"line":1705,"column":8},"end":{"line":1705,"column":33}},"170":{"start":{"line":1707,"column":8},"end":{"line":1707,"column":53}},"171":{"start":{"line":1877,"column":8},"end":{"line":1877,"column":20}},"172":{"start":{"line":1885,"column":8},"end":{"line":1885,"column":22}},"173":{"start":{"line":1902,"column":8},"end":{"line":1902,"column":17}},"174":{"start":{"line":1909,"column":8},"end":{"line":1909,"column":27}},"175":{"start":{"line":1916,"column":8},"end":{"line":1916,"column":33}},"176":{"start":{"line":1928,"column":8},"end":{"line":1928,"column":36}},"177":{"start":{"line":1929,"column":8},"end":{"line":1929,"column":34}},"178":{"start":{"line":1930,"column":8},"end":{"line":1930,"column":19}},"179":{"start":{"line":1937,"column":8},"end":{"line":1937,"column":42}},"180":{"start":{"line":1951,"column":8},"end":{"line":1951,"column":36}},"181":{"start":{"line":1952,"column":8},"end":{"line":1952,"column":38}},"182":{"start":{"line":1953,"column":8},"end":{"line":1953,"column":19}},"183":{"start":{"line":1973,"column":8},"end":{"line":1973,"column":38}},"184":{"start":{"line":1974,"column":8},"end":{"line":1974,"column":44}},"185":{"start":{"line":1975,"column":8},"end":{"line":1975,"column":33}},"186":{"start":{"line":1976,"column":8},"end":{"line":1976,"column":19}},"187":{"start":{"line":1990,"column":8},"end":{"line":1990,"column":73130}},"188":{"start":{"line":1993,"column":8},"end":{"line":1993,"column":73228}},"189":{"start":{"line":1996,"column":8},"end":{"line":1996,"column":31}},"190":{"start":{"line":2007,"column":8},"end":{"line":2007,"column":73768}},"191":{"start":{"line":2011,"column":12},"end":{"line":2011,"column":49}},"192":{"start":{"line":2012,"column":12},"end":{"line":2012,"column":74020}},"193":{"start":{"line":2021,"column":8},"end":{"line":2021,"column":74332}},"194":{"start":{"line":2033,"column":8},"end":{"line":2033,"column":38}},"195":{"start":{"line":2045,"column":8},"end":{"line":2045,"column":75237}},"196":{"start":{"line":2048,"column":8},"end":{"line":2048,"column":42}},"197":{"start":{"line":2060,"column":8},"end":{"line":2060,"column":75778}},"198":{"start":{"line":2063,"column":8},"end":{"line":2063,"column":42}},"199":{"start":{"line":2082,"column":8},"end":{"line":2082,"column":44}},"200":{"start":{"line":2103,"column":8},"end":{"line":2103,"column":77565}},"201":{"start":{"line":2106,"column":8},"end":{"line":2106,"column":77666}},"202":{"start":{"line":2110,"column":8},"end":{"line":2110,"column":77814}},"203":{"start":{"line":2111,"column":12},"end":{"line":2111,"column":48}},"204":{"start":{"line":2124,"column":8},"end":{"line":2124,"column":60}},"205":{"start":{"line":2125,"column":8},"end":{"line":2125,"column":78354}},"206":{"start":{"line":2126,"column":12},"end":{"line":2126,"column":78416}},"207":{"start":{"line":2130,"column":16},"end":{"line":2130,"column":72}},"208":{"start":{"line":2188,"column":8},"end":{"line":2188,"column":80378}},"209":{"start":{"line":2192,"column":8},"end":{"line":2192,"column":118}},"210":{"start":{"line":2194,"column":8},"end":{"line":2194,"column":51}},"211":{"start":{"line":2196,"column":8},"end":{"line":2196,"column":53}},"212":{"start":{"line":2197,"column":8},"end":{"line":2197,"column":80724}},"213":{"start":{"line":2201,"column":8},"end":{"line":2201,"column":38}},"214":{"start":{"line":2208,"column":8},"end":{"line":2208,"column":34}},"215":{"start":{"line":2216,"column":8},"end":{"line":2216,"column":35}},"216":{"start":{"line":2491,"column":8},"end":{"line":2491,"column":119}},"217":{"start":{"line":2492,"column":8},"end":{"line":2492,"column":63}},"218":{"start":{"line":2498,"column":8},"end":{"line":2498,"column":69}},"219":{"start":{"line":2517,"column":8},"end":{"line":2517,"column":74}},"220":{"start":{"line":2532,"column":8},"end":{"line":2532,"column":48}},"221":{"start":{"line":2533,"column":8},"end":{"line":2533,"column":100}},"222":{"start":{"line":2548,"column":8},"end":{"line":2548,"column":142}},"223":{"start":{"line":2549,"column":8},"end":{"line":2549,"column":43}},"224":{"start":{"line":2550,"column":8},"end":{"line":2550,"column":30}},"225":{"start":{"line":2557,"column":8},"end":{"line":2557,"column":95586}},"226":{"start":{"line":2559,"column":12},"end":{"line":2559,"column":50}},"227":{"start":{"line":2561,"column":12},"end":{"line":2561,"column":141}},"228":{"start":{"line":2580,"column":8},"end":{"line":2580,"column":62}},"229":{"start":{"line":2581,"column":8},"end":{"line":2581,"column":55}},"230":{"start":{"line":2591,"column":8},"end":{"line":2591,"column":63}},"231":{"start":{"line":2593,"column":8},"end":{"line":2593,"column":74}},"232":{"start":{"line":2595,"column":8},"end":{"line":2595,"column":107}},"233":{"start":{"line":2596,"column":8},"end":{"line":2596,"column":98063}},"234":{"start":{"line":2599,"column":8},"end":{"line":2599,"column":21}},"235":{"start":{"line":2600,"column":8},"end":{"line":2600,"column":54}},"236":{"start":{"line":2606,"column":8},"end":{"line":2606,"column":43}},"237":{"start":{"line":2607,"column":8},"end":{"line":2607,"column":72}},"238":{"start":{"line":2608,"column":8},"end":{"line":2608,"column":94}},"239":{"start":{"line":2610,"column":8},"end":{"line":2610,"column":21}},"240":{"start":{"line":2611,"column":8},"end":{"line":2611,"column":29}},"241":{"start":{"line":2612,"column":8},"end":{"line":2612,"column":62}},"242":{"start":{"line":2618,"column":8},"end":{"line":2618,"column":48}},"243":{"start":{"line":2619,"column":8},"end":{"line":2619,"column":142}},"244":{"start":{"line":2620,"column":8},"end":{"line":2620,"column":30}},"245":{"start":{"line":2621,"column":8},"end":{"line":2621,"column":45}},"246":{"start":{"line":2624,"column":8},"end":{"line":2624,"column":99577}},"247":{"start":{"line":2625,"column":12},"end":{"line":2625,"column":71}},"248":{"start":{"line":2629,"column":12},"end":{"line":2629,"column":127}},"249":{"start":{"line":2632,"column":8},"end":{"line":2632,"column":56}},"250":{"start":{"line":2637,"column":8},"end":{"line":2637,"column":116}},"251":{"start":{"line":2638,"column":8},"end":{"line":2638,"column":105}},"252":{"start":{"line":2640,"column":8},"end":{"line":2640,"column":65}},"253":{"start":{"line":2645,"column":8},"end":{"line":2645,"column":66}},"254":{"start":{"line":2649,"column":8},"end":{"line":2649,"column":62}},"255":{"start":{"line":2654,"column":8},"end":{"line":2654,"column":62}},"256":{"start":{"line":2658,"column":8},"end":{"line":2658,"column":58}},"257":{"start":{"line":2663,"column":8},"end":{"line":2663,"column":76}},"258":{"start":{"line":2665,"column":8},"end":{"line":2665,"column":38}},"259":{"start":{"line":2670,"column":8},"end":{"line":2670,"column":75}},"260":{"start":{"line":2671,"column":8},"end":{"line":2671,"column":83}},"261":{"start":{"line":2673,"column":8},"end":{"line":2673,"column":36}},"262":{"start":{"line":2678,"column":8},"end":{"line":2678,"column":66}},"263":{"start":{"line":2681,"column":8},"end":{"line":2681,"column":41}},"264":{"start":{"line":2696,"column":8},"end":{"line":2696,"column":71}},"265":{"start":{"line":2697,"column":8},"end":{"line":2697,"column":61}},"266":{"start":{"line":2702,"column":8},"end":{"line":2702,"column":59}},"267":{"start":{"line":2704,"column":8},"end":{"line":2704,"column":59}},"268":{"start":{"line":2718,"column":8},"end":{"line":2718,"column":104000}},"269":{"start":{"line":2719,"column":12},"end":{"line":2719,"column":39}},"270":{"start":{"line":2720,"column":12},"end":{"line":2720,"column":18}},"271":{"start":{"line":2723,"column":8},"end":{"line":2723,"column":104106}},"272":{"start":{"line":2726,"column":12},"end":{"line":2726,"column":45}},"273":{"start":{"line":2727,"column":12},"end":{"line":2727,"column":18}},"274":{"start":{"line":2730,"column":8},"end":{"line":2730,"column":104324}},"275":{"start":{"line":2731,"column":12},"end":{"line":2731,"column":113}},"276":{"start":{"line":2734,"column":8},"end":{"line":2734,"column":40}},"277":{"start":{"line":2735,"column":8},"end":{"line":2735,"column":28}},"278":{"start":{"line":2737,"column":8},"end":{"line":2737,"column":104664}},"279":{"start":{"line":2741,"column":8},"end":{"line":2741,"column":104849}},"280":{"start":{"line":2742,"column":12},"end":{"line":2742,"column":57}},"281":{"start":{"line":2744,"column":12},"end":{"line":2744,"column":53}},"282":{"start":{"line":2747,"column":8},"end":{"line":2747,"column":105228}},"283":{"start":{"line":2748,"column":12},"end":{"line":2748,"column":43}},"284":{"start":{"line":2749,"column":12},"end":{"line":2749,"column":105395}},"285":{"start":{"line":2750,"column":16},"end":{"line":2750,"column":28}},"286":{"start":{"line":2754,"column":8},"end":{"line":2754,"column":41}},"287":{"start":{"line":2762,"column":8},"end":{"line":2762,"column":46}},"288":{"start":{"line":2764,"column":8},"end":{"line":2764,"column":105907}},"289":{"start":{"line":2765,"column":12},"end":{"line":2765,"column":18}},"290":{"start":{"line":2768,"column":8},"end":{"line":2768,"column":106016}},"291":{"start":{"line":2769,"column":12},"end":{"line":2769,"column":90}},"292":{"start":{"line":2771,"column":12},"end":{"line":2771,"column":126}},"293":{"start":{"line":2777,"column":8},"end":{"line":2777,"column":50}},"294":{"start":{"line":2778,"column":8},"end":{"line":2778,"column":83}},"295":{"start":{"line":2780,"column":8},"end":{"line":2780,"column":106814}},"296":{"start":{"line":2781,"column":12},"end":{"line":2781,"column":18}},"297":{"start":{"line":2784,"column":8},"end":{"line":2784,"column":59}},"298":{"start":{"line":2785,"column":8},"end":{"line":2785,"column":58}},"299":{"start":{"line":2786,"column":8},"end":{"line":2786,"column":76}},"300":{"start":{"line":2787,"column":8},"end":{"line":2787,"column":43}},"301":{"start":{"line":2788,"column":8},"end":{"line":2788,"column":77}},"302":{"start":{"line":2790,"column":8},"end":{"line":2790,"column":107476}},"303":{"start":{"line":2791,"column":12},"end":{"line":2791,"column":93}},"304":{"start":{"line":2792,"column":12},"end":{"line":2792,"column":58}},"305":{"start":{"line":2793,"column":12},"end":{"line":2793,"column":62}},"306":{"start":{"line":2795,"column":12},"end":{"line":2795,"column":71}},"307":{"start":{"line":2798,"column":8},"end":{"line":2798,"column":108111}},"308":{"start":{"line":2799,"column":12},"end":{"line":2799,"column":60}},"309":{"start":{"line":2800,"column":12},"end":{"line":2800,"column":53}},"310":{"start":{"line":2802,"column":12},"end":{"line":2802,"column":108410}},"311":{"start":{"line":2803,"column":16},"end":{"line":2803,"column":95}},"312":{"start":{"line":2804,"column":16},"end":{"line":2804,"column":43}},"313":{"start":{"line":2805,"column":16},"end":{"line":2805,"column":111}},"314":{"start":{"line":2806,"column":16},"end":{"line":2806,"column":80}},"315":{"start":{"line":2807,"column":16},"end":{"line":2807,"column":86}},"316":{"start":{"line":2814,"column":8},"end":{"line":2814,"column":48}},"317":{"start":{"line":2818,"column":8},"end":{"line":2818,"column":109167}},"318":{"start":{"line":2827,"column":12},"end":{"line":2827,"column":53}},"319":{"start":{"line":2833,"column":8},"end":{"line":2833,"column":48}},"320":{"start":{"line":2837,"column":8},"end":{"line":2837,"column":109864}},"321":{"start":{"line":2846,"column":12},"end":{"line":2846,"column":49}},"322":{"start":{"line":2852,"column":8},"end":{"line":2852,"column":110458}},"323":{"start":{"line":2862,"column":12},"end":{"line":2862,"column":54}},"324":{"start":{"line":2868,"column":8},"end":{"line":2868,"column":70}},"325":{"start":{"line":2871,"column":8},"end":{"line":2871,"column":111254}},"326":{"start":{"line":2883,"column":12},"end":{"line":2883,"column":50}},"327":{"start":{"line":2889,"column":8},"end":{"line":2889,"column":48}},"328":{"start":{"line":2890,"column":8},"end":{"line":2890,"column":30}},"329":{"start":{"line":2891,"column":8},"end":{"line":2891,"column":111861}},"330":{"start":{"line":2893,"column":12},"end":{"line":2893,"column":108}},"331":{"start":{"line":2902,"column":8},"end":{"line":2902,"column":112296}},"332":{"start":{"line":2903,"column":12},"end":{"line":2903,"column":129}},"333":{"start":{"line":2908,"column":8},"end":{"line":2908,"column":70}},"334":{"start":{"line":2909,"column":8},"end":{"line":2909,"column":65}},"335":{"start":{"line":2910,"column":8},"end":{"line":2910,"column":29}},"336":{"start":{"line":2911,"column":8},"end":{"line":2911,"column":113024}},"337":{"start":{"line":2917,"column":8},"end":{"line":2917,"column":59}},"338":{"start":{"line":2919,"column":8},"end":{"line":2919,"column":113339}},"339":{"start":{"line":2920,"column":12},"end":{"line":2920,"column":113385}},"340":{"start":{"line":2921,"column":16},"end":{"line":2921,"column":73}},"341":{"start":{"line":2922,"column":16},"end":{"line":2922,"column":22}},"342":{"start":{"line":2928,"column":12},"end":{"line":2928,"column":78}},"343":{"start":{"line":2929,"column":12},"end":{"line":2929,"column":80}},"344":{"start":{"line":2930,"column":12},"end":{"line":2930,"column":71}},"345":{"start":{"line":2931,"column":12},"end":{"line":2931,"column":79}},"346":{"start":{"line":2933,"column":12},"end":{"line":2933,"column":72}},"347":{"start":{"line":2934,"column":12},"end":{"line":2934,"column":140}},"348":{"start":{"line":2937,"column":12},"end":{"line":2937,"column":114598}},"349":{"start":{"line":2938,"column":16},"end":{"line":2938,"column":77}},"350":{"start":{"line":2941,"column":12},"end":{"line":2941,"column":114766}},"351":{"start":{"line":2942,"column":16},"end":{"line":2942,"column":69}},"352":{"start":{"line":2945,"column":12},"end":{"line":2945,"column":55}},"353":{"start":{"line":2947,"column":12},"end":{"line":2947,"column":64}},"354":{"start":{"line":2948,"column":12},"end":{"line":2948,"column":86}},"355":{"start":{"line":2950,"column":12},"end":{"line":2950,"column":115302}},"356":{"start":{"line":2951,"column":15},"end":{"line":2951,"column":121}},"357":{"start":{"line":2954,"column":12},"end":{"line":2954,"column":115472}},"358":{"start":{"line":2955,"column":15},"end":{"line":2955,"column":80}},"359":{"start":{"line":2962,"column":8},"end":{"line":2962,"column":118}},"360":{"start":{"line":2963,"column":8},"end":{"line":2963,"column":90}},"361":{"start":{"line":2964,"column":8},"end":{"line":2964,"column":89}},"362":{"start":{"line":2965,"column":8},"end":{"line":2965,"column":86}},"363":{"start":{"line":2967,"column":8},"end":{"line":2967,"column":45}},"364":{"start":{"line":2968,"column":8},"end":{"line":2968,"column":81}},"365":{"start":{"line":2969,"column":8},"end":{"line":2969,"column":71}},"366":{"start":{"line":2970,"column":8},"end":{"line":2970,"column":64}},"367":{"start":{"line":2976,"column":8},"end":{"line":2976,"column":103}},"368":{"start":{"line":2977,"column":8},"end":{"line":2977,"column":91}},"369":{"start":{"line":2978,"column":8},"end":{"line":2978,"column":80}},"370":{"start":{"line":2979,"column":8},"end":{"line":2979,"column":90}},"371":{"start":{"line":2981,"column":8},"end":{"line":2981,"column":45}},"372":{"start":{"line":2982,"column":8},"end":{"line":2982,"column":71}},"373":{"start":{"line":2983,"column":8},"end":{"line":2983,"column":53}},"374":{"start":{"line":2989,"column":8},"end":{"line":2989,"column":48}},"375":{"start":{"line":2990,"column":8},"end":{"line":2990,"column":30}},"376":{"start":{"line":2992,"column":8},"end":{"line":2992,"column":117704}},"377":{"start":{"line":2994,"column":12},"end":{"line":2994,"column":117879}},"378":{"start":{"line":3002,"column":8},"end":{"line":3002,"column":118123}},"379":{"start":{"line":3003,"column":12},"end":{"line":3003,"column":47}},"380":{"start":{"line":3005,"column":12},"end":{"line":3005,"column":24}},"381":{"start":{"line":3011,"column":8},"end":{"line":3011,"column":107}},"382":{"start":{"line":3016,"column":8},"end":{"line":3016,"column":118686}},"383":{"start":{"line":3017,"column":12},"end":{"line":3017,"column":20}},"384":{"start":{"line":3020,"column":8},"end":{"line":3020,"column":63}},"385":{"start":{"line":3021,"column":8},"end":{"line":3021,"column":68}},"386":{"start":{"line":3023,"column":8},"end":{"line":3023,"column":118976}},"387":{"start":{"line":3027,"column":8},"end":{"line":3027,"column":21}},"388":{"start":{"line":3036,"column":8},"end":{"line":3036,"column":67}},"389":{"start":{"line":3038,"column":8},"end":{"line":3038,"column":62}},"390":{"start":{"line":3043,"column":8},"end":{"line":3043,"column":40}},"391":{"start":{"line":3044,"column":8},"end":{"line":3044,"column":103}},"392":{"start":{"line":3045,"column":8},"end":{"line":3045,"column":36}},"393":{"start":{"line":3046,"column":8},"end":{"line":3046,"column":72}},"394":{"start":{"line":3047,"column":8},"end":{"line":3047,"column":119756}},"395":{"start":{"line":3048,"column":12},"end":{"line":3048,"column":134}},"396":{"start":{"line":3052,"column":8},"end":{"line":3052,"column":66}},"397":{"start":{"line":3057,"column":8},"end":{"line":3057,"column":84}},"398":{"start":{"line":3058,"column":8},"end":{"line":3058,"column":100}},"399":{"start":{"line":3059,"column":8},"end":{"line":3059,"column":21}},"400":{"start":{"line":3061,"column":8},"end":{"line":3061,"column":62}},"401":{"start":{"line":3066,"column":8},"end":{"line":3066,"column":70}},"402":{"start":{"line":3067,"column":8},"end":{"line":3067,"column":39}},"403":{"start":{"line":3068,"column":8},"end":{"line":3068,"column":61}},"404":{"start":{"line":3069,"column":8},"end":{"line":3069,"column":83}},"405":{"start":{"line":3070,"column":8},"end":{"line":3070,"column":121042}},"406":{"start":{"line":3073,"column":8},"end":{"line":3073,"column":70}},"407":{"start":{"line":3086,"column":8},"end":{"line":3086,"column":65}},"408":{"start":{"line":3087,"column":8},"end":{"line":3087,"column":28}},"409":{"start":{"line":3088,"column":8},"end":{"line":3088,"column":39}},"410":{"start":{"line":3092,"column":8},"end":{"line":3092,"column":32}},"411":{"start":{"line":3093,"column":8},"end":{"line":3093,"column":89}},"412":{"start":{"line":3094,"column":8},"end":{"line":3094,"column":60}},"413":{"start":{"line":3095,"column":8},"end":{"line":3095,"column":51}},"414":{"start":{"line":3099,"column":8},"end":{"line":3099,"column":32}},"415":{"start":{"line":3100,"column":8},"end":{"line":3100,"column":70}},"416":{"start":{"line":3102,"column":8},"end":{"line":3102,"column":60}},"417":{"start":{"line":3103,"column":8},"end":{"line":3103,"column":51}},"418":{"start":{"line":3107,"column":8},"end":{"line":3107,"column":32}},"419":{"start":{"line":3108,"column":8},"end":{"line":3108,"column":56}},"420":{"start":{"line":3109,"column":8},"end":{"line":3109,"column":56}},"421":{"start":{"line":3113,"column":8},"end":{"line":3113,"column":32}},"422":{"start":{"line":3114,"column":8},"end":{"line":3114,"column":73}},"423":{"start":{"line":3115,"column":8},"end":{"line":3115,"column":50}},"424":{"start":{"line":3119,"column":8},"end":{"line":3119,"column":32}},"425":{"start":{"line":3120,"column":8},"end":{"line":3120,"column":77}},"426":{"start":{"line":3121,"column":8},"end":{"line":3121,"column":50}},"427":{"start":{"line":3125,"column":8},"end":{"line":3125,"column":32}},"428":{"start":{"line":3126,"column":8},"end":{"line":3126,"column":70}},"429":{"start":{"line":3127,"column":8},"end":{"line":3127,"column":50}},"430":{"start":{"line":3131,"column":8},"end":{"line":3131,"column":32}},"431":{"start":{"line":3132,"column":8},"end":{"line":3132,"column":74}},"432":{"start":{"line":3133,"column":8},"end":{"line":3133,"column":50}},"433":{"start":{"line":3137,"column":8},"end":{"line":3137,"column":96}},"434":{"start":{"line":3138,"column":8},"end":{"line":3138,"column":76}}},"branchMap":{"1":{"line":47,"type":"if","locations":[{"start":{"line":47,"column":8},"end":{"line":47,"column":8}},{"start":{"line":47,"column":8},"end":{"line":47,"column":8}}]},"2":{"line":273,"type":"if","locations":[{"start":{"line":273,"column":8},"end":{"line":273,"column":8}},{"start":{"line":273,"column":8},"end":{"line":273,"column":8}}]},"3":{"line":299,"type":"if","locations":[{"start":{"line":299,"column":8},"end":{"line":299,"column":8}},{"start":{"line":299,"column":8},"end":{"line":299,"column":8}}]},"4":{"line":309,"type":"if","locations":[{"start":{"line":309,"column":8},"end":{"line":309,"column":8}},{"start":{"line":309,"column":8},"end":{"line":309,"column":8}}]},"5":{"line":321,"type":"if","locations":[{"start":{"line":321,"column":8},"end":{"line":321,"column":8}},{"start":{"line":321,"column":8},"end":{"line":321,"column":8}}]},"6":{"line":336,"type":"if","locations":[{"start":{"line":336,"column":8},"end":{"line":336,"column":8}},{"start":{"line":336,"column":8},"end":{"line":336,"column":8}}]},"7":{"line":358,"type":"if","locations":[{"start":{"line":358,"column":23},"end":{"line":358,"column":23}},{"start":{"line":358,"column":27},"end":{"line":358,"column":27}}]},"8":{"line":365,"type":"if","locations":[{"start":{"line":365,"column":23},"end":{"line":365,"column":23}},{"start":{"line":365,"column":27},"end":{"line":365,"column":27}}]},"9":{"line":417,"type":"if","locations":[{"start":{"line":417,"column":12},"end":{"line":417,"column":12}},{"start":{"line":417,"column":12},"end":{"line":417,"column":12}}]},"10":{"line":427,"type":"if","locations":[{"start":{"line":427,"column":12},"end":{"line":427,"column":12}},{"start":{"line":427,"column":12},"end":{"line":427,"column":12}}]},"11":{"line":440,"type":"if","locations":[{"start":{"line":440,"column":12},"end":{"line":440,"column":12}},{"start":{"line":440,"column":12},"end":{"line":440,"column":12}}]},"12":{"line":442,"type":"if","locations":[{"start":{"line":442,"column":12},"end":{"line":442,"column":12}},{"start":{"line":442,"column":12},"end":{"line":442,"column":12}}]},"13":{"line":452,"type":"if","locations":[{"start":{"line":452,"column":12},"end":{"line":452,"column":12}},{"start":{"line":452,"column":12},"end":{"line":452,"column":12}}]},"14":{"line":462,"type":"if","locations":[{"start":{"line":462,"column":12},"end":{"line":462,"column":12}},{"start":{"line":462,"column":12},"end":{"line":462,"column":12}}]},"15":{"line":471,"type":"if","locations":[{"start":{"line":471,"column":23},"end":{"line":471,"column":23}},{"start":{"line":471,"column":27},"end":{"line":471,"column":27}}]},"16":{"line":478,"type":"if","locations":[{"start":{"line":478,"column":23},"end":{"line":478,"column":23}},{"start":{"line":478,"column":27},"end":{"line":478,"column":27}}]},"17":{"line":497,"type":"if","locations":[{"start":{"line":497,"column":8},"end":{"line":497,"column":8}},{"start":{"line":497,"column":8},"end":{"line":497,"column":8}}]},"18":{"line":503,"type":"if","locations":[{"start":{"line":503,"column":24},"end":{"line":503,"column":24}},{"start":{"line":503,"column":28},"end":{"line":503,"column":42}}]},"19":{"line":525,"type":"if","locations":[{"start":{"line":525,"column":12},"end":{"line":525,"column":12}},{"start":{"line":525,"column":12},"end":{"line":525,"column":12}}]},"20":{"line":533,"type":"if","locations":[{"start":{"line":533,"column":12},"end":{"line":533,"column":12}},{"start":{"line":533,"column":12},"end":{"line":533,"column":12}}]},"21":{"line":598,"type":"if","locations":[{"start":{"line":598,"column":8},"end":{"line":598,"column":8}},{"start":{"line":598,"column":8},"end":{"line":598,"column":8}}]},"22":{"line":611,"type":"if","locations":[{"start":{"line":611,"column":8},"end":{"line":611,"column":8}},{"start":{"line":611,"column":8},"end":{"line":611,"column":8}}]},"23":{"line":649,"type":"if","locations":[{"start":{"line":649,"column":81},"end":{"line":649,"column":81}},{"start":{"line":649,"column":85},"end":{"line":649,"column":85}}]},"24":{"line":660,"type":"if","locations":[{"start":{"line":660,"column":12},"end":{"line":660,"column":12}},{"start":{"line":660,"column":12},"end":{"line":660,"column":12}}]},"25":{"line":664,"type":"if","locations":[{"start":{"line":664,"column":12},"end":{"line":664,"column":12}},{"start":{"line":664,"column":12},"end":{"line":664,"column":12}}]},"26":{"line":668,"type":"if","locations":[{"start":{"line":668,"column":12},"end":{"line":668,"column":12}},{"start":{"line":668,"column":12},"end":{"line":668,"column":12}}]},"27":{"line":672,"type":"if","locations":[{"start":{"line":672,"column":12},"end":{"line":672,"column":12}},{"start":{"line":672,"column":12},"end":{"line":672,"column":12}}]},"28":{"line":676,"type":"if","locations":[{"start":{"line":676,"column":12},"end":{"line":676,"column":12}},{"start":{"line":676,"column":12},"end":{"line":676,"column":12}}]},"29":{"line":680,"type":"if","locations":[{"start":{"line":680,"column":12},"end":{"line":680,"column":12}},{"start":{"line":680,"column":12},"end":{"line":680,"column":12}}]},"30":{"line":684,"type":"if","locations":[{"start":{"line":684,"column":12},"end":{"line":684,"column":12}},{"start":{"line":684,"column":12},"end":{"line":684,"column":12}}]},"31":{"line":688,"type":"if","locations":[{"start":{"line":688,"column":12},"end":{"line":688,"column":12}},{"start":{"line":688,"column":12},"end":{"line":688,"column":12}}]},"32":{"line":702,"type":"if","locations":[{"start":{"line":702,"column":81},"end":{"line":702,"column":81}},{"start":{"line":702,"column":85},"end":{"line":702,"column":85}}]},"33":{"line":713,"type":"if","locations":[{"start":{"line":713,"column":12},"end":{"line":713,"column":12}},{"start":{"line":713,"column":12},"end":{"line":713,"column":12}}]},"34":{"line":717,"type":"if","locations":[{"start":{"line":717,"column":12},"end":{"line":717,"column":12}},{"start":{"line":717,"column":12},"end":{"line":717,"column":12}}]},"35":{"line":721,"type":"if","locations":[{"start":{"line":721,"column":12},"end":{"line":721,"column":12}},{"start":{"line":721,"column":12},"end":{"line":721,"column":12}}]},"36":{"line":725,"type":"if","locations":[{"start":{"line":725,"column":12},"end":{"line":725,"column":12}},{"start":{"line":725,"column":12},"end":{"line":725,"column":12}}]},"37":{"line":729,"type":"if","locations":[{"start":{"line":729,"column":12},"end":{"line":729,"column":12}},{"start":{"line":729,"column":12},"end":{"line":729,"column":12}}]},"38":{"line":733,"type":"if","locations":[{"start":{"line":733,"column":12},"end":{"line":733,"column":12}},{"start":{"line":733,"column":12},"end":{"line":733,"column":12}}]},"39":{"line":737,"type":"if","locations":[{"start":{"line":737,"column":12},"end":{"line":737,"column":12}},{"start":{"line":737,"column":12},"end":{"line":737,"column":12}}]},"40":{"line":751,"type":"if","locations":[{"start":{"line":751,"column":82},"end":{"line":751,"column":82}},{"start":{"line":751,"column":86},"end":{"line":751,"column":86}}]},"41":{"line":764,"type":"if","locations":[{"start":{"line":764,"column":12},"end":{"line":764,"column":12}},{"start":{"line":764,"column":12},"end":{"line":764,"column":12}}]},"42":{"line":768,"type":"if","locations":[{"start":{"line":768,"column":12},"end":{"line":768,"column":12}},{"start":{"line":768,"column":12},"end":{"line":768,"column":12}}]},"43":{"line":772,"type":"if","locations":[{"start":{"line":772,"column":12},"end":{"line":772,"column":12}},{"start":{"line":772,"column":12},"end":{"line":772,"column":12}}]},"44":{"line":776,"type":"if","locations":[{"start":{"line":776,"column":12},"end":{"line":776,"column":12}},{"start":{"line":776,"column":12},"end":{"line":776,"column":12}}]},"45":{"line":780,"type":"if","locations":[{"start":{"line":780,"column":12},"end":{"line":780,"column":12}},{"start":{"line":780,"column":12},"end":{"line":780,"column":12}}]},"46":{"line":794,"type":"if","locations":[{"start":{"line":794,"column":88},"end":{"line":794,"column":88}},{"start":{"line":794,"column":92},"end":{"line":794,"column":92}}]},"47":{"line":845,"type":"if","locations":[{"start":{"line":845,"column":16},"end":{"line":845,"column":16}},{"start":{"line":845,"column":16},"end":{"line":845,"column":16}}]},"48":{"line":879,"type":"if","locations":[{"start":{"line":879,"column":8},"end":{"line":879,"column":8}},{"start":{"line":879,"column":8},"end":{"line":879,"column":8}}]},"49":{"line":1068,"type":"if","locations":[{"start":{"line":1068,"column":8},"end":{"line":1068,"column":8}},{"start":{"line":1068,"column":8},"end":{"line":1068,"column":8}}]},"50":{"line":1206,"type":"if","locations":[{"start":{"line":1206,"column":8},"end":{"line":1206,"column":8}},{"start":{"line":1206,"column":8},"end":{"line":1206,"column":8}}]},"51":{"line":1286,"type":"if","locations":[{"start":{"line":1286,"column":8},"end":{"line":1286,"column":8}},{"start":{"line":1286,"column":8},"end":{"line":1286,"column":8}}]},"52":{"line":1292,"type":"if","locations":[{"start":{"line":1292,"column":8},"end":{"line":1292,"column":8}},{"start":{"line":1292,"column":8},"end":{"line":1292,"column":8}}]},"53":{"line":1313,"type":"if","locations":[{"start":{"line":1313,"column":8},"end":{"line":1313,"column":8}},{"start":{"line":1313,"column":8},"end":{"line":1313,"column":8}}]},"54":{"line":1315,"type":"if","locations":[{"start":{"line":1315,"column":15},"end":{"line":1315,"column":15}},{"start":{"line":1315,"column":15},"end":{"line":1315,"column":15}}]},"55":{"line":1317,"type":"if","locations":[{"start":{"line":1317,"column":15},"end":{"line":1317,"column":15}},{"start":{"line":1317,"column":15},"end":{"line":1317,"column":15}}]},"56":{"line":1319,"type":"if","locations":[{"start":{"line":1319,"column":15},"end":{"line":1319,"column":15}},{"start":{"line":1319,"column":15},"end":{"line":1319,"column":15}}]},"57":{"line":1648,"type":"if","locations":[{"start":{"line":1648,"column":8},"end":{"line":1648,"column":8}},{"start":{"line":1648,"column":8},"end":{"line":1648,"column":8}}]},"58":{"line":1673,"type":"if","locations":[{"start":{"line":1673,"column":8},"end":{"line":1673,"column":8}},{"start":{"line":1673,"column":8},"end":{"line":1673,"column":8}}]},"59":{"line":1685,"type":"if","locations":[{"start":{"line":1685,"column":48},"end":{"line":1685,"column":48}},{"start":{"line":1685,"column":48},"end":{"line":1685,"column":48}}]},"60":{"line":1693,"type":"if","locations":[{"start":{"line":1693,"column":64},"end":{"line":1693,"column":64}},{"start":{"line":1693,"column":64},"end":{"line":1693,"column":64}}]},"61":{"line":1694,"type":"if","locations":[{"start":{"line":1694,"column":8},"end":{"line":1694,"column":8}},{"start":{"line":1694,"column":8},"end":{"line":1694,"column":8}}]},"62":{"line":1990,"type":"if","locations":[{"start":{"line":1990,"column":8},"end":{"line":1990,"column":8}},{"start":{"line":1990,"column":8},"end":{"line":1990,"column":8}}]},"63":{"line":1993,"type":"if","locations":[{"start":{"line":1993,"column":8},"end":{"line":1993,"column":8}},{"start":{"line":1993,"column":8},"end":{"line":1993,"column":8}}]},"64":{"line":2007,"type":"if","locations":[{"start":{"line":2007,"column":8},"end":{"line":2007,"column":8}},{"start":{"line":2007,"column":8},"end":{"line":2007,"column":8}}]},"65":{"line":2012,"type":"if","locations":[{"start":{"line":2012,"column":12},"end":{"line":2012,"column":12}},{"start":{"line":2012,"column":12},"end":{"line":2012,"column":12}}]},"66":{"line":2021,"type":"if","locations":[{"start":{"line":2021,"column":8},"end":{"line":2021,"column":8}},{"start":{"line":2021,"column":8},"end":{"line":2021,"column":8}}]},"67":{"line":2045,"type":"if","locations":[{"start":{"line":2045,"column":8},"end":{"line":2045,"column":8}},{"start":{"line":2045,"column":8},"end":{"line":2045,"column":8}}]},"68":{"line":2060,"type":"if","locations":[{"start":{"line":2060,"column":8},"end":{"line":2060,"column":8}},{"start":{"line":2060,"column":8},"end":{"line":2060,"column":8}}]},"69":{"line":2103,"type":"if","locations":[{"start":{"line":2103,"column":8},"end":{"line":2103,"column":8}},{"start":{"line":2103,"column":8},"end":{"line":2103,"column":8}}]},"70":{"line":2106,"type":"if","locations":[{"start":{"line":2106,"column":8},"end":{"line":2106,"column":8}},{"start":{"line":2106,"column":8},"end":{"line":2106,"column":8}}]},"71":{"line":2110,"type":"if","locations":[{"start":{"line":2110,"column":8},"end":{"line":2110,"column":8}},{"start":{"line":2110,"column":8},"end":{"line":2110,"column":8}}]},"72":{"line":2125,"type":"if","locations":[{"start":{"line":2125,"column":8},"end":{"line":2125,"column":8}},{"start":{"line":2125,"column":8},"end":{"line":2125,"column":8}}]},"73":{"line":2126,"type":"if","locations":[{"start":{"line":2126,"column":12},"end":{"line":2126,"column":12}},{"start":{"line":2126,"column":12},"end":{"line":2126,"column":12}}]},"74":{"line":2188,"type":"if","locations":[{"start":{"line":2188,"column":8},"end":{"line":2188,"column":8}},{"start":{"line":2188,"column":8},"end":{"line":2188,"column":8}}]},"75":{"line":2197,"type":"if","locations":[{"start":{"line":2197,"column":8},"end":{"line":2197,"column":8}},{"start":{"line":2197,"column":8},"end":{"line":2197,"column":8}}]},"76":{"line":2491,"type":"if","locations":[{"start":{"line":2491,"column":8},"end":{"line":2491,"column":8}},{"start":{"line":2491,"column":8},"end":{"line":2491,"column":8}}]},"77":{"line":2492,"type":"if","locations":[{"start":{"line":2492,"column":8},"end":{"line":2492,"column":8}},{"start":{"line":2492,"column":8},"end":{"line":2492,"column":8}}]},"78":{"line":2498,"type":"if","locations":[{"start":{"line":2498,"column":8},"end":{"line":2498,"column":8}},{"start":{"line":2498,"column":8},"end":{"line":2498,"column":8}}]},"79":{"line":2517,"type":"if","locations":[{"start":{"line":2517,"column":8},"end":{"line":2517,"column":8}},{"start":{"line":2517,"column":8},"end":{"line":2517,"column":8}}]},"80":{"line":2533,"type":"if","locations":[{"start":{"line":2533,"column":8},"end":{"line":2533,"column":8}},{"start":{"line":2533,"column":8},"end":{"line":2533,"column":8}}]},"81":{"line":2548,"type":"if","locations":[{"start":{"line":2548,"column":8},"end":{"line":2548,"column":8}},{"start":{"line":2548,"column":8},"end":{"line":2548,"column":8}}]},"82":{"line":2561,"type":"if","locations":[{"start":{"line":2561,"column":12},"end":{"line":2561,"column":12}},{"start":{"line":2561,"column":12},"end":{"line":2561,"column":12}}]},"83":{"line":2589,"type":"if","locations":[{"start":{"line":2589,"column":50},"end":{"line":2589,"column":50}},{"start":{"line":2589,"column":50},"end":{"line":2589,"column":50}}]},"84":{"line":2589,"type":"if","locations":[{"start":{"line":2589,"column":60},"end":{"line":2589,"column":60}},{"start":{"line":2589,"column":60},"end":{"line":2589,"column":60}}]},"85":{"line":2591,"type":"if","locations":[{"start":{"line":2591,"column":8},"end":{"line":2591,"column":8}},{"start":{"line":2591,"column":8},"end":{"line":2591,"column":8}}]},"86":{"line":2596,"type":"if","locations":[{"start":{"line":2596,"column":8},"end":{"line":2596,"column":8}},{"start":{"line":2596,"column":8},"end":{"line":2596,"column":8}}]},"87":{"line":2604,"type":"if","locations":[{"start":{"line":2604,"column":97},"end":{"line":2604,"column":97}},{"start":{"line":2604,"column":97},"end":{"line":2604,"column":97}}]},"88":{"line":2604,"type":"if","locations":[{"start":{"line":2604,"column":107},"end":{"line":2604,"column":107}},{"start":{"line":2604,"column":107},"end":{"line":2604,"column":107}}]},"89":{"line":2607,"type":"if","locations":[{"start":{"line":2607,"column":8},"end":{"line":2607,"column":8}},{"start":{"line":2607,"column":8},"end":{"line":2607,"column":8}}]},"90":{"line":2608,"type":"if","locations":[{"start":{"line":2608,"column":8},"end":{"line":2608,"column":8}},{"start":{"line":2608,"column":8},"end":{"line":2608,"column":8}}]},"91":{"line":2616,"type":"if","locations":[{"start":{"line":2616,"column":60},"end":{"line":2616,"column":60}},{"start":{"line":2616,"column":60},"end":{"line":2616,"column":60}}]},"92":{"line":2616,"type":"if","locations":[{"start":{"line":2616,"column":70},"end":{"line":2616,"column":70}},{"start":{"line":2616,"column":70},"end":{"line":2616,"column":70}}]},"93":{"line":2619,"type":"if","locations":[{"start":{"line":2619,"column":8},"end":{"line":2619,"column":8}},{"start":{"line":2619,"column":8},"end":{"line":2619,"column":8}}]},"94":{"line":2625,"type":"if","locations":[{"start":{"line":2625,"column":12},"end":{"line":2625,"column":12}},{"start":{"line":2625,"column":12},"end":{"line":2625,"column":12}}]},"95":{"line":2629,"type":"if","locations":[{"start":{"line":2629,"column":12},"end":{"line":2629,"column":12}},{"start":{"line":2629,"column":12},"end":{"line":2629,"column":12}}]},"96":{"line":2636,"type":"if","locations":[{"start":{"line":2636,"column":61},"end":{"line":2636,"column":61}},{"start":{"line":2636,"column":61},"end":{"line":2636,"column":61}}]},"97":{"line":2636,"type":"if","locations":[{"start":{"line":2636,"column":71},"end":{"line":2636,"column":71}},{"start":{"line":2636,"column":71},"end":{"line":2636,"column":71}}]},"98":{"line":2637,"type":"if","locations":[{"start":{"line":2637,"column":8},"end":{"line":2637,"column":8}},{"start":{"line":2637,"column":8},"end":{"line":2637,"column":8}}]},"99":{"line":2638,"type":"if","locations":[{"start":{"line":2638,"column":8},"end":{"line":2638,"column":8}},{"start":{"line":2638,"column":8},"end":{"line":2638,"column":8}}]},"100":{"line":2644,"type":"if","locations":[{"start":{"line":2644,"column":60},"end":{"line":2644,"column":60}},{"start":{"line":2644,"column":60},"end":{"line":2644,"column":60}}]},"101":{"line":2644,"type":"if","locations":[{"start":{"line":2644,"column":70},"end":{"line":2644,"column":70}},{"start":{"line":2644,"column":70},"end":{"line":2644,"column":70}}]},"102":{"line":2645,"type":"if","locations":[{"start":{"line":2645,"column":8},"end":{"line":2645,"column":8}},{"start":{"line":2645,"column":8},"end":{"line":2645,"column":8}}]},"103":{"line":2653,"type":"if","locations":[{"start":{"line":2653,"column":52},"end":{"line":2653,"column":52}},{"start":{"line":2653,"column":52},"end":{"line":2653,"column":52}}]},"104":{"line":2653,"type":"if","locations":[{"start":{"line":2653,"column":62},"end":{"line":2653,"column":62}},{"start":{"line":2653,"column":62},"end":{"line":2653,"column":62}}]},"105":{"line":2654,"type":"if","locations":[{"start":{"line":2654,"column":8},"end":{"line":2654,"column":8}},{"start":{"line":2654,"column":8},"end":{"line":2654,"column":8}}]},"106":{"line":2662,"type":"if","locations":[{"start":{"line":2662,"column":56},"end":{"line":2662,"column":56}},{"start":{"line":2662,"column":56},"end":{"line":2662,"column":56}}]},"107":{"line":2662,"type":"if","locations":[{"start":{"line":2662,"column":66},"end":{"line":2662,"column":66}},{"start":{"line":2662,"column":66},"end":{"line":2662,"column":66}}]},"108":{"line":2663,"type":"if","locations":[{"start":{"line":2663,"column":8},"end":{"line":2663,"column":8}},{"start":{"line":2663,"column":8},"end":{"line":2663,"column":8}}]},"109":{"line":2669,"type":"if","locations":[{"start":{"line":2669,"column":54},"end":{"line":2669,"column":54}},{"start":{"line":2669,"column":54},"end":{"line":2669,"column":54}}]},"110":{"line":2669,"type":"if","locations":[{"start":{"line":2669,"column":64},"end":{"line":2669,"column":64}},{"start":{"line":2669,"column":64},"end":{"line":2669,"column":64}}]},"111":{"line":2670,"type":"if","locations":[{"start":{"line":2670,"column":8},"end":{"line":2670,"column":8}},{"start":{"line":2670,"column":8},"end":{"line":2670,"column":8}}]},"112":{"line":2671,"type":"if","locations":[{"start":{"line":2671,"column":8},"end":{"line":2671,"column":8}},{"start":{"line":2671,"column":8},"end":{"line":2671,"column":8}}]},"113":{"line":2677,"type":"if","locations":[{"start":{"line":2677,"column":66},"end":{"line":2677,"column":66}},{"start":{"line":2677,"column":66},"end":{"line":2677,"column":66}}]},"114":{"line":2678,"type":"if","locations":[{"start":{"line":2678,"column":8},"end":{"line":2678,"column":8}},{"start":{"line":2678,"column":8},"end":{"line":2678,"column":8}}]},"115":{"line":2690,"type":"if","locations":[{"start":{"line":2690,"column":15},"end":{"line":2690,"column":15}},{"start":{"line":2690,"column":15},"end":{"line":2690,"column":15}}]},"116":{
[...]
ine":677,"column":16}}]},"29":{"line":689,"type":"if","locations":[{"start":{"line":689,"column":16},"end":{"line":689,"column":16}},{"start":{"line":689,"column":16},"end":{"line":689,"column":16}}]},"30":{"line":711,"type":"if","locations":[{"start":{"line":711,"column":8},"end":{"line":711,"column":8}},{"start":{"line":711,"column":8},"end":{"line":711,"column":8}}]},"31":{"line":744,"type":"if","locations":[{"start":{"line":744,"column":8},"end":{"line":744,"column":8}},{"start":{"line":744,"column":8},"end":{"line":744,"column":8}}]},"32":{"line":765,"type":"if","locations":[{"start":{"line":765,"column":8},"end":{"line":765,"column":8}},{"start":{"line":765,"column":8},"end":{"line":765,"column":8}}]},"33":{"line":782,"type":"if","locations":[{"start":{"line":782,"column":8},"end":{"line":782,"column":8}},{"start":{"line":782,"column":8},"end":{"line":782,"column":8}}]},"34":{"line":790,"type":"if","locations":[{"start":{"line":790,"column":14},"end":{"line":790,"column":31}},{"start":{"line":791,"column":14},"end":{"line":791,"column":31}}]},"35":{"line":792,"type":"if","locations":[{"start":{"line":792,"column":8},"end":{"line":792,"column":8}},{"start":{"line":792,"column":8},"end":{"line":792,"column":8}}]},"36":{"line":793,"type":"if","locations":[{"start":{"line":793,"column":8},"end":{"line":793,"column":8}},{"start":{"line":793,"column":8},"end":{"line":793,"column":8}}]},"37":{"line":807,"type":"if","locations":[{"start":{"line":807,"column":8},"end":{"line":807,"column":8}},{"start":{"line":807,"column":8},"end":{"line":807,"column":8}}]},"38":{"line":838,"type":"if","locations":[{"start":{"line":838,"column":37},"end":{"line":838,"column":47}},{"start":{"line":838,"column":51},"end":{"line":838,"column":59}}]},"39":{"line":877,"type":"if","locations":[{"start":{"line":877,"column":37},"end":{"line":877,"column":47}},{"start":{"line":877,"column":51},"end":{"line":877,"column":59}}]},"40":{"line":905,"type":"if","locations":[{"start":{"line":905,"column":30},"end":{"line":905,"column":30}},{"start":{"line":905,"column":30},"end":{"line":905,"column":30}}]},"41":{"line":937,"type":"if","locations":[{"start":{"line":937,"column":37},"end":{"line":937,"column":47}},{"start":{"line":937,"column":51},"end":{"line":937,"column":59}}]},"42":{"line":969,"type":"if","locations":[{"start":{"line":969,"column":18},"end":{"line":969,"column":40}},{"start":{"line":970,"column":18},"end":{"line":970,"column":40}}]},"43":{"line":972,"type":"if","locations":[{"start":{"line":972,"column":18},"end":{"line":972,"column":65}},{"start":{"line":973,"column":18},"end":{"line":973,"column":20}}]},"44":{"line":993,"type":"if","locations":[{"start":{"line":993,"column":8},"end":{"line":993,"column":8}},{"start":{"line":993,"column":8},"end":{"line":993,"column":8}}]},"45":{"line":997,"type":"if","locations":[{"start":{"line":997,"column":8},"end":{"line":997,"column":8}},{"start":{"line":997,"column":8},"end":{"line":997,"column":8}}]},"46":{"line":1020,"type":"if","locations":[{"start":{"line":1020,"column":8},"end":{"line":1020,"column":8}},{"start":{"line":1020,"column":8},"end":{"line":1020,"column":8}}]},"47":{"line":1024,"type":"if","locations":[{"start":{"line":1024,"column":8},"end":{"line":1024,"column":8}},{"start":{"line":1024,"column":8},"end":{"line":1024,"column":8}}]},"48":{"line":1044,"type":"if","locations":[{"start":{"line":1044,"column":8},"end":{"line":1044,"column":8}},{"start":{"line":1044,"column":8},"end":{"line":1044,"column":8}}]},"49":{"line":1047,"type":"if","locations":[{"start":{"line":1047,"column":8},"end":{"line":1047,"column":8}},{"start":{"line":1047,"column":8},"end":{"line":1047,"column":8}}]},"50":{"line":1049,"type":"if","locations":[{"start":{"line":1049,"column":8},"end":{"line":1049,"column":8}},{"start":{"line":1049,"column":8},"end":{"line":1049,"column":8}}]},"51":{"line":1073,"type":"if","locations":[{"start":{"line":1073,"column":8},"end":{"line":1073,"column":8}},{"start":{"line":1073,"column":8},"end":{"line":1073,"column":8}}]},"52":{"line":1076,"type":"if","locations":[{"start":{"line":1076,"column":8},"end":{"line":1076,"column":8}},{"start":{"line":1076,"column":8},"end":{"line":1076,"column":8}}]},"53":{"line":1078,"type":"if","locations":[{"start":{"line":1078,"column":8},"end":{"line":1078,"column":8}},{"start":{"line":1078,"column":8},"end":{"line":1078,"column":8}}]},"54":{"line":1100,"type":"if","locations":[{"start":{"line":1100,"column":8},"end":{"line":1100,"column":8}},{"start":{"line":1100,"column":8},"end":{"line":1100,"column":8}}]},"55":{"line":1103,"type":"if","locations":[{"start":{"line":1103,"column":8},"end":{"line":1103,"column":8}},{"start":{"line":1103,"column":8},"end":{"line":1103,"column":8}}]},"56":{"line":1105,"type":"if","locations":[{"start":{"line":1105,"column":8},"end":{"line":1105,"column":8}},{"start":{"line":1105,"column":8},"end":{"line":1105,"column":8}}]},"57":{"line":1130,"type":"if","locations":[{"start":{"line":1130,"column":8},"end":{"line":1130,"column":8}},{"start":{"line":1130,"column":8},"end":{"line":1130,"column":8}}]},"58":{"line":1133,"type":"if","locations":[{"start":{"line":1133,"column":8},"end":{"line":1133,"column":8}},{"start":{"line":1133,"column":8},"end":{"line":1133,"column":8}}]},"59":{"line":1135,"type":"if","locations":[{"start":{"line":1135,"column":8},"end":{"line":1135,"column":8}},{"start":{"line":1135,"column":8},"end":{"line":1135,"column":8}}]},"60":{"line":1145,"type":"if","locations":[{"start":{"line":1145,"column":8},"end":{"line":1145,"column":8}},{"start":{"line":1145,"column":8},"end":{"line":1145,"column":8}}]},"61":{"line":1167,"type":"if","locations":[{"start":{"line":1167,"column":22},"end":{"line":1167,"column":41}},{"start":{"line":1168,"column":22},"end":{"line":1168,"column":41}}]},"62":{"line":1179,"type":"if","locations":[{"start":{"line":1179,"column":18},"end":{"line":1179,"column":43}},{"start":{"line":1180,"column":18},"end":{"line":1180,"column":43}}]},"63":{"line":1182,"type":"if","locations":[{"start":{"line":1182,"column":18},"end":{"line":1182,"column":65}},{"start":{"line":1183,"column":18},"end":{"line":1183,"column":20}}]},"64":{"line":1194,"type":"if","locations":[{"start":{"line":1194,"column":32},"end":{"line":1194,"column":32}},{"start":{"line":1194,"column":32},"end":{"line":1194,"column":32}}]},"65":{"line":1203,"type":"if","locations":[{"start":{"line":1203,"column":8},"end":{"line":1203,"column":8}},{"start":{"line":1203,"column":8},"end":{"line":1203,"column":8}}]},"66":{"line":1215,"type":"if","locations":[{"start":{"line":1215,"column":40},"end":{"line":1215,"column":40}},{"start":{"line":1215,"column":40},"end":{"line":1215,"column":40}}]},"67":{"line":1216,"type":"if","locations":[{"start":{"line":1216,"column":8},"end":{"line":1216,"column":8}},{"start":{"line":1216,"column":8},"end":{"line":1216,"column":8}}]},"68":{"line":1227,"type":"if","locations":[{"start":{"line":1227,"column":8},"end":{"line":1227,"column":8}},{"start":{"line":1227,"column":8},"end":{"line":1227,"column":8}}]},"69":{"line":1240,"type":"if","locations":[{"start":{"line":1240,"column":32},"end":{"line":1240,"column":32}},{"start":{"line":1240,"column":32},"end":{"line":1240,"column":32}}]},"70":{"line":1241,"type":"if","locations":[{"start":{"line":1241,"column":8},"end":{"line":1241,"column":8}},{"start":{"line":1241,"column":8},"end":{"line":1241,"column":8}}]},"71":{"line":1250,"type":"if","locations":[{"start":{"line":1250,"column":8},"end":{"line":1250,"column":8}},{"start":{"line":1250,"column":8},"end":{"line":1250,"column":8}}]}}},"contracts\\MyToken.sol":{"l":{"186":1,"190":0,"194":0,"356":1,"357":1,"364":0,"372":0,"389":1,"396":0,"403":0,"415":0,"416":0,"417":0,"424":0,"438":1,"439":1,"440":1,"460":0,"461":0,"462":0,"463":0,"477":0,"478":0,"480":0,"481":0,"483":0,"494":1,"496":1,"498":0,"499":0,"500":0,"502":0,"504":0,"508":1,"509":0,"511":0,"514":1,"516":1,"520":1,"532":1,"533":0,"535":1,"547":0,"548":0,"550":0,"569":1,"590":1,"591":0,"593":1,"594":0,"596":1,"597":1,"598":1,"611":0,"612":0,"613":0,"614":0,"616":0,"617":0,"630":1},"path":"C:\\Users\\Main\\Desktop\\Dragon\\HardhatDragon\\hardhat-tutorial1\\contracts\\MyToken.sol","s":{"1":1,"2":0,"3":0,"4":0,"5":0,"6":1,"7":0,"8":0,"9":0,"10":0,"11":0,"12":0,"13":1,"14":1,"15":1,"16":0,"17":0,"18":0,"19":0,"20":0,"21":0,"22":0,"23":1,"24":0,"25":0,"26":1,"27":1,"28":1,"29":1,"30":0,"31":0,"32":1,"33":1,"34":1,"35":1,"36":1,"37":0,"38":0,"39":0,"40":0,"41":1},"b":{"1":[0,0],"2":[0,0],"3":[1,0],"4":[0,0],"5":[0,1],"6":[0,1],"7":[0,0],"8":[0,1],"9":[0,1],"10":[1,0],"11":[0,0],"12":[0,0]},"f":{"1":1,"2":0,"3":0,"4":1,"5":0,"6":0,"7":1,"8":0,"9":0,"10":0,"11":0,"12":1,"13":0,"14":0,"15":1,"16":1,"17":0,"18":1,"19":1,"20":0,"21":1},"fnMap":{"1":{"name":"_msgSender","line":185,"loc":{"start":{"line":185,"column":4},"end":{"line":187,"column":4}}},"2":{"name":"_msgData","line":189,"loc":{"start":{"line":189,"column":4},"end":{"line":191,"column":4}}},"3":{"name":"_contextSuffixLength","line":193,"loc":{"start":{"line":193,"column":4},"end":{"line":195,"column":4}}},"4":{"name":"constructor","line":355,"loc":{"start":{"line":355,"column":4},"end":{"line":358,"column":4}}},"5":{"name":"name","line":363,"loc":{"start":{"line":363,"column":4},"end":{"line":365,"column":4}}},"6":{"name":"symbol","line":371,"loc":{"start":{"line":371,"column":4},"end":{"line":373,"column":4}}},"7":{"name":"decimals","line":388,"loc":{"start":{"line":388,"column":4},"end":{"line":390,"column":4}}},"8":{"name":"totalSupply","line":395,"loc":{"start":{"line":395,"column":4},"end":{"line":397,"column":4}}},"9":{"name":"balanceOf","line":402,"loc":{"start":{"line":402,"column":4},"end":{"line":404,"column":4}}},"10":{"name":"transfer","line":414,"loc":{"start":{"line":414,"column":4},"end":{"line":418,"column":4}}},"11":{"name":"allowance","line":423,"loc":{"start":{"line":423,"column":4},"end":{"line":425,"column":4}}},"12":{"name":"approve","line":437,"loc":{"start":{"line":437,"column":4},"end":{"line":441,"column":4}}},"13":{"name":"transferFrom","line":459,"loc":{"start":{"line":459,"column":4},"end":{"line":464,"column":4}}},"14":{"name":"_transfer","line":476,"loc":{"start":{"line":476,"column":4},"end":{"line":484,"column":4}}},"15":{"name":"_update","line":493,"loc":{"start":{"line":493,"column":4},"end":{"line":521,"column":4}}},"16":{"name":"_mint","line":531,"loc":{"start":{"line":531,"column":4},"end":{"line":536,"column":4}}},"17":{"name":"_burn","line":546,"loc":{"start":{"line":546,"column":4},"end":{"line":551,"column":4}}},"18":{"name":"_approve","line":568,"loc":{"start":{"line":568,"column":4},"end":{"line":570,"column":4}}},"19":{"name":"_approve","line":589,"loc":{"start":{"line":589,"column":4},"end":{"line":600,"column":4}}},"20":{"name":"_spendAllowance","line":610,"loc":{"start":{"line":610,"column":4},"end":{"line":620,"column":4}}},"21":{"name":"constructor","line":629,"loc":{"start":{"line":629,"column":4},"end":{"line":631,"column":4}}}},"statementMap":{"1":{"start":{"line":186,"column":8},"end":{"line":186,"column":25}},"2":{"start":{"line":190,"column":8},"end":{"line":190,"column":23}},"3":{"start":{"line":194,"column":8},"end":{"line":194,"column":16}},"4":{"start":{"line":364,"column":8},"end":{"line":364,"column":20}},"5":{"start":{"line":372,"column":8},"end":{"line":372,"column":22}},"6":{"start":{"line":389,"column":8},"end":{"line":389,"column":17}},"7":{"start":{"line":396,"column":8},"end":{"line":396,"column":27}},"8":{"start":{"line":403,"column":8},"end":{"line":403,"column":33}},"9":{"start":{"line":415,"column":8},"end":{"line":415,"column":36}},"10":{"start":{"line":416,"column":8},"end":{"line":416,"column":34}},"11":{"start":{"line":417,"column":8},"end":{"line":417,"column":19}},"12":{"start":{"line":424,"column":8},"end":{"line":424,"column":42}},"13":{"start":{"line":438,"column":8},"end":{"line":438,"column":36}},"14":{"start":{"line":439,"column":8},"end":{"line":439,"column":38}},"15":{"start":{"line":440,"column":8},"end":{"line":440,"column":19}},"16":{"start":{"line":460,"column":8},"end":{"line":460,"column":38}},"17":{"start":{"line":461,"column":8},"end":{"line":461,"column":44}},"18":{"start":{"line":462,"column":8},"end":{"line":462,"column":33}},"19":{"start":{"line":463,"column":8},"end":{"line":463,"column":19}},"20":{"start":{"line":477,"column":8},"end":{"line":477,"column":17008}},"21":{"start":{"line":480,"column":8},"end":{"line":480,"column":17106}},"22":{"start":{"line":483,"column":8},"end":{"line":483,"column":31}},"23":{"start":{"line":494,"column":8},"end":{"line":494,"column":17646}},"24":{"start":{"line":498,"column":12},"end":{"line":498,"column":49}},"25":{"start":{"line":499,"column":12},"end":{"line":499,"column":17898}},"26":{"start":{"line":508,"column":8},"end":{"line":508,"column":18210}},"27":{"start":{"line":520,"column":8},"end":{"line":520,"column":38}},"28":{"start":{"line":532,"column":8},"end":{"line":532,"column":19115}},"29":{"start":{"line":535,"column":8},"end":{"line":535,"column":42}},"30":{"start":{"line":547,"column":8},"end":{"line":547,"column":19656}},"31":{"start":{"line":550,"column":8},"end":{"line":550,"column":42}},"32":{"start":{"line":569,"column":8},"end":{"line":569,"column":44}},"33":{"start":{"line":590,"column":8},"end":{"line":590,"column":21443}},"34":{"start":{"line":593,"column":8},"end":{"line":593,"column":21544}},"35":{"start":{"line":597,"column":8},"end":{"line":597,"column":21692}},"36":{"start":{"line":598,"column":12},"end":{"line":598,"column":48}},"37":{"start":{"line":611,"column":8},"end":{"line":611,"column":60}},"38":{"start":{"line":612,"column":8},"end":{"line":612,"column":22232}},"39":{"start":{"line":613,"column":12},"end":{"line":613,"column":22294}},"40":{"start":{"line":617,"column":16},"end":{"line":617,"column":72}},"41":{"start":{"line":630,"column":8},"end":{"line":630,"column":53}}},"branchMap":{"1":{"line":477,"type":"if","locations":[{"start":{"line":477,"column":8},"end":{"line":477,"column":8}},{"start":{"line":477,"column":8},"end":{"line":477,"column":8}}]},"2":{"line":480,"type":"if","locations":[{"start":{"line":480,"column":8},"end":{"line":480,"column":8}},{"start":{"line":480,"column":8},"end":{"line":480,"column":8}}]},"3":{"line":494,"type":"if","locations":[{"start":{"line":494,"column":8},"end":{"line":494,"column":8}},{"start":{"line":494,"column":8},"end":{"line":494,"column":8}}]},"4":{"line":499,"type":"if","locations":[{"start":{"line":499,"column":12},"end":{"line":499,"column":12}},{"start":{"line":499,"column":12},"end":{"line":499,"column":12}}]},"5":{"line":508,"type":"if","locations":[{"start":{"line":508,"column":8},"end":{"line":508,"column":8}},{"start":{"line":508,"column":8},"end":{"line":508,"column":8}}]},"6":{"line":532,"type":"if","locations":[{"start":{"line":532,"column":8},"end":{"line":532,"column":8}},{"start":{"line":532,"column":8},"end":{"line":532,"column":8}}]},"7":{"line":547,"type":"if","locations":[{"start":{"line":547,"column":8},"end":{"line":547,"column":8}},{"start":{"line":547,"column":8},"end":{"line":547,"column":8}}]},"8":{"line":590,"type":"if","locations":[{"start":{"line":590,"column":8},"end":{"line":590,"column":8}},{"start":{"line":590,"column":8},"end":{"line":590,"column":8}}]},"9":{"line":593,"type":"if","locations":[{"start":{"line":593,"column":8},"end":{"line":593,"column":8}},{"start":{"line":593,"column":8},"end":{"line":593,"column":8}}]},"10":{"line":597,"type":"if","locations":[{"start":{"line":597,"column":8},"end":{"line":597,"column":8}},{"start":{"line":597,"column":8},"end":{"line":597,"column":8}}]},"11":{"line":612,"type":"if","locations":[{"start":{"line":612,"column":8},"end":{"line":612,"column":8}},{"start":{"line":612,"column":8},"end":{"line":612,"column":8}}]},"12":{"line":613,"type":"if","locations":[{"start":{"line":613,"column":12},"end":{"line":613,"column":12}},{"start":{"line":613,"column":12},"end":{"line":613,"column":12}}]}}},"contracts\\Token.sol":{"l":{"33":0,"34":0,"47":0,"50":0,"51":0,"54":0,"64":0,"68":0},"path":"C:\\Users\\Main\\Desktop\\Dragon\\HardhatDragon\\hardhat-tutorial1\\contracts\\Token.sol","s":{"1":0,"2":0,"3":0,"4":0},"b":{"1":[0,0]},"f":{"1":0,"2":0,"3":0,"4":0},"fnMap":{"1":{"name":"constructor","line":30,"loc":{"start":{"line":30,"column":4},"end":{"line":35,"column":4}}},"2":{"name":"transfer","line":43,"loc":{"start":{"line":43,"column":4},"end":{"line":55,"column":4}}},"3":{"name":"balanceOf","line":63,"loc":{"start":{"line":63,"column":4},"end":{"line":65,"column":4}}},"4":{"name":"thisAddress","line":67,"loc":{"start":{"line":67,"column":4},"end":{"line":69,"column":4}}}},"statementMap":{"1":{"start":{"line":47,"column":8},"end":{"line":47,"column":67}},"2":{"start":{"line":54,"column":8},"end":{"line":54,"column":45}},"3":{"start":{"line":64,"column":8},"end":{"line":64,"column":32}},"4":{"start":{"line":68,"column":8},"end":{"line":68,"column":28}}},"branchMap":{"1":{"line":47,"type":"if","locations":[{"start":{"line":47,"column":8},"end":{"line":47,"column":8}},{"start":{"line":47,"column":8},"end":{"line":47,"column":8}}]}}},"contracts\\WAVAX.sol":{"l":{"34":0,"37":0,"38":0,"41":0,"42":0,"43":0,"44":0,"48":0,"52":0,"53":0,"54":0,"58":0,"65":0,"67":0,"68":0,"69":0,"72":0,"73":0,"75":0,"77":0},"path":"C:\\Users\\Main\\Desktop\\Dragon\\HardhatDragon\\hardhat-tutorial1\\contracts\\WAVAX.sol","s":{"1":0,"2":0,"3":0,"4":0,"5":0,"6":0,"7":0,"8":0,"9":0,"10":0,"11":0,"12":0,"13":0,"14":0},"b":{"1":[0,0],"2":[0,0],"3":[0,0],"4":[0,0]},"f":{"1":0,"2":0,"3":0,"4":0,"5":0,"6":0,"7":0},"fnMap":{"1":{"name":"","line":33,"loc":{"start":{"line":33,"column":4},"end":{"line":35,"column":4}}},"2":{"name":"deposit","line":36,"loc":{"start":{"line":36,"column":4},"end":{"line":39,"column":4}}},"3":{"name":"withdraw","line":40,"loc":{"start":{"line":40,"column":4},"end":{"line":45,"column":4}}},"4":{"name":"totalSupply","line":47,"loc":{"start":{"line":47,"column":4},"end":{"line":49,"column":4}}},"5":{"name":"approve","line":51,"loc":{"start":{"line":51,"column":4},"end":{"line":55,"column":4}}},"6":{"name":"transfer","line":57,"loc":{"start":{"line":57,"column":4},"end":{"line":59,"column":4}}},"7":{"name":"transferFrom","line":61,"loc":{"start":{"line":61,"column":4},"end":{"line":78,"column":4}}}},"statementMap":{"1":{"start":{"line":34,"column":8},"end":{"line":34,"column":16}},"2":{"start":{"line":38,"column":8},"end":{"line":38,"column":43}},"3":{"start":{"line":41,"column":8},"end":{"line":41,"column":44}},"4":{"start":{"line":43,"column":8},"end":{"line":43,"column":31}},"5":{"start":{"line":44,"column":8},"end":{"line":44,"column":40}},"6":{"start":{"line":48,"column":8},"end":{"line":48,"column":36}},"7":{"start":{"line":53,"column":8},"end":{"line":53,"column":43}},"8":{"start":{"line":54,"column":8},"end":{"line":54,"column":19}},"9":{"start":{"line":58,"column":8},"end":{"line":58,"column":49}},"10":{"start":{"line":65,"column":8},"end":{"line":65,"column":37}},"11":{"start":{"line":67,"column":8},"end":{"line":67,"column":2365}},"12":{"start":{"line":68,"column":12},"end":{"line":68,"column":53}},"13":{"start":{"line":75,"column":8},"end":{"line":75,"column":36}},"14":{"start":{"line":77,"column":8},"end":{"line":77,"column":19}}},"branchMap":{"1":{"line":41,"type":"if","locations":[{"start":{"line":41,"column":8},"end":{"line":41,"column":8}},{"start":{"line":41,"column":8},"end":{"line":41,"column":8}}]},"2":{"line":65,"type":"if","locations":[{"start":{"line":65,"column":8},"end":{"line":65,"column":8}},{"start":{"line":65,"column":8},"end":{"line":65,"column":8}}]},"3":{"line":67,"type":"if","locations":[{"start":{"line":67,"column":8},"end":{"line":67,"column":8}},{"start":{"line":67,"column":8},"end":{"line":67,"column":8}}]},"4":{"line":68,"type":"if","locations":[{"start":{"line":68,"column":12},"end":{"line":68,"column":12}},{"start":{"line":68,"column":12},"end":{"line":68,"column":12}}]}}}}