{
"contracts\\dragonFireNew.sol":{"l":{"23":0,"34":0,"36":0,"44":0,"45":0,"46":0,"142":0,"152":0,"162":0,"172":0,"182":0,"192":0,"202":0,"212":0,"270":0,"271":0,"272":0,"274":0,"281":0,"283":0,"285":0,"289":0,"296":0,"297":0,"298":0,"300":0,"307":0,"308":0,"310":0,"311":0,"319":0,"320":0,"322":0,"334":0,"335":0,"337":0,"356":0,"363":0,"372":0,"373":0,"380":0,"382":0,"413":0,"414":0,"415":0,"416":0,"424":0,"425":0,"426":0,"434":0,"438":0,"439":0,"440":0,"441":0,"449":0,"450":0,"451":0,"459":0,"460":0,"461":0,"469":0,"476":0,"485":0,"495":0,"497":0,"501":0,"511":0,"515":0,"516":0,"517":0,"523":0,"527":0,"531":0,"532":0,"540":0,"541":0,"553":0,"554":0,"566":0,"571":0,"575":0,"576":0,"577":0,"578":0,"579":0,"580":0,"586":0,"587":0,"595":0,"596":0,"597":0,"599":0,"609":0,"610":0,"623":0,"629":0,"630":0,"631":0,"632":0,"633":0,"634":0,"635":0,"636":0,"637":0,"645":0,"646":0,"647":0,"656":0,"657":0,"658":0,"659":0,"660":0,"662":0,"663":0,"664":0,"666":0,"667":0,"668":0,"670":0,"671":0,"672":0,"674":0,"675":0,"676":0,"678":0,"679":0,"680":0,"682":0,"683":0,"684":0,"686":0,"687":0,"690":0,"698":0,"699":0,"700":0,"709":0,"710":0,"711":0,"712":0,"713":0,"715":0,"716":0,"717":0,"719":0,"720":0,"721":0,"723":0,"724":0,"725":0,"727":0,"728":0,"729":0,"731":0,"732":0,"733":0,"735":0,"736":0,"739":0,"747":0,"748":0,"749":0,"760":0,"761":0,"762":0,"763":0,"764":0,"766":0,"767":0,"768":0,"770":0,"771":0,"772":0,"774":0,"775":0,"776":0,"778":0,"779":0,"782":0,"790":0,"791":0,"792":0,"800":0,"828":0,"829":0,"830":0,"831":0,"833":0,"836":0,"837":0,"839":0,"842":0,"843":0,"845":0,"853":0,"860":0,"861":0,"869":0,"870":0,"871":0,"872":0,"873":0,"874":0,"875":0,"877":0,"878":0,"880":0,"888":0,"895":0,"930":0,"948":0,"962":0,"976":0,"1052":0,"1053":0,"1054":0,"1055":0,"1057":0,"1058":0,"1059":0,"1066":0,"1067":0,"1069":0,"1074":0,"1093":0,"1113":0,"1132":0,"1143":0,"1204":0,"1205":0,"1206":0,"1207":0,"1211":0,"1216":0,"1218":0,"1237":0,"1238":0,"1239":0,"1248":0,"1249":0,"1251":0,"1252":0,"1260":0,"1261":0,"1262":0,"1284":0,"1285":0,"1289":0,"1290":0,"1291":0,"1294":0,"1302":0,"1303":0,"1304":0,"1311":0,"1312":0,"1314":0,"1316":0,"1318":0,"1596":0,"1600":0,"1604":0,"1646":0,"1647":0,"1649":0,"1656":0,"1657":0,"1664":0,"1671":0,"1672":0,"1684":0,"1692":0,"1693":0,"1695":0,"1703":0,"1704":0,"1705":0,"1867":0,"1868":0,"1875":0,"1883":0,"1900":0,"1907":0,"1914":0,"1926":0,"1927":0,"1928":0,"1935":0,"1949":0,"1950":0,"1951":0,"1971":0,"1972":0,"1973":0,"1974":0,"1988":0,"1989":0,"1991":0,"1992":0,"1994":0,"2005":0,"2007":0,"2009":0,"2010":0,"2011":0,"2013":0,"2015":0,"2019":0,"2020":0,"2022":0,"2025":0,"2027":0,"2031":0,"2043":0,"2044":0,"2046":0,"2058":0,"2059":0,"2061":0,"2080":0,"2101":0,"2102":0,"2104":0,"2105":0,"2107":0,"2108":0,"2109":0,"2122":0,"2123":0,"2124":0,"2125":0,"2127":0,"2128":0,"2186":0,"2187":0,"2190":0,"2192":0,"2194":0,"2195":0,"2196":0,"2199":0,"2206":0,"2214":0,"2490":0,"2491":0,"2492":0,"2497":0,"2498":0,"2509":0,"2510":0,"2511":0,"2512":0,"2513":0,"2514":0,"2515":0,"2516":0,"2518":0,"2531":0,"2532":0,"2535":0,"2547":0,"2548":0,"2549":0,"2552":0,"2553":0,"2555":0,"2556":0,"2557":0,"2558":0,"2559":0,"2562":0,"2566":0,"2567":0,"2570":0,"2571":0,"2574":0,"2575":0,"2577":0,"2578":0,"2579":0,"2589":0,"2590":0,"2591":0,"2592":0,"2593":0,"2594":0,"2596":0,"2597":0,"2598":0,"2604":0,"2605":0,"2606":0,"2607":0,"2608":0,"2609":0,"2610":0,"2615":0,"2616":0,"2617":0,"2618":0,"2619":0,"2620":0,"2622":0,"2623":0,"2624":0,"2625":0,"2626":0,"2627":0,"2630":0,"2635":0,"2636":0,"2637":0,"2638":0,"2643":0,"2644":0,"2645":0,"2646":0,"2647":0,"2652":0,"2653":0,"2654":0,"2655":0,"2656":0,"2661":0,"2662":0,"2663":0,"2668":0,"2669":0,"2670":0,"2671":0,"2676":0,"2677":0,"2678":0,"2679":0,"2689":0,"2690":0,"2691":0,"2692":0,"2693":0,"2694":0,"2695":0,"2700":0,"2701":0,"2702":0,"2707":0,"2708":0,"2710":0,"2711":0,"2712":0,"2713":0,"2716":0,"2730":0,"2731":0,"2732":0,"2735":0,"2738":0,"2739":0,"2742":0,"2743":0,"2746":0,"2747":0,"2749":0,"2750":0,"2753":0,"2754":0,"2755":0,"2756":0,"2759":0,"2760":0,"2761":0,"2762":0,"2766":0,"2774":0,"2776":0,"2777":0,"2780":0,"2781":0,"2782":0,"2783":0,"2789":0,"2790":0,"2792":0,"2793":0,"2796":0,"2797":0,"2798":0,"2799":0,"2800":0,"2802":0,"2803":0,"2804":0,"2805":0,"2806":0,"2807":0,"2810":0,"2811":0,"2812":0,"2814":0,"2815":0,"2816":0,"2817":0,"2818":0,"2819":0,"2826":0,"2827":0,"2828":0,"2830":0,"2839":0,"2845":0,"2846":0,"2847":0,"2849":0,"2858":0,"2864":0,"2874":0,"2880":0,"2883":0,"2895":0,"2901":0,"2902":0,"2903":0,"2904":0,"2905":0,"2914":0,"2915":0,"2916":0,"2920":0,"2921":0,"2922":0,"2923":0,"2924":0,"2926":0,"2929":0,"2931":0,"2932":0,"2933":0,"2934":0,"2937":0,"2940":0,"2941":0,"2942":0,"2943":0,"2945":0,"2946":0,"2947":0,"2949":0,"2950":0,"2953":0,"2954":0,"2957":0,"2958":0,"2959":0,"2960":0,"2962":0,"2963":0,"2966":0,"2967":0,"2974":0,"2975":0,"2976":0,"2977":0,"2978":0,"2979":0,"2980":0,"2981":0,"2982":0,"2983":0,"2984":0,"2985":0,"2990":0,"2991":0,"2992":0,"2993":0,"2994":0,"2995":0,"2996":0,"2997":0,"2998":0,"2999":0,"3000":0,"3005":0,"3006":0,"3008":0,"3014":0,"3019":0,"3020":0,"3023":0,"3024":0,"3026":0,"3027":0,"3030":0,"3039":0,"3040":0,"3041":0,"3046":0,"3047":0,"3048":0,"3049":0,"3050":0,"3051":0,"3052":0,"3053":0,"3055":0,"3060":0,"3061":0,"3062":0,"3063":0,"3064":0,"3069":0,"3070":0,"3071":0,"3072":0,"3073":0,"3074":0,"3076":0,"3089":0,"3090":0,"3091":0,"3095":0,"3096":0,"3097":0,"3098":0,"3102":0,"3103":0,"3105":0,"3106":0,"3110":0,"3111":0,"3112":0,"3116":0,"3117":0,"3118":0,"3122":0,"3123":0,"3124":0,"3128":0,"3129":0,"3130":0,"3134":0,"3135":0,"3136":0,"3140":0,"3141":0},"path":"E:\\Project\\Current Work\\Bread\\DragonPresale\\hardhat-tutorial\\contracts\\dragonFireNew.sol","s":{"1":0,"2":0,"3":0,"4":0,"5":0,"6":0,"7":0,"8":0,"9":0,"10":0,"11":0,"12":0,"13":0,"14":0,"15":0,"16":0,"17":0,"18":0,"19":0,"20":0,"21":0,"22":0,"23":0,"24":0,"25":0,"26":0,"27":0,"28":0,"29":0,"30":0,"31":0,"32":0,"33":0,"34":0,"35":0,"36":0,"37":0,"38":0,"39":0,"40":0,"41":0,"42":0,"43":0,"44":0,"45":0,"46":0,"47":0,"48":0,"49":0,"50":0,"51":0,"52":0,"53":0,"54":0,"55":0,"56":0,"57":0,"58":0,"59":0,"60":0,"61":0,"62":0,"63":0,"64":0,"65":0,"66":0,"67":0,"68":0,"69":0,"70":0,"71":0,"72":0,"73":0,"74":0,"75":0,"76":0,"77":0,"78":0,"79":0,"80":0,"81":0,"82":0,"83":0,"84":0,"85":0,"86":0,"87":0,"88":0,"89":0,"90":0,"91":0,"92":0,"93":0,"94":0,"95":0,"96":0,"97":0,"98":0,"99":0,"100":0,"101":0,"102":0,"103":0,"104":0,"105":0,"106":0,"107":0,"108":0,"109":0,"110":0,"111":0,"112":0,"113":0,"114":0,"115":0,"116":0,"117":0,"118":0,"119":0,"120":0,"121":0,"122":0,"123":0,"124":0,"125":0,"126":0,"127":0,"128":0,"129":0,"130":0,"131":0,"132":0,"133":0,"134":0,"135":0,"136":0,"137":0,"138":0,"139":0,"140":0,"141":0,"142":0,"143":0,"144":0,"145":0,"146":0,"147":0,"148":0,"149":0,"150":0,"151":0,"152":0,"153":0,"154":0,"155":0,"156":0,"157":0,"158":0,"159":0,"160":0,"161":0,"162":0,"163":0,"164":0,"165":0,"166":0,"167":0,"168":0,"169":0,"170":0,"171":0,"172":0,"173":0,"174":0,"175":0,"176":0,"177":0,"178":0,"179":0,"180":0,"181":0,"182":0,"183":0,"184":0,"185":0,"186":0,"187":0,"188":0,"189":0,"190":0,"191":0,"192":0,"193":0,"194":0,"195":0,"196":0,"197":0,"198":0,"199":0,"200":0,"201":0,"202":0,"203":0,"204":0,"205":0,"206":0,"207":0,"208":0,"209":0,"210":0,"211":0,"212":0,"213":0,"214":0,"215":0,"216":0,"217":0,"218":0,"219":0,"220":0,"221":0,"222":0,"223":0,"224":0,"225":0,"226":0,"227":0,"228":0,"229":0,"230":0,"231":0,"232":0,"233":0,"234":0,"235":0,"236":0,"237":0,"238":0,"239":0,"240":0,"241":0,"242":0,"243":0,"244":0,"245":0,"246":0,"247":0,"248":0,"249":0,"250":0,"251":0,"252":0,"253":0,"254":0,"255":0,"256":0,"257":0,"258":0,"259":0,"260":0,"261":0,"262":0,"263":0,"264":0,"265":0,"266":0,"267":0,"268":0,"269":0,"270":0,"271":0,"272":0,"273":0,"274":0,"275":0,"276":0,"277":0,"278":0,"279":0,"280":0,"281":0,"282":0,"283":0,"284":0,"285":0,"286":0,"287":0,"288":0,"289":0,"290":0,"291":0,"292":0,"293":0,"294":0,"295":0,"296":0,"297":0,"298":0,"299":0,"300":0,"301":0,"302":0,"303":0,"304":0,"305":0,"306":0,"307":0,"308":0,"309":0,"310":0,"311":0,"312":0,"313":0,"314":0,"315":0,"316":0,"317":0,"318":0,"319":0,"320":0,"321":0,"322":0,"323":0,"324":0,"325":0,"326":0,"327":0,"328":0,"329":0,"330":0,"331":0,"332":0,"333":0,"334":0,"335":0,"336":0,"337":0,"338":0,"339":0,"340":0,"341":0,"342":0,"343":0,"344":0,"345":0,"346":0,"347":0,"348":0,"349":0,"350":0,"351":0,"352":0,"353":0,"354":0,"355":0,"356":0,"357":0,"358":0,"359":0,"360":0,"361":0,"362":0,"363":0,"364":0,"365":0,"366":0,"367":0,"368":0,"369":0,"370":0,"371":0,"372":0,"373":0,"374":0,"375":0,"376":0,"377":0,"378":0,"379":0,"380":0,"381":0,"382":0,"383":0,"384":0,"385":0,"386":0,"387":0,"388":0,"389":0,"390":0,"391":0,"392":0,"393":0,"394":0,"395":0,"396":0,"397":0,"398":0,"399":0,"400":0,"401":0,"402":0,"403":0,"404":0,"405":0,"406":0,"407":0,"408":0,"409":0,"410":0,"411":0,"412":0,"413":0,"414":0,"415":0,"416":0,"417":0,"418":0,"419":0,"420":0,"421":0,"422":0,"423":0,"424":0,"425":0,"426":0,"427":0,"428":0,"429":0,"430":0,"431":0,"432":0,"433":0,"434":0,"435":0,"436":0,"437":0,"438":0,"439":0},"b":{"1":[0,0],"2":[0,0],"3":[0,0],"4":[0,0],"5":[0,0],"6":[0,0],"7":[0,0],"8":[0,0],"9":[0,0],"10":[0,0],"11":[0,0],"12":[0,0],"13":[0,0],"14":[0,0],"15":[0,0],"16":[0,0],"17":[0,0],"18":[0,0],"19":[0,0],"20":[0,0],"21":[0,0],"22":[0,0],"23":[0,0],"24":[0,0],"25":[0,0],"26":[0,0],"27":[0,0],"28":[0,0],"29":[0,0],"30":[0,0],"31":[0,0],"32":[0,0],"33":[0,0],"34":[0,0],"35":[0,0],"36":[0,0],"37":[0,0],"38":[0,0],"39":[0,0],"40":[0,0],"41":[0,0],"42":[0,0],"43":[0,0],"44":[0,0],"45":[0,0],"46":[0,0],"47":[0,0],"48":[0,0],"49":[0,0],"50":[0,0],"51":[0,0],"52":[0,0],"53":[0,0],"54":[0,0],"55":[0,0],"56":[0,0],"57":[0,0],"58":[0,0],"59":[0,0],"60":[0,0],"61":[0,0],"62":[0,0],"63":[0,0],"64":[0,0],"65":[0,0],"66":[0,0],"67":[0,0],"68":[0,0],"69":[0,0],"70":[0,0],"71":[0,0],"72":[0,0],"73":[0,0],"74":[0,0],"75":[0,0],"76":[0,0],"77":[0,0],"78":[0,0],"79":[0,0],"80":[0,0],"81":[0,0],"82":[0,0],"83":[0,0],"84":[0,0],"85":[0,0],"86":[0,0],"87":[0,0],"88":[0,0],"89":[0,0],"90":[0,0],"91":[0,0],"92":[0,0],"93":[0,0],"94":[0,0],"95":[0,0],"96":[0,0],"97":[0,0],"98":[0,0],"99":[0,0],"100":[0,0],"101":[0,0],"102":[0,0],"103":[0,0],"104":[0,0],"105":[0,0],"106":[0,0],"107":[0,0],"108":[0,0],"109":[0,0],"110":[0,0],"111":[0,0],"112":[0,0],"113":[0,0],"114":[0,0],"115":[0,0],"116":[0,0],"117":[0,0],"118":[0,0],"119":[0,0],"120":[0,0],"121":[0,0],"122":[0,0],"123":[0,0],"124":[0,0],"125":[0,0],"126":[0,0],"127":[0,0],"128":[0,0],"129":[0,0],"130":[0,0],"131":[0,0],"132":[0,0],"133":[0,0],"134":[0,0],"135":[0,0],"136":[0,0],"137":[0,0],"138":[0,0],"139":[0,0],"140":[0,0],"141":[0,0],"142":[0,0],"143":[0,0],"144":[0,0],"145":[0,0],"146":[0,0],"147":[0,0],"148":[0,0],"149":[0,0],"150":[0,0],"151":[0,0],"152":[0,0],"153":[0,0],"154":[0,0],"155":[0,0],"156":[0,0],"157":[0,0],"158":[0,0],"159":[0,0],"160":[0,0],"161":[0,0],"162":[0,0],"163":[0,0],"164":[0,0],"165":[0,0],"166":[0,0],"167":[0,0],"168":[0,0],"169":[0,0],"170":[0,0],"171":[0,0],"172":[0,0],"173":[0,0],"174":[0,0],"175":[0,0],"176":[0,0],"177":[0,0],"178":[0,0],"179":[0,0],"180":[0,0],"181":[0,0],"182":[0,0],"183":[0,0],"184":[0,0],"185":[0,0],"186":[0,0],"187":[0,0],"188":[0,0],"189":[0,0],"190":[0,0]},"f":{"1":0,"2":0,"3":0,"4":0,"5":0,"6":0,"7":0,"8":0,"9":0,"10":0,"11":0,"12":0,"13":0,"14":0,"15":0,"16":0,"17":0,"18":0,"19":0,"20":0,"21":0,"22":0,"23":0,"24":0,"25":0,"26":0,"27":0,"28":0,"29":0,"30":0,"31":0,"32":0,"33":0,"34":0,"35":0,"36":0,"37":0,"38":0,"39":0,"40":0,"41":0,"42":0,"43":0,"44":0,"45":0,"46":0,"47":0,"48":0,"49":0,"50":0,"51":0,"52":0,"53":0,"54":0,"55":0,"56":0,"57":0,"58":0,"59":0,"60":0,"61":0,"62":0,"63":0,"64":0,"65":0,"66":0,"67":0,"68":0,"69":0,"70":0,"71":0,"72":0,"73":0,"74":0,"75":0,"76":0,"77":0,"78":0,"79":0,"80":0,"81":0,"82":0,"83":0,"84":0,"85":0,"86":0,"87":0,"88":0,"89":0,"90":0,"91":0,"92":0,"93":0,"94":0,"95":0,"96":0,"97":0,"98":0,"99":0,"100":0,"101":0,"102":0,"103":0,"104":0,"105":0,"106":0,"107":0,"108":0,"109":0,"110":0,"111":0,"112":0,"113":0,"114":0,"115":0,"116":0,"117":0,"118":0,"119":0,"120":0,"121":0,"122":0,"123":0,"124":0,"125":0,"126":0,"127":0,"128":0,"129":0,"130":0,"131":0,"132":0,"133":0,"134":0,"135":0,"136":0,"137":0,"138":0,"139":0},"fnMap":{"1":{"name":"nonces","line":22,"loc":{"start":{"line":22,"column":4},"end":{"line":24,"column":4}}},"2":{"name":"_useNonce","line":31,"loc":{"start":{"line":31,"column":4},"end":{"line":38,"column":4}}},"3":{"name":"_useCheckedNonce","line":43,"loc":{"start":{"line":43,"column":4},"end":{"line":48,"column":4}}},"4":{"name":"getAddressSlot","line":140,"loc":{"start":{"line":140,"column":4},"end":{"line":145,"column":4}}},"5":{"name":"getBooleanSlot","line":150,"loc":{"start":{"line":150,"column":4},"end":{"line":155,"column":4}}},"6":{"name":"getBytes32Slot","line":160,"loc":{"start":{"line":160,"column":4},"end":{"line":165,"column":4}}},"7":{"name":"getUint256Slot","line":170,"loc":{"start":{"line":170,"column":4},"end":{"line":175,"column":4}}},"8":{"name":"getStringSlot","line":180,"loc":{"start":{"line":180,"column":4},"end":{"line":185,"column":4}}},"9":{"name":"getStringSlot","line":190,"loc":{"start":{"line":190,"column":4},"end":{"line":195,"column":4}}},"10":{"name":"getBytesSlot","line":200,"loc":{"start":{"line":200,"column":4},"end":{"line":205,"column":4}}},"11":{"name":"getBytesSlot","line":210,"loc":{"start":{"line":210,"column":4},"end":{"line":215,"column":4}}},"12":{"name":"toShortString","line":269,"loc":{"start":{"line":269,"column":4},"end":{"line":275,"column":4}}},"13":{"name":"toString","line":280,"loc":{"start":{"line":280,"column":4},"end":{"line":290,"column":4}}},"14":{"name":"byteLength","line":295,"loc":{"start":{"line":295,"column":4},"end":{"line":301,"column":4}}},"15":{"name":"toShortStringWithFallback","line":306,"loc":{"start":{"line":306,"column":4},"end":{"line":313,"column":4}}},"16":{"name":"toStringWithFallback","line":318,"loc":{"start":{"line":318,"column":4},"end":{"line":324,"column":4}}},"17":{"name":"byteLengthWithFallback","line":333,"loc":{"start":{"line":333,"column":4},"end":{"line":339,"column":4}}},"18":{"name":"max","line":355,"loc":{"start":{"line":355,"column":4},"end":{"line":357,"column":4}}},"19":{"name":"min","line":362,"loc":{"start":{"line":362,"column":4},"end":{"line":364,"column":4}}},"20":{"name":"average","line":370,"loc":{"start":{"line":370,"column":4},"end":{"line":374,"column":4}}},"21":{"name":"abs","line":379,"loc":{"start":{"line":379,"column":4},"end":{"line":384,"column":4}}},"22":{"name":"tryAdd","line":412,"loc":{"start":{"line":412,"column":4},"end":{"line":418,"column":4}}},"23":{"name":"trySub","line":423,"loc":{"start":{"line":423,"column":4},"end":{"line":428,"column":4}}},"24":{"name":"tryMul","line":433,"loc":{"start":{"line":433,"column":4},"end":{"line":443,"column":4}}},"25":{"name":"tryDiv","line":448,"loc":{"start":{"line":448,"column":4},"end":{"line":453,"column":4}}},"26":{"name":"tryMod","line":458,"loc":{"start":{"line":458,"column":4},"end":{"line":463,"column":4}}},"27":{"name":"max","line":468,"loc":{"start":{"line":468,"column":4},"end":{"line":470,"column":4}}},"28":{"name":"min","line":475,"loc":{"start":{"line":475,"column":4},"end":{"line":477,"column":4}}},"29":{"name":"average","line":483,"loc":{"start":{"line":483,"column":4},"end":{"line":486,"column":4}}},"30":{"name":"ceilDiv","line":494,"loc":{"start":{"line":494,"column":4},"end":{"line":502,"column":4}}},"31":{"name":"mulDiv","line":510,"loc":{"start":{"line":510,"column":4},"end":{"line":589,"column":4}}},"32":{"name":"mulDiv","line":594,"loc":{"start":{"line":594,"column":4},"end":{"line":600,"column":4}}},"33":{"name":"sqrt","line":608,"loc":{"start":{"line":608,"column":4},"end":{"line":639,"column":4}}},"34":{"name":"sqrt","line":644,"loc":{"start":{"line":644,"column":4},"end":{"line":649,"column":4}}},"35":{"name":"log2","line":655,"loc":{"start":{"line":655,"column":4},"end":{"line":691,"column":4}}},"36":{"name":"log2","line":697,"loc":{"start":{"line":697,"column":4},"end":{"line":702,"column":4}}},"37":{"name":"log10","line":708,"loc":{"start":{"line":708,"column":4},"end":{"line":740,"column":4}}},"38":{"name":"log10","line":746,"loc":{"start":{"line":746,"column":4},"end":{"line":751,"column":4}}},"39":{"name":"log256","line":759,"loc":{"start":{"line":759,"column":4},"end":{"line":783,"column":4}}},"40":{"name":"log256","line":789,"loc":{"start":{"line":789,"column":4},"end":{"line":794,"column":4}}},"41":{"name":"unsignedRoundsUp","line":799,"loc":{"start":{"line":799,"column":4},"end":{"line":801,"column":4}}},"42":{"name":"toString","line":827,"loc":{"start":{"line":827,"column":4},"end":{"line":847,"column":4}}},"43":{"name":"toStringSigned","line":852,"loc":{"start":{"line":852,"column":4},"end":{"line":854,"column":4}}},"44":{"name":"toHexString","line":859,"loc":{"start":{"line":859,"column":4},"end":{"line":863,"column":4}}},"45":{"name":"toHexString","line":868,"loc":{"start":{"line":868,"column":4},"end":{"line":881,"column":4}}},"46":{"name":"toHexString","line":887,"loc":{"start":{"line":887,"column":4},"end":{"line":889,"column":4}}},"47":{"name":"equal","line":894,"loc":{"start":{"line":894,"column":4},"end":{"line":896,"column":4}}},"48":{"name":"toEthSignedMessageHash","line":928,"loc":{"start":{"line":928,"column":4},"end":{"line":935,"column":4}}},"49":{"name":"toEthSignedMessageHash","line":947,"loc":{"start":{"line":947,"column":4},"end":{"line":950,"column":4}}},"50":{"name":"toDataWithIntendedValidatorHash","line":961,"loc":{"start":{"line":961,"column":4},"end":{"line":963,"column":4}}},"51":{"name":"toTypedDataHash","line":974,"loc":{"start":{"line":974,"column":4},"end":{"line":983,"column":4}}},"52":{"name":"constructor","line":1051,"loc":{"start":{"line":1051,"column":4},"end":{"line":1060,"column":4}}},"53":{"name":"_domainSeparatorV4","line":1065,"loc":{"start":{"line":1065,"column":4},"end":{"line":1071,"column":4}}},"54":{"name":"_buildDomainSeparator","line":1073,"loc":{"start":{"line":1073,"column":4},"end":{"line":1075,"column":4}}},"55":{"name":"_hashTypedDataV4","line":1092,"loc":{"start":{"line":1092,"column":4},"end":{"line":1094,"column":4}}},"56":{"name":"eip712Domain","line":1099,"loc":{"start":{"line":1099,"column":4},"end":{"line":1122,"column":4}}},"57":{"name":"_EIP712Name","line":1131,"loc":{"start":{"line":1131,"column":4},"end":{"line":1133,"column":4}}},"58":{"name":"_EIP712Version","line":1142,"loc":{"start":{"line":1142,"column":4},"end":{"line":1144,"column":4}}},"59":{"name":"tryRecover","line":1203,"loc":{"start":{"line":1203,"column":4},"end":{"line":1220,"column":4}}},"60":{"name":"recover","line":1236,"loc":{"start":{"line":1236,"column":4},"end":{"line":1240,"column":4}}},"61":{"name":"tryRecover","line":1247,"loc":{"start":{"line":1247,"column":4},"end":{"line":1254,"column":4}}},"62":{"name":"recover","line":1259,"loc":{"start":{"line":1259,"column":4},"end":{"line":1263,"column":4}}},"63":{"name":"tryRecover","line":1269,"loc":{"start":{"line":1269,"column":4},"end":{"line":1295,"column":4}}},"64":{"name":"recover","line":1301,"loc":{"start":{"line":1301,"column":4},"end":{"line":1305,"column":4}}},"65":{"name":"_throwError","line":1310,"loc":{"start":{"line":1310,"column":4},"end":{"line":1320,"column":4}}},"66":{"name":"_msgSender","line":1595,"loc":{"start":{"line":1595,"column":4},"end":{"line":1597,"column":4}}},"67":{"name":"_msgData","line":1599,"loc":{"start":{"line":1599,"column":4},"end":{"line":1601,"column":4}}},"68":{"name":"_contextSuffixLength","line":1603,"loc":{"start":{"line":1603,"column":4},"end":{"line":1605,"column":4}}},"69":{"name":"constructor","line":1645,"loc":{"start":{"line":1645,"column":4},"end":{"line":1650,"column":4}}},"70":{"name":"onlyOwner","line":1655,"loc":{"start":{"line":1655,"column":4},"end":{"line":1658,"column":4}}},"71":{"name":"owner","line":1663,"loc":{"start":{"line":1663,"column":4},"end":{"line":1665,"column":4}}},"72":{"name":"_checkOwner","line":1670,"loc":{"start":{"line":1670,"column":4},"end":{"line":1674,"column":4}}},"73":{"name":"renounceOwnership","line":1683,"loc":{"start":{"line":1683,"column":4},"end":{"line":1685,"column":4}}},"74":{"name":"transferOwnership","line":1691,"loc":{"start":{"line":1691,"column":4},"end":{"line":1696,"column":4}}},"75":{"name":"_transferOwnership","line":1702,"loc":{"start":{"line":1702,"column":4},"end":{"line":1706,"column":4}}},"76":{"name":"constructor","line":1866,"loc":{"start":{"line":1866,"column":4},"end":{"line":1869,"column":4}}},"77":{"name":"name","line":1874,"loc":{"start":{"line":1874,"column":4},"end":{"line":1876,"column":4}}},"78":{"name":"symbol","line":1882,"loc":{"start":{"line":1882,"column":4},"end":{"line":1884,"column":4}}},"79":{"name":"decimals","line":1899,"loc":{"start":{"line":1899,"column":4},"end":{"line":1901,"column":4}}},"80":{"name":"totalSupply","line":1906,"loc":{"start":{"line":1906,"column":4},"end":{"line":1908,"column":4}}},"81":{"name":"balanceOf","line":1913,"loc":{"start":{"line":1913,"column":4},"end":{"line":1915,"column":4}}},"82":{"name":"transfer","line":1925,"loc":{"start":{"line":1925,"column":4},"end":{"line":1929,"column":4}}},"83":{"name":"allowance","line":1934,"loc":{"start":{"line":1934,"column":4},"end":{"line":1936,"column":4}}},"84":{"name":"approve","line":1948,"loc":{"start":{"line":1948,"column":4},"end":{"line":1952,"column":4}}},"85":{"name":"transferFrom","line":1970,"loc":{"start":{"line":1970,"column":4},"end":{"line":1975,"column":4}}},"86":{"name":"_transfer","line":1987,"loc":{"start":{"line":1987,"column":4},"end":{"line":1995,"column":4}}},"87":{"name":"_update","line":2004,"loc":{"start":{"line":2004,"column":4},"end":{"line":2032,"column":4}}},"88":{"name":"_mint","line":2042,"loc":{"start":{"line":2042,"column":4},"end":{"line":2047,"column":4}}},"89":{"name":"_burn","line":2057,"loc":{"start":{"line":2057,"column":4},"end":{"line":2062,"column":4}}},"90":{"name":"_approve","line":2079,"loc":{"start":{"line":2079,"column":4},"end":{"line":2081,"column":4}}},"91":{"name":"_approve","line":2100,"loc":{"start":{"line":2100,"column":4},"end":{"line":2111,"column":4}}},"92":{"name":"_spendAllowance","line":2121,"loc":{"start":{"line":2121,"column":4},"end":{"line":2131,"column":4}}},"93":{"name":"constructor","line":2172,"loc":{"start":{"line":2172,"column":4},"end":{"line":2172,"column":55}}},"94":{"name":"permit","line":2177,"loc":{"start":{"line":2177,"column":4},"end":{"line":2200,"column":4}}},"95":{"name":"nonces","line":2205,"loc":{"start":{"line":2205,"column":4},"end":{"line":2207,"column":4}}},"96":{"name":"DOMAIN_SEPARATOR","line":2213,"loc":{"start":{"line":2213,"column":4},"end":{"line":2215,"column":4}}},"97":{"name":"feeSettingsLock","line":2489,"loc":{"start":{"line":2489,"column":4},"end":{"line":2493,"column":4}}},"98":{"name":"phasesLock","line":2496,"loc":{"start":{"line":2496,"column":4},"end":{"line":2499,"column":4}}},"99":{"name":"constructor","line":2506,"loc":{"start":{"line":2503,"column":4},"end":{"line":2580,"column":4}}},"100":{"name":"setMainDex","line":2587,"loc":{"start":{"line":2587,"column":4},"end":{"line":2599,"column":4}}},"101":{"name":"setCommunityTokens","line":2602,"loc":{"start":{"line":2602,"column":4},"end":{"line":2611,"column":4}}},"102":{"name":"setCtRouters","line":2614,"loc":{"start":{"line":2614,"column":4},"end":{"line":2631,"column":4}}},"103":{"name":"setProcessFeesMinimum","line":2634,"loc":{"start":{"line":2634,"column":4},"end":{"line":2639,"column":4}}},"104":{"name":"setTreasuryAddress","line":2642,"loc":{"start":{"line":2642,"column":4},"end":{"line":2648,"column":4}}},"105":{"name":"setFarmAddress","line":2651,"loc":{"start":{"line":2651,"column":4},"end":{"line":2657,"column":4}}},"106":{"name":"excludeFromFees","line":2660,"loc":{"start":{"line":2660,"column":4},"end":{"line":2664,"column":4}}},"107":{"name":"includeInFees","line":2667,"loc":{"start":{"line":2667,"column":4},"end":{"line":2672,"column":4}}},"108":{"name":"transferOwnership","line":2675,"loc":{"start":{"line":2675,"column":4},"end":{"line":2680,"column":4}}},"109":{"name":"setFeesInBasisPts","line":2688,"loc":{"start":{"line":2683,"column":4},"end":{"line":2696,"column":4}}},"110":{"name":"lockFeeSettings","line":2699,"loc":{"start":{"line":2699,"column":4},"end":{"line":2703,"column":4}}},"111":{"name":"setPairs","line":2706,"loc":{"start":{"line":2706,"column":4},"end":{"line":2717,"column":4}}},"112":{"name":"_update","line":2724,"loc":{"start":{"line":2724,"column":4},"end":{"line":2767,"column":4}}},"113":{"name":"beforeTokenTransfer","line":2770,"loc":{"start":{"line":2770,"column":4},"end":{"line":2785,"column":4}}},"114":{"name":"swapAndBurnLP","line":2788,"loc":{"start":{"line":2788,"column":4},"end":{"line":2822,"column":4}}},"115":{"name":"swapDRAGONForAVAX","line":2825,"loc":{"start":{"line":2825,"column":4},"end":{"line":2841,"column":4}}},"116":{"name":"swapAvaxForCT","line":2844,"loc":{"start":{"line":2844,"column":4},"end":{"line":2860,"column":4}}},"117":{"name":"addLiquidityDRAGON","line":2863,"loc":{"start":{"line":2863,"column":4},"end":{"line":2876,"column":4}}},"118":{"name":"addLiquidityCT","line":2879,"loc":{"start":{"line":2879,"column":4},"end":{"line":2897,"column":4}}},"119":{"name":"checkCtPairs","line":2900,"loc":{"start":{"line":2900,"column":4},"end":{"line":2907,"column":4}}},"120":{"name":"processFees","line":2913,"loc":{"start":{"line":2913,"column":4},"end":{"line":2970,"column":4}}},"121":{"name":"seedAndBurnCtLP","line":2973,"loc":{"start":{"line":2973,"column":4},"end":{"line":2986,"column":4}}},"122":{"name":"seedAndBurnDragonLP","line":2989,"loc":{"start":{"line":2989,"column":4},"end":{"line":3001,"column":4}}},"123":{"name":"tradingActive","line":3004,"loc":{"start":{"line":3004,"column":4},"end":{"line":3010,"column":4}}},"124":{"name":"tradingRestricted","line":3013,"loc":{"start":{"line":3013,"column":4},"end":{"line":3015,"column":4}}},"125":{"name":"tradingPhase","line":3018,"loc":{"start":{"line":3018,"column":4},"end":{"line":3031,"column":4}}},"126":{"name":"setPhasesStartTime","line":3038,"loc":{"start":{"line":3038,"column":4},"end":{"line":3042,"column":4}}},"127":{"name":"setWhaleLimitsPerPhase","line":3045,"loc":{"start":{"line":3045,"column":4},"end":{"line":3056,"column":4}}},"128":{"name":"lockPhasesSettings","line":3059,"loc":{"start":{"line":3059,"column":4},"end":{"line":3065,"column":4}}},"129":{"name":"setAllowlistedForSomePhase","line":3068,"loc":{"start":{"line":3068,"column":4},"end":{"line":3077,"column":4}}},"130":{"name":null,"line":3084,"loc":{"start":{"line":3084,"column":4},"end":{"line":3084,"column":33}}},"131":{"name":"withdrawAvaxTo","line":3088,"loc":{"start":{"line":3088,"column":4},"end":{"line":3092,"column":4}}},"132":{"name":"iERC20TransferFrom","line":3094,"loc":{"start":{"line":3094,"column":4},"end":{"line":3099,"column":4}}},"133":{"name":"iERC20Transfer","line":3101,"loc":{"start":{"line":3101,"column":4},"end":{"line":3107,"column":4}}},"134":{"name":"iERC20Approve","line":3109,"loc":{"start":{"line":3109,"column":4},"end":{"line":3113,"column":4}}},"135":{"name":"iERC721TransferFrom","line":3115,"loc":{"start":{"line":3115,"column":4},"end":{"line":3119,"column":4}}},"136":{"name":"iERC721SafeTransferFrom","line":3121,"loc":{"start":{"line":3121,"column":4},"end":{"line":3125,"column":4}}},"137":{"name":"iERC721Transfer","line":3127,"loc":{"start":{"line":3127,"column":4},"end":{"line":3131,"column":4}}},"138":{"name":"iERC721SafeTransfer","line":3133,"loc":{"start":{"line":3133,"column":4},"end":{"line":3137,"column":4}}},"139":{"name":"noDRAGONTokens","line":3139,"loc":{"start":{"line":3139,"column":4},"end":{"line":3142,"column":4}}}},"statementMap":{"1":{"start":{"line":23,"column":8},"end":{"line":23,"column":29}},"2":{"start":{"line":36,"column":12},"end":{"line":36,"column":35}},"3":{"start":{"line":44,"column":8},"end":{"line":44,"column":42}},"4":{"start":{"line":45,"column":8},"end":{"line":45,"column":1473}},"5":{"start":{"line":270,"column":8},"end":{"line":270,"column":38}},"6":{"start":{"line":271,"column":8},"end":{"line":271,"column":8262}},"7":{"start":{"line":274,"column":8},"end":{"line":274,"column":78}},"8":{"start":{"line":281,"column":8},"end":{"line":281,"column":38}},"9":{"start":{"line":283,"column":8},"end":{"line":283,"column":42}},"10":{"start":{"line":289,"column":8},"end":{"line":289,"column":18}},"11":{"start":{"line":296,"column":8},"end":{"line":296,"column":65}},"12":{"start":{"line":297,"column":8},"end":{"line":297,"column":9154}},"13":{"start":{"line":300,"column":8},"end":{"line":300,"column":21}},"14":{"start":{"line":307,"column":8},"end":{"line":307,"column":9495}},"15":{"start":{"line":308,"column":12},"end":{"line":308,"column":39}},"16":{"start":{"line":311,"column":12},"end":{"line":311,"column":54}},"17":{"start":{"line":319,"column":8},"end":{"line":319,"column":9978}},"18":{"start":{"line":320,"column":12},"end":{"line":320,"column":34}},"19":{"start":{"line":322,"column":12},"end":{"line":322,"column":24}},"20":{"start":{"line":334,"column":8},"end":{"line":334,"column":10631}},"21":{"start":{"line":335,"column":12},"end":{"line":335,"column":36}},"22":{"start":{"line":337,"column":12},"end":{"line":337,"column":38}},"23":{"start":{"line":356,"column":8},"end":{"line":356,"column":28}},"24":{"start":{"line":363,"column":8},"end":{"line":363,"column":28}},"25":{"start":{"line":372,"column":8},"end":{"line":372,"column":43}},"26":{"start":{"line":373,"column":8},"end":{"line":373,"column":56}},"27":{"start":{"line":382,"column":12},"end":{"line":382,"column":43}},"28":{"start":{"line":414,"column":12},"end":{"line":414,"column":29}},"29":{"start":{"line":415,"column":12},"end":{"line":415,"column":40}},"30":{"start":{"line":415,"column":23},"end":{"line":415,"column":40}},"31":{"start":{"line":416,"column":12},"end":{"line":416,"column":28}},"32":{"start":{"line":425,"column":12},"end":{"line":425,"column":40}},"33":{"start":{"line":425,"column":23},"end":{"line":425,"column":40}},"34":{"start":{"line":426,"column":12},"end":{"line":426,"column":32}},"35":{"start":{"line":438,"column":12},"end":{"line":438,"column":40}},"36":{"start":{"line":438,"column":24},"end":{"line":438,"column":40}},"37":{"start":{"line":439,"column":12},"end":{"line":439,"column":29}},"38":{"start":{"line":440,"column":12},"end":{"line":440,"column":45}},"39":{"start":{"line":440,"column":28},"end":{"line":440,"column":45}},"40":{"start":{"line":441,"column":12},"end":{"line":441,"column":28}},"41":{"start":{"line":450,"column":12},"end":{"line":450,"column":41}},"42":{"start":{"line":450,"column":24},"end":{"line":450,"column":41}},"43":{"start":{"line":451,"column":12},"end":{"line":451,"column":32}},"44":{"start":{"line":460,"column":12},"end":{"line":460,"column":41}},"45":{"start":{"line":460,"column":24},"end":{"line":460,"column":41}},"46":{"start":{"line":461,"column":12},"end":{"line":461,"column":32}},"47":{"start":{"line":469,"column":8},"end":{"line":469,"column":28}},"48":{"start":{"line":476,"column":8},"end":{"line":476,"column":28}},"49":{"start":{"line":485,"column":8},"end":{"line":485,"column":36}},"50":{"start":{"line":495,"column":8},"end":{"line":495,"column":15456}},"51":{"start":{"line":497,"column":12},"end":{"line":497,"column":24}},"52":{"start":{"line":501,"column":8},"end":{"line":501,"column":43}},"53":{"start":{"line":515,"column":12},"end":{"line":515,"column":33}},"54":{"start":{"line":516,"column":12},"end":{"line":516,"column":25}},"55":{"start":{"line":523,"column":12},"end":{"line":523,"column":16850}},"56":{"start":{"line":527,"column":16},"end":{"line":527,"column":42}},"57":{"start":{"line":531,"column":12},"end":{"line":531,"column":17328}},"58":{"start":{"line":540,"column":12},"end":{"line":540,"column":29}},"59":{"start":{"line":553,"column":12},"end":{"line":553,"column":58}},"60":{"start":{"line":571,"column":12},"end":{"line":571,"column":51}},"61":{"start":{"line":587,"column":12},"end":{"line":587,"column":25}},"62":{"start":{"line":595,"column":8},"end":{"line":595,"column":50}},"63":{"start":{"line":596,"column":8},"end":{"line":596,"column":20551}},"64":{"start":{"line":599,"column":8},"end":{"line":599,"column":21}},"65":{"start":{"line":609,"column":8},"end":{"line":609,"column":20995}},"66":{"start":{"line":610,"column":12},"end":{"line":610,"column":20}},"67":{"start":{"line":623,"column":8},"end":{"line":623,"column":44}},"68":{"start":{"line":637,"column":12},"end":{"line":637,"column":42}},"69":{"start":{"line":646,"column":12},"end":{"line":646,"column":36}},"70":{"start":{"line":647,"column":12},"end":{"line":647,"column":87}},"71":{"start":{"line":656,"column":8},"end":{"line":656,"column":26}},"72":{"start":{"line":658,"column":12},"end":{"line":658,"column":23212}},"73":{"start":{"line":662,"column":12},"end":{"line":662,"column":23328}},"74":{"start":{"line":666,"column":12},"end":{"line":666,"column":23441}},"75":{"start":{"line":670,"column":12},"end":{"line":670,"column":23554}},"76":{"start":{"line":674,"column":12},"end":{"line":674,"column":23667}},"77":{"start":{"line":678,"column":12},"end":{"line":678,"column":23777}},"78":{"start":{"line":682,"column":12},"end":{"line":682,"column":23887}},"79":{"start":{"line":686,"column":12},"end":{"line":686,"column":23997}},"80":{"start":{"line":690,"column":8},"end":{"line":690,"column":21}},"81":{"start":{"line":699,"column":12},"end":{"line":699,"column":40}},"82":{"start":{"line":700,"column":12},"end":{"line":700,"column":87}},"83":{"start":{"line":709,"column":8},"end":{"line":709,"column":26}},"84":{"start":{"line":711,"column":12},"end":{"line":711,"column":24781}},"85":{"start":{"line":715,"column":12},"end":{"line":715,"column":24901}},"86":{"start":{"line":719,"column":12},"end":{"line":719,"column":25021}},"87":{"start":{"line":723,"column":12},"end":{"line":723,"column":25141}},"88":{"start":{"line":727,"column":12},"end":{"line":727,"column":25258}},"89":{"start":{"line":731,"column":12},"end":{"line":731,"column":25375}},"90":{"start":{"line":735,"column":12},"end":{"line":735,"column":25492}},"91":{"start":{"line":739,"column":8},"end":{"line":739,"column":21}},"92":{"start":{"line":748,"column":12},"end":{"line":748,"column":41}},"93":{"start":{"line":749,"column":12},"end":{"line":749,"column":88}},"94":{"start":{"line":760,"column":8},"end":{"line":760,"column":26}},"95":{"start":{"line":762,"column":12},"end":{"line":762,"column":26411}},"96":{"start":{"line":766,"column":12},"end":{"line":766,"column":26526}},"97":{"start":{"line":770,"column":12},"end":{"line":770,"column":26638}},"98":{"start":{"line":774,"column":12},"end":{"line":774,"column":26750}},"99":{"start":{"line":778,"column":12},"end":{"line":778,"column":26862}},"100":{"start":{"line":782,"column":8},"end":{"line":782,"column":21}},"101":{"start":{"line":791,"column":12},"end":{"line":791,"column":42}},"102":{"start":{"line":792,"column":12},"end":{"line":792,"column":94}},"103":{"start":{"line":800,"column":8},"end":{"line":800,"column":39}},"104":{"start":{"line":829,"column":12},"end":{"line":829,"column":50}},"105":{"start":{"line":830,"column":12},"end":{"line":830,"column":53}},"106":{"start":{"line":831,"column":12},"end":{"line":831,"column":23}},"107":{"start":{"line":836,"column":12},"end":{"line":836,"column":28606}},"108":{"start":{"line":843,"column":16},"end":{"line":843,"column":37}},"109":{"start":{"line":845,"column":12},"end":{"line":845,"column":25}},"110":{"start":{"line":853,"column":8},"end":{"line":853,"column":83}},"111":{"start":{"line":861,"column":12},"end":{"line":861,"column":61}},"112":{"start":{"line":869,"column":8},"end":{"line":869,"column":34}},"113":{"start":{"line":870,"column":8},"end":{"line":870,"column":55}},"114":{"start":{"line":873,"column":8},"end":{"line":873,"column":29877}},"115":{"start":{"line":877,"column":8},"end":{"line":877,"column":30030}},"116":{"start":{"line":880,"column":8},"end":{"line":880,"column":29}},"117":{"start":{"line":888,"column":8},"end":{"line":888,"column":66}},"118":{"start":{"line":895,"column":8},"end":{"line":895,"column":95}},"119":{"start":{"line":948,"column":8},"end":{"line":948,"column":33137}},"120":{"start":{"line":962,"column":8},"end":{"line":962,"column":71}},"121":{"start":{"line":1066,"column":8},"end":{"line":1066,"column":38409}},"122":{"start":{"line":1067,"column":12},"end":{"line":1067,"column":41}},"123":{"start":{"line":1069,"column":12},"end":{"line":1069,"column":42}},"124":{"start":{"line":1074,"column":8},"end":{"line":1074,"column":106}},"125":{"start":{"line":1093,"column":8},"end":{"line":1093,"column":81}},"126":{"start":{"line":1113,"column":8},"end":{"line":1113,"column":40022}},"127":{"start":{"line":1132,"column":8},"end":{"line":1132,"column":56}},"128":{"start":{"line":1143,"column":8},"end":{"line":1143,"column":62}},"129":{"start":{"line":1204,"column":8},"end":{"line":1204,"column":43501}},"130":{"start":{"line":1205,"column":12},"end":{"line":1205,"column":21}},"131":{"start":{"line":1206,"column":12},"end":{"line":1206,"column":21}},"132":{"start":{"line":1207,"column":12},"end":{"line":1207,"column":19}},"133":{"start":{"line":1216,"column":12},"end":{"line":1216,"column":44}},"134":{"start":{"line":1218,"column":12},"end":{"line":1218,"column":95}},"135":{"start":{"line":1237,"column":8},"end":{"line":1237,"column":95}},"136":{"start":{"line":1238,"column":8},"end":{"line":1238,"column":35}},"137":{"start":{"line":1239,"column":8},"end":{"line":1239,"column":24}},"138":{"start":{"line":1249,"column":12},"end":{"line":1249,"column":104}},"139":{"start":{"line":1251,"column":12},"end":{"line":1251,"column":54}},"140":{"start":{"line":1252,"column":12},"end":{"line":1252,"column":44}},"141":{"start":{"line":1260,"column":8},"end":{"line":1260,"column":91}},"142":{"start":{"line":1261,"column":8},"end":{"line":1261,"column":35}},"143":{"start":{"line":1262,"column":8},"end":{"line":1262,"column":24}},"144":{"start":{"line":1284,"column":8},"end":{"line":1284,"column":47508}},"145":{"start":{"line":1285,"column":12},"end":{"line":1285,"column":66}},"146":{"start":{"line":1289,"column":8},"end":{"line":1289,"column":49}},"147":{"start":{"line":1290,"column":8},"end":{"line":1290,"column":47823}},"148":{"start":{"line":1291,"column":12},"end":{"line":1291,"column":74}},"149":{"start":{"line":1294,"column":8},"end":{"line":1294,"column":57}},"150":{"start":{"line":1302,"column":8},"end":{"line":1302,"column":93}},"151":{"start":{"line":1303,"column":8},"end":{"line":1303,"column":35}},"152":{"start":{"line":1304,"column":8},"end":{"line":1304,"column":24}},"153":{"start":{"line":1311,"column":8},"end":{"line":1311,"column":48631}},"154":{"start":{"line":1312,"column":12},"end":{"line":1312,"column":18}},"155":{"start":{"line":1313,"column":15},"end":{"line":1313,"column":48729}},"156":{"start":{"line":1315,"column":15},"end":{"line":1315,"column":48836}},"157":{"start":{"line":1317,"column":15},"end":{"line":1317,"column":48972}},"158":{"start":{"line":1596,"column":8},"end":{"line":1596,"column":25}},"159":{"start":{"line":1600,"column":8},"end":{"line":1600,"column":23}},"160":{"start":{"line":1604,"column":8},"end":{"line":1604,"column":16}},"161":{"start":{"line":1646,"column":8},"end":{"line":1646,"column":61957}},"162":{"start":{"line":1649,"column":8},"end":{"line":1649,"column":39}},"163":{"start":{"line":1656,"column":8},"end":{"line":1656,"column":20}},"164":{"start":{"line":1664,"column":8},"end":{"line":1664,"column":21}},"165":{"start":{"line":1671,"column":8},"end":{"line":1671,"column":62564}},"166":{"start":{"line":1684,"column":8},"end":{"line":1684,"column":37}},"167":{"start":{"line":1692,"column":8},"end":{"line":1692,"column":63357}},"168":{"start":{"line":1695,"column":8},"end":{"line":1695,"column":35}},"169":{"start":{"line":1703,"column":8},"end":{"line":1703,"column":33}},"170":{"start":{"line":1705,"column":8},"end":{"line":1705,"column":53}},"171":{"start":{"line":1875,"column":8},"end":{"line":1875,"column":20}},"172":{"start":{"line":1883,"column":8},"end":{"line":1883,"column":22}},"173":{"start":{"line":1900,"column":8},"end":{"line":1900,"column":17}},"174":{"start":{"line":1907,"column":8},"end":{"line":1907,"column":27}},"175":{"start":{"line":1914,"column":8},"end":{"line":1914,"column":33}},"176":{"start":{"line":1926,"column":8},"end":{"line":1926,"column":36}},"177":{"start":{"line":1927,"column":8},"end":{"line":1927,"column":34}},"178":{"start":{"line":1928,"column":8},"end":{"line":1928,"column":19}},"179":{"start":{"line":1935,"column":8},"end":{"line":1935,"column":42}},"180":{"start":{"line":1949,"column":8},"end":{"line":1949,"column":36}},"181":{"start":{"line":1950,"column":8},"end":{"line":1950,"column":38}},"182":{"start":{"line":1951,"column":8},"end":{"line":1951,"column":19}},"183":{"start":{"line":1971,"column":8},"end":{"line":1971,"column":38}},"184":{"start":{"line":1972,"column":8},"end":{"line":1972,"column":44}},"185":{"start":{"line":1973,"column":8},"end":{"line":1973,"column":33}},"186":{"start":{"line":1974,"column":8},"end":{"line":1974,"column":19}},"187":{"start":{"line":1988,"column":8},"end":{"line":1988,"column":73102}},"188":{"start":{"line":1991,"column":8},"end":{"line":1991,"column":73200}},"189":{"start":{"line":1994,"column":8},"end":{"line":1994,"column":31}},"190":{"start":{"line":2005,"column":8},"end":{"line":2005,"column":73740}},"191":{"start":{"line":2009,"column":12},"end":{"line":2009,"column":49}},"192":{"start":{"line":2010,"column":12},"end":{"line":2010,"column":73992}},"193":{"start":{"line":2019,"column":8},"end":{"line":2019,"column":74304}},"194":{"start":{"line":2031,"column":8},"end":{"line":2031,"column":38}},"195":{"start":{"line":2043,"column":8},"end":{"line":2043,"column":75209}},"196":{"start":{"line":2046,"column":8},"end":{"line":2046,"column":42}},"197":{"start":{"line":2058,"column":8},"end":{"line":2058,"column":75750}},"198":{"start":{"line":2061,"column":8},"end":{"line":2061,"column":42}},"199":{"start":{"line":2080,"column":8},"end":{"line":2080,"column":44}},"200":{"start":{"line":2101,"column":8},"end":{"line":2101,"column":77537}},"201":{"start":{"line":2104,"column":8},"end":{"line":2104,"column":77638}},"202":{"start":{"line":2108,"column":8},"end":{"line":2108,"column":77786}},"203":{"start":{"line":2109,"column":12},"end":{"line":2109,"column":48}},"204":{"start":{"line":2122,"column":8},"end":{"line":2122,"column":60}},"205":{"start":{"line":2123,"column":8},"end":{"line":2123,"column":78326}},"206":{"start":{"line":2124,"column":12},"end":{"line":2124,"column":78388}},"207":{"start":{"line":2128,"column":16},"end":{"line":2128,"column":72}},"208":{"start":{"line":2186,"column":8},"end":{"line":2186,"column":80350}},"209":{"start":{"line":2190,"column":8},"end":{"line":2190,"column":118}},"210":{"start":{"line":2192,"column":8},"end":{"line":2192,"column":51}},"211":{"start":{"line":2194,"column":8},"end":{"line":2194,"column":53}},"212":{"start":{"line":2195,"column":8},"end":{"line":2195,"column":80696}},"213":{"start":{"line":2199,"column":8},"end":{"line":2199,"column":38}},"214":{"start":{"line":2206,"column":8},"end":{"line":2206,"column":34}},"215":{"start":{"line":2214,"column":8},"end":{"line":2214,"column":35}},"216":{"start":{"line":2490,"column":8},"end":{"line":2490,"column":119}},"217":{"start":{"line":2491,"column":8},"end":{"line":2491,"column":63}},"218":{"start":{"line":2497,"column":8},"end":{"line":2497,"column":69}},"219":{"start":{"line":2516,"column":8},"end":{"line":2516,"column":74}},"220":{"start":{"line":2531,"column":8},"end":{"line":2531,"column":48}},"221":{"start":{"line":2532,"column":8},"end":{"line":2532,"column":100}},"222":{"start":{"line":2547,"column":8},"end":{"line":2547,"column":142}},"223":{"start":{"line":2548,"column":8},"end":{"line":2548,"column":43}},"224":{"start":{"line":2549,"column":8},"end":{"line":2549,"column":30}},"225":{"start":{"line":2555,"column":8},"end":{"line":2555,"column":95496}},"226":{"start":{"line":2557,"column":12},"end":{"line":2557,"column":50}},"227":{"start":{"line":2559,"column":12},"end":{"line":2559,"column":141}},"228":{"start":{"line":2577,"column":8},"end":{"line":2577,"column":62}},"229":{"start":{"line":2579,"column":8},"end":{"line":2579,"column":55}},"230":{"start":{"line":2589,"column":8},"end":{"line":2589,"column":63}},"231":{"start":{"line":2591,"column":8},"end":{"line":2591,"column":74}},"232":{"start":{"line":2593,"column":8},"end":{"line":2593,"column":107}},"233":{"start":{"line":2594,"column":8},"end":{"line":2594,"column":97973}},"234":{"start":{"line":2597,"column":8},"end":{"line":2597,"column":21}},"235":{"start":{"line":2598,"column":8},"end":{"line":2598,"column":54}},"236":{"start":{"line":2604,"column":8},"end":{"line":2604,"column":43}},"237":{"start":{"line":2605,"column":8},"end":{"line":2605,"column":72}},"238":{"start":{"line":2606,"column":8},"end":{"line":2606,"column":94}},"239":{"start":{"line":2608,"column":8},"end":{"line":2608,"column":21}},"240":{"start":{"line":2609,"column":8},"end":{"line":2609,"column":29}},"241":{"start":{"line":2610,"column":8},"end":{"line":2610,"column":62}},"242":{"start":{"line":2616,"column":8},"end":{"line":2616,"column":48}},"243":{"start":{"line":2617,"column":8},"end":{"line":2617,"column":142}},"244":{"start":{"line":2618,"column":8},"end":{"line":2618,"column":30}},"245":{"start":{"line":2619,"column":8},"end":{"line":2619,"column":45}},"246":{"start":{"line":2622,"column":8},"end":{"line":2622,"column":99487}},"247":{"start":{"line":2623,"column":12},"end":{"line":2623,"column":71}},"248":{"start":{"line":2627,"column":12},"end":{"line":2627,"column":127}},"249":{"start":{"line":2630,"column":8},"end":{"line":2630,"column":56}},"250":{"start":{"line":2635,"column":8},"end":{"line":2635,"column":116}},"251":{"start":{"line":2636,"column":8},"end":{"line":2636,"column":105}},"252":{"start":{"line":2638,"column":8},"end":{"line":2638,"column":65}},"253":{"start":{"line":2643,"column":8},"end":{"line":2643,"column":66}},"254":{"start":{"line":2647,"column":8},"end":{"line":2647,"column":62}},"255":{"start":{"line":2652,"column":8},"end":{"line":2652,"column":62}},"256":{"start":{"line":2656,"column":8},"end":{"line":2656,"column":58}},"257":{"start":{"line":2661,"column":8},"end":{"line":2661,"column":76}},"258":{"start":{"line":2663,"column":8},"end":{"line":2663,"column":38}},"259":{"start":{"line":2668,"column":8},"end":{"line":2668,"column":75}},"260":{"start":{"line":2669,"column":8},"end":{"line":2669,"column":83}},"261":{"start":{"line":2671,"column":8},"end":{"line":2671,"column":36}},"262":{"start":{"line":2676,"column":8},"end":{"line":2676,"column":66}},"263":{"start":{"line":2679,"column":8},"end":{"line":2679,"column":41}},"264":{"start":{"line":2694,"column":8},"end":{"line":2694,"column":71}},"265":{"start":{"line":2695,"column":8},"end":{"line":2695,"column":61}},"266":{"start":{"line":2700,"column":8},"end":{"line":2700,"column":59}},"267":{"start":{"line":2702,"column":8},"end":{"line":2702,"column":59}},"268":{"start":{"line":2707,"column":8},"end":{"line":2707,"column":48}},"269":{"start":{"line":2708,"column":8},"end":{"line":2708,"column":30}},"270":{"start":{"line":2710,"column":8},"end":{"line":2710,"column":103827}},"271":{"start":{"line":2712,"column":12},"end":{"line":2712,"column":104002}},"272":{"start":{"line":2716,"column":8},"end":{"line":2716,"column":52}},"273":{"start":{"line":2730,"column":8},"end":{"line":2730,"column":104438}},"274":{"start":{"line":2731,"column":12},"end":{"line":2731,"column":39}},"275":{"start":{"line":2732,"column":12},"end":{"line":2732,"column":18}},"276":{"start":{"line":2735,"column":8},"end":{"line":2735,"column":104544}},"277":{"start":{"line":2738,"column":12},"end":{"line":2738,"column":45}},"278":{"start":{"line":2739,"column":12},"end":{"line":2739,"column":18}},"279":{"start":{"line":2742,"column":8},"end":{"line":2742,"column":104762}},"280":{"start":{"line":2743,"column":12},"end":{"line":2743,"column":113}},"281":{"start":{"line":2746,"column":8},"end":{"line":2746,"column":40}},"282":{"start":{"line":2747,"column":8},"end":{"line":2747,"column":28}},"283":{"start":{"line":2749,"column":8},"end":{"line":2749,"column":105102}},"284":{"start":{"line":2753,"column":8},"end":{"line":2753,"column":105287}},"285":{"start":{"line":2754,"column":12},"end":{"line":2754,"column":57}},"286":{"start":{"line":2756,"column":12},"end":{"line":2756,"column":53}},"287":{"start":{"line":2759,"column":8},"end":{"line":2759,"column":105666}},"288":{"start":{"line":2760,"column":12},"end":{"line":2760,"column":43}},"289":{"start":{"line":2761,"column":12},"end":{"line":2761,"column":105833}},"290":{"start":{"line":2762,"column":16},"end":{"line":2762,"column":28}},"291":{"start":{"line":2766,"column":8},"end":{"line":2766,"column":41}},"292":{"start":{"line":2774,"column":8},"end":{"line":2774,"column":46}},"293":{"start":{"line":2776,"column":8},"end":{"line":2776,"column":106345}},"294":{"start":{"line":2777,"column":12},"end":{"line":2777,"column":18}},"295":{"start":{"line":2780,"column":8},"end":{"line":2780,"column":106454}},"296":{"start":{"line":2781,"column":12},"end":{"line":2781,"column":90}},"297":{"start":{"line":2783,"column":12},"end":{"line":2783,"column":126}},"298":{"start":{"line":2789,"column":8},"end":{"line":2789,"column":50}},"299":{"start":{"line":2790,"column":8},"end":{"line":2790,"column":83}},"300":{"start":{"line":2792,"column":8},"end":{"line":2792,"column":107252}},"301":{"start":{"line":2793,"column":12},"end":{"line":2793,"column":18}},"302":{"start":{"line":2796,"column":8},"end":{"line":2796,"column":59}},"303":{"start":{"line":2797,"column":8},"end":{"line":2797,"column":58}},"304":{"start":{"line":2798,"column":8},"end":{"line":2798,"column":76}},"305":{"start":{"line":2799,"column":8},"end":{"line":2799,"column":43}},"306":{"start":{"line":2800,"column":8},"end":{"line":2800,"column":77}},"307":{"start":{"line":2802,"column":8},"end":{"line":2802,"column":107914}},"308":{"start":{"line":2803,"column":12},"end":{"line":2803,"column":93}},"309":{"start":{"line":2804,"column":12},"end":{"line":2804,"column":58}},"310":{"start":{"line":2805,"column":12},"end":{"line":2805,"column":62}},"311":{"start":{"line":2807,"column":12},"end":{"line":2807,"column":71}},"312":{"start":{"line":2810,"column":8},"end":{"line":2810,"column":108549}},"313":{"start":{"line":2811,"column":12},"end":{"line":2811,"column":60}},"314":{"start":{"line":2812,"column":12},"end":{"line":2812,"column":53}},"315":{"start":{"line":2814,"column":12},"end":{"line":2814,"column":108848}},"316":{"start":{"line":2815,"column":16},"end":{"line":2815,"column":95}},"317":{"start":{"line":2816,"column":16},"end":{"line":2816,"column":43}},"318":{"start":{"line":2817,"column":16},"end":{"line":2817,"column":111}},"319":{"start":{"line":2818,"column":16},"end":{"line":2818,"column":80}},"320":{"start":{"line":2819,"column":16},"end":{"line":2819,"column":86}},"321":{"start":{"line":2826,"column":8},"end":{"line":2826,"column":48}},"322":{"start":{"line":2830,"column":8},"end":{"line":2830,"column":109605}},"323":{"start":{"line":2839,"column":12},"end":{"line":2839,"column":53}},"324":{"start":{"line":2845,"column":8},"end":{"line":2845,"column":48}},"325":{"start":{"line":2849,"column":8},"end":{"line":2849,"column":110302}},"326":{"start":{"line":2858,"column":12},"end":{"line":2858,"column":49}},"327":{"start":{"line":2864,"column":8},"end":{"line":2864,"column":110896}},"328":{"start":{"line":2874,"column":12},"end":{"line":2874,"column":54}},"329":{"start":{"line":2880,"column":8},"end":{"line":2880,"column":70}},"330":{"start":{"line":2883,"column":8},"end":{"line":2883,"column":111692}},"331":{"start":{"line":2895,"column":12},"end":{"line":2895,"column":50}},"332":{"start":{"line":2901,"column":8},"end":{"line":2901,"column":48}},"333":{"start":{"line":2902,"column":8},"end":{"line":2902,"column":30}},"334":{"start":{"line":2903,"column":8},"end":{"line":2903,"column":112299}},"335":{"start":{"line":2905,"column":12},"end":{"line":2905,"column":108}},"336":{"start":{"line":2914,"column":8},"end":{"line":2914,"column":112734}},"337":{"start":{"line":2915,"column":12},"end":{"line":2915,"column":129}},"338":{"start":{"line":2920,"column":8},"end":{"line":2920,"column":70}},"339":{"start":{"line":2921,"column":8},"end":{"line":2921,"column":65}},"340":{"start":{"line":2922,"column":8},"end":{"line":2922,"column":29}},"341":{"start":{"line":2923,"column":8},"end":{"line":2923,"column":113462}},"342":{"start":{"line":2929,"column":8},"end":{"line":2929,"column":59}},"343":{"start":{"line":2931,"column":8},"end":{"line":2931,"column":113777}},"344":{"start":{"line":2932,"column":12},"end":{"line":2932,"column":113823}},"345":{"start":{"line":2933,"column":16},"end":{"line":2933,"column":73}},"346":{"start":{"line":2934,"column":16},"end":{"line":2934,"column":22}},"347":{"start":{"line":2940,"column":12},"end":{"line":2940,"column":78}},"348":{"start":{"line":2941,"column":12},"end":{"line":2941,"column":80}},"349":{"start":{"line":2942,"column":12},"end":{"line":2942,"column":71}},"350":{"start":{"line":2943,"column":12},"end":{"line":2943,"column":79}},"351":{"start":{"line":2945,"column":12},"end":{"line":2945,"column":72}},"352":{"start":{"line":2946,"column":12},"end":{"line":2946,"column":140}},"353":{"start":{"line":2949,"column":12},"end":{"line":2949,"column":115036}},"354":{"start":{"line":2950,"column":16},"end":{"line":2950,"column":77}},"355":{"start":{"line":2953,"column":12},"end":{"line":2953,"column":115204}},"356":{"start":{"line":2954,"column":16},"end":{"line":2954,"column":69}},"357":{"start":{"line":2957,"column":12},"end":{"line":2957,"column":55}},"358":{"start":{"line":2959,"column":12},"end":{"line":2959,"column":64}},"359":{"start":{"line":2960,"column":12},"end":{"line":2960,"column":86}},"360":{"start":{"line":2962,"column":12},"end":{"line":2962,"column":115740}},"361":{"start":{"line":2963,"column":15},"end":{"line":2963,"column":121}},"362":{"start":{"line":2966,"column":12},"end":{"line":2966,"column":115910}},"363":{"start":{"line":2967,"column":15},"end":{"line":2967,"column":80}},"364":{"start":{"line":2974,"column":8},"end":{"line":2974,"column":78}},"365":{"start":{"line":2975,"column":8},"end":{"line":2975,"column":118}},"366":{"start":{"line":2976,"column":8},"end":{"line":2976,"column":90}},"367":{"start":{"line":2977,"column":8},"end":{"line":2977,"column":89}},"368":{"start":{"line":2978,"column":8},"end":{"line":2978,"column":86}},"369":{"start":{"line":2980,"column":8},"end":{"line":2980,"column":45}},"370":{"start":{"line":2981,"column":8},"end":{"line":2981,"column":81}},"371":{"start":{"line":2982,"column":8},"end":{"line":2982,"column":71}},"372":{"start":{"line":2983,"column":8},"end":{"line":2983,"column":64}},"373":{"start":{"line":2985,"column":8},"end":{"line":2985,"column":69}},"374":{"start":{"line":2990,"column":8},"end":{"line":2990,"column":78}},"375":{"start":{"line":2991,"column":8},"end":{"line":2991,"column":103}},"376":{"start":{"line":2992,"column":8},"end":{"line":2992,"column":91}},"377":{"start":{"line":2993,"column":8},"end":{"line":2993,"column":80}},"378":{"start":{"line":2994,"column":8},"end":{"line":2994,"column":90}},"379":{"start":{"line":2996,"column":8},"end":{"line":2996,"column":45}},"380":{"start":{"line":2997,"column":8},"end":{"line":2997,"column":71}},"381":{"start":{"line":2998,"column":8},"end":{"line":2998,"column":53}},"382":{"start":{"line":3000,"column":8},"end":{"line":3000,"column":62}},"383":{"start":{"line":3005,"column":8},"end":{"line":3005,"column":118527}},"384":{"start":{"line":3006,"column":12},"end":{"line":3006,"column":47}},"385":{"start":{"line":3008,"column":12},"end":{"line":3008,"column":24}},"386":{"start":{"line":3014,"column":8},"end":{"line":3014,"column":107}},"387":{"start":{"line":3019,"column":8},"end":{"line":3019,"column":119112}},"388":{"start":{"line":3020,"column":12},"end":{"line":3020,"column":20}},"389":{"start":{"line":3023,"column":8},"end":{"line":3023,"column":63}},"390":{"start":{"line":3024,"column":8},"end":{"line":3024,"column":68}},"391":{"start":{"line":3026,"column":8},"end":{"line":3026,"column":119395}},"392":{"start":{"line":3030,"column":8},"end":{"line":3030,"column":21}},"393":{"start":{"line":3039,"column":8},"end":{"line":3039,"column":67}},"394":{"start":{"line":3041,"column":8},"end":{"line":3041,"column":62}},"395":{"start":{"line":3046,"column":8},"end":{"line":3046,"column":40}},"396":{"start":{"line":3047,"column":8},"end":{"line":3047,"column":103}},"397":{"start":{"line":3048,"column":8},"end":{"line":3048,"column":36}},"398":{"start":{"line":3049,"column":8},"end":{"line":3049,"column":72}},"399":{"start":{"line":3050,"column":8},"end":{"line":3050,"column":120175}},"400":{"start":{"line":3051,"column":12},"end":{"line":3051,"column":134}},"401":{"start":{"line":3055,"column":8},"end":{"line":3055,"column":66}},"402":{"start":{"line":3060,"column":8},"end":{"line":3060,"column":84}},"403":{"start":{"line":3061,"column":8},"end":{"line":3061,"column":100}},"404":{"start":{"line":3062,"column":8},"end":{"line":3062,"column":21}},"405":{"start":{"line":3064,"column":8},"end":{"line":3064,"column":62}},"406":{"start":{"line":3069,"column":8},"end":{"line":3069,"column":70}},"407":{"start":{"line":3070,"column":8},"end":{"line":3070,"column":39}},"408":{"start":{"line":3071,"column":8},"end":{"line":3071,"column":61}},"409":{"start":{"line":3072,"column":8},"end":{"line":3072,"column":83}},"410":{"start":{"line":3073,"column":8},"end":{"line":3073,"column":121461}},"411":{"start":{"line":3076,"column":8},"end":{"line":3076,"column":70}},"412":{"start":{"line":3089,"column":8},"end":{"line":3089,"column":65}},"413":{"start":{"line":3090,"column":8},"end":{"line":3090,"column":28}},"414":{"start":{"line":3091,"column":8},"end":{"line":3091,"column":39}},"415":{"start":{"line":3095,"column":8},"end":{"line":3095,"column":32}},"416":{"start":{"line":3096,"column":8},"end":{"line":3096,"column":89}},"417":{"start":{"line":3097,"column":8},"end":{"line":3097,"column":60}},"418":{"start":{"line":3098,"column":8},"end":{"line":3098,"column":51}},"419":{"start":{"line":3102,"column":8},"end":{"line":3102,"column":32}},"420":{"start":{"line":3103,"column":8},"end":{"line":3103,"column":70}},"421":{"start":{"line":3105,"column":8},"end":{"line":3105,"column":60}},"422":{"start":{"line":3106,"column":8},"end":{"line":3106,"column":51}},"423":{"start":{"line":3110,"column":8},"end":{"line":3110,"column":32}},"424":{"start":{"line":3111,"column":8},"end":{"line":3111,"column":56}},"425":{"start":{"line":3112,"column":8},"end":{"line":3112,"column":56}},"426":{"start":{"line":3116,"column":8},"end":{"line":3116,"column":32}},"427":{"start":{"line":3117,"column":8},"end":{"line":3117,"column":73}},"428":{"start":{"line":3118,"column":8},"end":{"line":3118,"column":50}},"429":{"start":{"line":3122,"column":8},"end":{"line":3122,"column":32}},"430":{"start":{"line":3123,"column":8},"end":{"line":3123,"column":77}},"431":{"start":{"line":3124,"column":8},"end":{"line":3124,"column":50}},"432":{"start":{"line":3128,"column":8},"end":{"line":3128,"column":32}},"433":{"start":{"line":3129,"column":8},"end":{"line":3129,"column":70}},"434":{"start":{"line":3130,"column":8},"end":{"line":3130,"column":50}},"435":{"start":{"line":3134,"column":8},"end":{"line":3134,"column":32}},"436":{"start":{"line":3135,"column":8},"end":{"line":3135,"column":74}},"437":{"start":{"line":3136,"column":8},"end":{"line":3136,"column":50}},"438":{"start":{"line":3140,"column":8},"end":{"line":3140,"column":96}},"439":{"start":{"line":3141,"column":8},"end":{"line":3141,"column":76}}},"branchMap":{"1":{"line":45,"type":"if","locations":[{"start":{"line":45,"column":8},"end":{"line":45,"column":8}},{"start":{"line":45,"column":8},"end":{"line":45,"column":8}}]},"2":{"line":271,"type":"if","locations":[{"start":{"line":271,"column":8},"end":{"line":271,"column":8}},{"start":{"line":271,"column":8},"end":{"line":271,"column":8}}]},"3":{"line":297,"type":"if","locations":[{"start":{"line":297,"column":8},"end":{"line":297,"column":8}},{"start":{"line":297,"column":8},"end":{"line":297,"column":8}}]},"4":{"line":307,"type":"if","locations":[{"start":{"line":307,"column":8},"end":{"line":307,"column":8}},{"start":{"line":307,"column":8},"end":{"line":307,"column":8}}]},"5":{"line":319,"type":"if","locations":[{"start":{"line":319,"column":8},"end":{"line":319,"column":8}},{"start":{"line":319,"column":8},"end":{"line":319,"column":8}}]},"6":{"line":334,"type":"if","locations":[{"start":{"line":334,"column":8},"end":{"line":334,"column":8}},{"start":{"line":334,"column":8},"end":{"line":334,"column":8}}]},"7":{"line":356,"type":"if","locations":[{"start":{"line":356,"column":23},"end":{"line":356,"column":23}},{"start":{"line":356,"column":27},"end":{"line":356,"column":27}}]},"8":{"line":363,"type":"if","locations":[{"start":{"line":363,"column":23},"end":{"line":363,"column":23}},{"start":{"line":363,"column":27},"end":{"line":363,"column":27}}]},"9":{"line":415,"type":"if","locations":[{"start":{"line":415,"column":12},"end":{"line":415,"column":12}},{"start":{"line":415,"column":12},"end":{"line":415,"column":12}}]},"10":{"line":425,"type":"if","locations":[{"start":{"line":425,"column":12},"end":{"line":425,"column":12}},{"start":{"line":425,"column":12},"end":{"line":425,"column":12}}]},"11":{"line":438,"type":"if","locations":[{"start":{"line":438,"column":12},"end":{"line":438,"column":12}},{"start":{"line":438,"column":12},"end":{"line":438,"column":12}}]},"12":{"line":440,"type":"if","locations":[{"start":{"line":440,"column":12},"end":{"line":440,"column":12}},{"start":{"line":440,"column":12},"end":{"line":440,"column":12}}]},"13":{"line":450,"type":"if","locations":[{"start":{"line":450,"column":12},"end":{"line":450,"column":12}},{"start":{"line":450,"column":12},"end":{"line":450,"column":12}}]},"14":{"line":460,"type":"if","locations":[{"start":{"line":460,"column":12},"end":{"line":460,"column":12}},{"start":{"line":460,"column":12},"end":{"line":460,"column":12}}]},"15":{"line":469,"type":"if","locations":[{"start":{"line":469,"column":23},"end":{"line":469,"column":23}},{"start":{"line":469,"column":27},"end":{"line":469,"column":27}}]},"16":{"line":476,"type":"if","locations":[{"start":{"line":476,"column":23},"end":{"line":476,"column":23}},{"start":{"line":476,"column":27},"end":{"line":476,"column":27}}]},"17":{"line":495,"type":"if","locations":[{"start":{"line":495,"column":8},"end":{"line":495,"column":8}},{"start":{"line":495,"column":8},"end":{"line":495,"column":8}}]},"18":{"line":501,"type":"if","locations":[{"start":{"line":501,"column":24},"end":{"line":501,"column":24}},{"start":{"line":501,"column":28},"end":{"line":501,"column":42}}]},"19":{"line":523,"type":"if","locations":[{"start":{"line":523,"column":12},"end":{"line":523,"column":12}},{"start":{"line":523,"column":12},"end":{"line":523,"column":12}}]},"20":{"line":531,"type":"if","locations":[{"start":{"line":531,"column":12},"end":{"line":531,"column":12}},{"start":{"line":531,"column":12},"end":{"line":531,"column":12}}]},"21":{"line":596,"type":"if","locations":[{"start":{"line":596,"column":8},"end":{"line":596,"column":8}},{"start":{"line":596,"column":8},"end":{"line":596,"column":8}}]},"22":{"line":609,"type":"if","locations":[{"start":{"line":609,"column":8},"end":{"line":609,"column":8}},{"start":{"line":609,"column":8},"end":{"line":609,"column":8}}]},"23":{"line":647,"type":"if","locations":[{"start":{"line":647,"column":81},"end":{"line":647,"column":81}},{"start":{"line":647,"column":85},"end":{"line":647,"column":85}}]},"24":{"line":658,"type":"if","locations":[{"start":{"line":658,"column":12},"end":{"line":658,"column":12}},{"start":{"line":658,"column":12},"end":{"line":658,"column":12}}]},"25":{"line":662,"type":"if","locations":[{"start":{"line":662,"column":12},"end":{"line":662,"column":12}},{"start":{"line":662,"column":12},"end":{"line":662,"column":12}}]},"26":{"line":666,"type":"if","locations":[{"start":{"line":666,"column":12},"end":{"line":666,"column":12}},{"start":{"line":666,"column":12},"end":{"line":666,"column":12}}]},"27":{"line":670,"type":"if","locations":[{"start":{"line":670,"column":12},"end":{"line":670,"column":12}},{"start":{"line":670,"column":12},"end":{"line":670,"column":12}}]},"28":{"line":674,"type":"if","locations":[{"start":{"line":674,"column":12},"end":{"line":674,"column":12}},{"start":{"line":674,"column":12},"end":{"line":674,"column":12}}]},"29":{"line":678,"type":"if","locations":[{"start":{"line":678,"column":12},"end":{"line":678,"column":12}},{"start":{"line":678,"column":12},"end":{"line":678,"column":12}}]},"30":{"line":682,"type":"if","locations":[{"start":{"line":682,"column":12},"end":{"line":682,"column":12}},{"start":{"line":682,"column":12},"end":{"line":682,"column":12}}]},"31":{"line":686,"type":"if","locations":[{"start":{"line":686,"column":12},"end":{"line":686,"column":12}},{"start":{"line":686,"column":12},"end":{"line":686,"column":12}}]},"32":{"line":700,"type":"if","locations":[{"start":{"line":700,"column":81},"end":{"line":700,"column":81}},{"start":{"line":700,"column":85},"end":{"line":700,"column":85}}]},"33":{"line":711,"type":"if","locations":[{"start":{"line":711,"column":12},"end":{"line":711,"column":12}},{"start":{"line":711,"column":12},"end":{"line":711,"column":12}}]},"34":{"line":715,"type":"if","locations":[{"start":{"line":715,"column":12},"end":{"line":715,"column":12}},{"start":{"line":715,"column":12},"end":{"line":715,"column":12}}]},"35":{"line":719,"type":"if","locations":[{"start":{"line":719,"column":12},"end":{"line":719,"column":12}},{"start":{"line":719,"column":12},"end":{"line":719,"column":12}}]},"36":{"line":723,"type":"if","locations":[{"start":{"line":723,"column":12},"end":{"line":723,"column":12}},{"start":{"line":723,"column":12},"end":{"line":723,"column":12}}]},"37":{"line":727,"type":"if","locations":[{"start":{"line":727,"column":12},"end":{"line":727,"column":12}},{"start":{"line":727,"column":12},"end":{"line":727,"column":12}}]},"38":{"line":731,"type":"if","locations":[{"start":{"line":731,"column":12},"end":{"line":731,"column":12}},{"start":{"line":731,"column":12},"end":{"line":731,"column":12}}]},"39":{"line":735,"type":"if","locations":[{"start":{"line":735,"column":12},"end":{"line":735,"column":12}},{"start":{"line":735,"column":12},"end":{"line":735,"column":12}}]},"40":{"line":749,"type":"if","locations":[{"start":{"line":749,"column":82},"end":{"line":749,"column":82}},{"start":{"line":749,"column":86},"end":{"line":749,"column":86}}]},"41":{"line":762,"type":"if","locations":[{"start":{"line":762,"column":12},"end":{"line":762,"column":12}},{"start":{"line":762,"column":12},"end":{"line":762,"column":12}}]},"42":{"line":766,"type":"if","locations":[{"start":{"line":766,"column":12},"end":{"line":766,"column":12}},{"start":{"line":766,"column":12},"end":{"line":766,"column":12}}]},"43":{"line":770,"type":"if","locations":[{"start":{"line":770,"column":12},"end":{"line":770,"column":12}},{"start":{"line":770,"column":12},"end":{"line":770,"column":12}}]},"44":{"line":774,"type":"if","locations":[{"start":{"line":774,"column":12},"end":{"line":774,"column":12}},{"start":{"line":774,"column":12},"end":{"line":774,"column":12}}]},"45":{"line":778,"type":"if","locations":[{"start":{"line":778,"column":12},"end":{"line":778,"column":12}},{"start":{"line":778,"column":12},"end":{"line":778,"column":12}}]},"46":{"line":792,"type":"if","locations":[{"start":{"line":792,"column":88},"end":{"line":792,"column":88}},{"start":{"line":792,"column":92},"end":{"line":792,"column":92}}]},"47":{"line":843,"type":"if","locations":[{"start":{"line":843,"column":16},"end":{"line":843,"column":16}},{"start":{"line":843,"column":16},"end":{"line":843,"column":16}}]},"48":{"line":877,"type":"if","locations":[{"start":{"line":877,"column":8},"end":{"line":877,"column":8}},{"start":{"line":877,"column":8},"end":{"line":877,"column":8}}]},"49":{"line":1066,"type":"if","locations":[{"start":{"line":1066,"column":8},"end":{"line":1066,"column":8}},{"start":{"line":1066,"column":8},"end":{"line":1066,"column":8}}]},"50":{"line":1204,"type":"if","locations":[{"start":{"line":1204,"column":8},"end":{"line":1204,"column":8}},{"start":{"line":1204,"column":8},"end":{"line":1204,"column":8}}]},"51":{"line":1284,"type":"if","locations":[{"start":{"line":1284,"column":8},"end":{"line":1284,"column":8}},{"start":{"line":1284,"column":8},"end":{"line":1284,"column":8}}]},"52":{"line":1290,"type":"if","locations":[{"start":{"line":1290,"column":8},"end":{"line":1290,"column":8}},{"start":{"line":1290,"column":8},"end":{"line":1290,"column":8}}]},"53":{"line":1311,"type":"if","locations":[{"start":{"line":1311,"column":8},"end":{"line":1311,"column":8}},{"start":{"line":1311,"column":8},"end":{"line":1311,"column":8}}]},"54":{"line":1313,"type":"if","locations":[{"start":{"line":1313,"column":15},"end":{"line":1313,"column":15}},{"start":{"line":1313,"column":15},"end":{"line":1313,"column":15}}]},"55":{"line":1315,"type":"if","locations":[{"start":{"line":1315,"column":15},"end":{"line":1315,"column":15}},{"start":{"line":1315,"column":15},"end":{"line":1315,"column":15}}]},"56":{"line":1317,"type":"if","locations":[{"start":{"line":1317,"column":15},"end":{"line":1317,"column":15}},{"start":{"line":1317,"column":15},"end":{"line":1317,"column":15}}]},"57":{"line":1646,"type":"if","locations":[{"start":{"line":1646,"column":8},"end":{"line":1646,"column":8}},{"start":{"line":1646,"column":8},"end":{"line":1646,"column":8}}]},"58":{"line":1671,"type":"if","locations":[{"start":{"line":1671,"column":8},"end":{"line":1671,"column":8}},{"start":{"line":1671,"column":8},"end":{"line":1671,"column":8}}]},"59":{"line":1683,"type":"if","locations":[{"start":{"line":1683,"column":48},"end":{"line":1683,"column":48}},{"start":{"line":1683,"column":48},"end":{"line":1683,"column":48}}]},"60":{"line":1691,"type":"if","locations":[{"start":{"line":1691,"column":64},"end":{"line":1691,"column":64}},{"start":{"line":1691,"column":64},"end":{"line":1691,"column":64}}]},"61":{"line":1692,"type":"if","locations":[{"start":{"line":1692,"column":8},"end":{"line":1692,"column":8}},{"start":{"line":1692,"column":8},"end":{"line":1692,"column":8}}]},"62":{"line":1988,"type":"if","locations":[{"start":{"line":1988,"column":8},"end":{"line":1988,"column":8}},{"start":{"line":1988,"column":8},"end":{"line":1988,"column":8}}]},"63":{"line":1991,"type":"if","locations":[{"start":{"line":1991,"column":8},"end":{"line":1991,"column":8}},{"start":{"line":1991,"column":8},"end":{"line":1991,"column":8}}]},"64":{"line":2005,"type":"if","locations":[{"start":{"line":2005,"column":8},"end":{"line":2005,"column":8}},{"start":{"line":2005,"column":8},"end":{"line":2005,"column":8}}]},"65":{"line":2010,"type":"if","locations":[{"start":{"line":2010,"column":12},"end":{"line":2010,"column":12}},{"start":{"line":2010,"column":12},"end":{"line":2010,"column":12}}]},"66":{"line":2019,"type":"if","locations":[{"start":{"line":2019,"column":8},"end":{"line":2019,"column":8}},{"start":{"line":2019,"column":8},"end":{"line":2019,"column":8}}]},"67":{"line":2043,"type":"if","locations":[{"start":{"line":2043,"column":8},"end":{"line":2043,"column":8}},{"start":{"line":2043,"column":8},"end":{"line":2043,"column":8}}]},"68":{"line":2058,"type":"if","locations":[{"start":{"line":2058,"column":8},"end":{"line":2058,"column":8}},{"start":{"line":2058,"column":8},"end":{"line":2058,"column":8}}]},"69":{"line":2101,"type":"if","locations":[{"start":{"line":2101,"column":8},"end":{"line":2101,"column":8}},{"start":{"line":2101,"column":8},"end":{"line":2101,"column":8}}]},"70":{"line":2104,"type":"if","locations":[{"start":{"line":2104,"column":8},"end":{"line":2104,"column":8}},{"start":{"line":2104,"column":8},"end":{"line":2104,"column":8}}]},"71":{"line":2108,"type":"if","locations":[{"start":{"line":2108,"column":8},"end":{"line":2108,"column":8}},{"start":{"line":2108,"column":8},"end":{"line":2108,"column":8}}]},"72":{"line":2123,"type":"if","locations":[{"start":{"line":2123,"column":8},"end":{"line":2123,"column":8}},{"start":{"line":2123,"column":8},"end":{"line":2123,"column":8}}]},"73":{"line":2124,"type":"if","locations":[{"start":{"line":2124,"column":12},"end":{"line":2124,"column":12}},{"start":{"line":2124,"column":12},"end":{"line":2124,"column":12}}]},"74":{"line":2186,"type":"if","locations":[{"start":{"line":2186,"column":8},"end":{"line":2186,"column":8}},{"start":{"line":2186,"column":8},"end":{"line":2186,"column":8}}]},"75":{"line":2195,"type":"if","locations":[{"start":{"line":2195,"column":8},"end":{"line":2195,"column":8}},{"start":{"line":2195,"column":8},"end":{"line":2195,"column":8}}]},"76":{"line":2490,"type":"if","locations":[{"start":{"line":2490,"column":8},"end":{"line":2490,"column":8}},{"start":{"line":2490,"column":8},"end":{"line":2490,"column":8}}]},"77":{"line":2491,"type":"if","locations":[{"start":{"line":2491,"column":8},"end":{"line":2491,"column":8}},{"start":{"line":2491,"column":8},"end":{"line":2491,"column":8}}]},"78":{"line":2497,"type":"if","locations":[{"start":{"line":2497,"column":8},"end":{"line":2497,"column":8}},{"start":{"line":2497,"column":8},"end":{"line":2497,"column":8}}]},"79":{"line":2516,"type":"if","locations":[{"start":{"line":2516,"column":8},"end":{"line":2516,"column":8}},{"start":{"line":2516,"column":8},"end":{"line":2516,"column":8}}]},"80":{"line":2532,"type":"if","locations":[{"start":{"line":2532,"column":8},"end":{"line":2532,"column":8}},{"start":{"line":2532,"column":8},"end":{"line":2532,"column":8}}]},"81":{"line":2547,"type":"if","locations":[{"start":{"line":2547,"column":8},"end":{"line":2547,"column":8}},{"start":{"line":2547,"column":8},"end":{"line":2547,"column":8}}]},"82":{"line":2559,"type":"if","locations":[{"start":{"line":2559,"column":12},"end":{"line":2559,"column":12}},{"start":{"line":2559,"column":12},"end":{"line":2559,"column":12}}]},"83":{"line":2587,"type":"if","locations":[{"start":{"line":2587,"column":50},"end":{"line":2587,"column":50}},{"start":{"line":2587,"column":50},"end":{"line":2587,"column":50}}]},"84":{"line":2587,"type":"if","locations":[{"start":{"line":2587,"column":60},"end":{"line":2587,"column":60}},{"start":{"line":2587,"column":60},"end":{"line":2587,"column":60}}]},"85":{"line":2589,"type":"if","locations":[{"start":{"line":2589,"column":8},"end":{"line":2589,"column":8}},{"start":{"line":2589,"column":8},"end":{"line":2589,"column":8}}]},"86":{"line":2594,"type":"if","locations":[{"start":{"line":2594,"column":8},"end":{"line":2594,"column":8}},{"start":{"line":2594,"column":8},"end":{"line":2594,"column":8}}]},"87":{"line":2602,"type":"if","locations":[{"start":{"line":2602,"column":97},"end":{"line":2602,"column":97}},{"start":{"line":2602,"column":97},"end":{"line":2602,"column":97}}]},"88":{"line":2602,"type":"if","locations":[{"start":{"line":2602,"column":107},"end":{"line":2602,"column":107}},{"start":{"line":2602,"column":107},"end":{"line":2602,"column":107}}]},"89":{"line":2605,"type":"if","locations":[{"start":{"line":2605,"column":8},"end":{"line":2605,"column":8}},{"start":{"line":2605,"column":8},"end":{"line":2605,"column":8}}]},"90":{"line":2606,"type":"if","locations":[{"start":{"line":2606,"column":8},"end":{"line":2606,"column":8}},{"start":{"line":2606,"column":8},"end":{"line":2606,"column":8}}]},"91":{"line":2614,"type":"if","locations":[{"start":{"line":2614,"column":60},"end":{"line":2614,"column":60}},{"start":{"line":2614,"column":60},"end":{"line":2614,"column":60}}]},"92":{"line":2614,"type":"if","locations":[{"start":{"line":2614,"column":70},"end":{"line":2614,"column":70}},{"start":{"line":2614,"column":70},"end":{"line":2614,"column":70}}]},"93":{"line":2617,"type":"if","locations":[{"start":{"line":2617,"column":8},"end":{"line":2617,"column":8}},{"start":{"line":2617,"column":8},"end":{"line":2617,"column":8}}]},"94":{"line":2623,"type":"if","locations":[{"start":{"line":2623,"column":12},"end":{"line":2623,"column":12}},{"start":{"line":2623,"column":12},"end":{"line":2623,"column":12}}]},"95":{"line":2627,"type":"if","locations":[{"start":{"line":2627,"column":12},"end":{"line":2627,"column":12}},{"start":{"line":2627,"column":12},"end":{"line":2627,"column":12}}]},"96":{"line":2634,"type":"if","locations":[{"start":{"line":2634,"column":61},"end":{"line":2634,"column":61}},{"start":{"line":2634,"column":61},"end":{"line":2634,"column":61}}]},"97":{"line":2634,"type":"if","locations":[{"start":{"line":2634,"column":71},"end":{"line":2634,"column":71}},{"start":{"line":2634,"column":71},"end":{"line":2634,"column":71}}]},"98":{"line":2635,"type":"if","locations":[{"start":{"line":2635,"column":8},"end":{"line":2635,"column":8}},{"start":{"line":2635,"column":8},"end":{"line":2635,"column":8}}]},"99":{"line":2636,"type":"if","locations":[{"start":{"line":2636,"column":8},"end":{"line":2636,"column":8}},{"start":{"line":2636,"column":8},"end":{"line":2636,"column":8}}]},"100":{"line":2642,"type":"if","locations":[{"start":{"line":2642,"column":60},"end":{"line":2642,"column":60}},{"start":{"line":2642,"column":60},"end":{"line":2642,"column":60}}]},"101":{"line":2642,"type":"if","locations":[{"start":{"line":2642,"column":70},"end":{"line":2642,"column":70}},{"start":{"line":2642,"column":70},"end":{"line":2642,"column":70}}]},"102":{"line":2643,"type":"if","locations":[{"start":{"line":2643,"column":8},"end":{"line":2643,"column":8}},{"start":{"line":2643,"column":8},"end":{"line":2643,"column":8}}]},"103":{"line":2651,"type":"if","locations":[{"start":{"line":2651,"column":52},"end":{"line":2651,"column":52}},{"start":{"line":2651,"column":52},"end":{"line":2651,"column":52}}]},"104":{"line":2651,"type":"if","locations":[{"start":{"line":2651,"column":62},"end":{"line":2651,"column":62}},{"start":{"line":2651,"column":62},"end":{"line":2651,"column":62}}]},"105":{"line":2652,"type":"if","locations":[{"start":{"line":2652,"column":8},"end":{"line":2652,"column":8}},{"start":{"line":2652,"column":8},"end":{"line":2652,"column":8}}]},"106":{"line":2660,"type":"if","locations":[{"start":{"line":2660,"column":56},"end":{"line":2660,"column":56}},{"start":{"line":2660,"column":56},"end":{"line":2660,"column":56}}]},"107":{"line":2660,"type":"if","locations":[{"start":{"line":2660,"column":66},"end":{"line":2660,"column":66}},{"start":{"line":2660,"column":66},"end":{"line":2660,"column":66}}]},"108":{"line":2661,"type":"if","locations":[{"start":{"line":2661,"column":8},"end":{"line":2661,"column":8}},{"start":{"line":2661,"column":8},"end":{"line":2661,"column":8}}]},"109":{"line":2667,"type":"if","locations":[{"start":{"line":2667,"column":54},"end":{"line":2667,"column":54}},{"start":{"line":2667,"column":54},"end":{"line":2667,"column":54}}]},"110":{"line":2667,"type":"if","locations":[{"start":{"line":2667,"column":64},"end":{"line":2667,"column":64}},{"start":{"line":2667,"column":64},"end":{"line":2667,"column":64}}]},"111":{"line":2668,"type":"if","locations":[{"start":{"line":2668,"column":8},"end":{"line":2668,"column":8}},{"start":{"line":2668,"column":8},"end":{"line":2668,"column":8}}]},"112":{"line":2669,"type":"if","locations":[{"start":{"line":2669,"column":8},"end":{"line":2669,"column":8}},{"start":{"line":2669,"column":8},"end":{"line":2669,"column":8}}]},"113":{"line":2675,"type":"if","locations":[{"start":{"line":2675,"
[...]
":"if","locations":[{"start":{"line":1417,"column":8},"end":{"line":1417,"column":8}},{"start":{"line":1417,"column":8},"end":{"line":1417,"column":8}}]},"65":{"line":1419,"type":"if","locations":[{"start":{"line":1419,"column":8},"end":{"line":1419,"column":8}},{"start":{"line":1419,"column":8},"end":{"line":1419,"column":8}}]},"66":{"line":1441,"type":"if","locations":[{"start":{"line":1441,"column":8},"end":{"line":1441,"column":8}},{"start":{"line":1441,"column":8},"end":{"line":1441,"column":8}}]},"67":{"line":1444,"type":"if","locations":[{"start":{"line":1444,"column":8},"end":{"line":1444,"column":8}},{"start":{"line":1444,"column":8},"end":{"line":1444,"column":8}}]},"68":{"line":1446,"type":"if","locations":[{"start":{"line":1446,"column":8},"end":{"line":1446,"column":8}},{"start":{"line":1446,"column":8},"end":{"line":1446,"column":8}}]},"69":{"line":1471,"type":"if","locations":[{"start":{"line":1471,"column":8},"end":{"line":1471,"column":8}},{"start":{"line":1471,"column":8},"end":{"line":1471,"column":8}}]},"70":{"line":1474,"type":"if","locations":[{"start":{"line":1474,"column":8},"end":{"line":1474,"column":8}},{"start":{"line":1474,"column":8},"end":{"line":1474,"column":8}}]},"71":{"line":1476,"type":"if","locations":[{"start":{"line":1476,"column":8},"end":{"line":1476,"column":8}},{"start":{"line":1476,"column":8},"end":{"line":1476,"column":8}}]},"72":{"line":1501,"type":"if","locations":[{"start":{"line":1501,"column":8},"end":{"line":1501,"column":8}},{"start":{"line":1501,"column":8},"end":{"line":1501,"column":8}}]},"73":{"line":1504,"type":"if","locations":[{"start":{"line":1504,"column":8},"end":{"line":1504,"column":8}},{"start":{"line":1504,"column":8},"end":{"line":1504,"column":8}}]},"74":{"line":1506,"type":"if","locations":[{"start":{"line":1506,"column":8},"end":{"line":1506,"column":8}},{"start":{"line":1506,"column":8},"end":{"line":1506,"column":8}}]},"75":{"line":1516,"type":"if","locations":[{"start":{"line":1516,"column":8},"end":{"line":1516,"column":8}},{"start":{"line":1516,"column":8},"end":{"line":1516,"column":8}}]},"76":{"line":1531,"type":"if","locations":[{"start":{"line":1531,"column":8},"end":{"line":1531,"column":8}},{"start":{"line":1531,"column":8},"end":{"line":1531,"column":8}}]},"77":{"line":1534,"type":"if","locations":[{"start":{"line":1534,"column":8},"end":{"line":1534,"column":8}},{"start":{"line":1534,"column":8},"end":{"line":1534,"column":8}}]},"78":{"line":1536,"type":"if","locations":[{"start":{"line":1536,"column":8},"end":{"line":1536,"column":8}},{"start":{"line":1536,"column":8},"end":{"line":1536,"column":8}}]},"79":{"line":1546,"type":"if","locations":[{"start":{"line":1546,"column":8},"end":{"line":1546,"column":8}},{"start":{"line":1546,"column":8},"end":{"line":1546,"column":8}}]},"80":{"line":1568,"type":"if","locations":[{"start":{"line":1568,"column":22},"end":{"line":1568,"column":41}},{"start":{"line":1569,"column":22},"end":{"line":1569,"column":41}}]},"81":{"line":1580,"type":"if","locations":[{"start":{"line":1580,"column":18},"end":{"line":1580,"column":43}},{"start":{"line":1581,"column":18},"end":{"line":1581,"column":43}}]},"82":{"line":1583,"type":"if","locations":[{"start":{"line":1583,"column":18},"end":{"line":1583,"column":67}},{"start":{"line":1584,"column":18},"end":{"line":1584,"column":20}}]},"83":{"line":1595,"type":"if","locations":[{"start":{"line":1595,"column":32},"end":{"line":1595,"column":32}},{"start":{"line":1595,"column":32},"end":{"line":1595,"column":32}}]},"84":{"line":1604,"type":"if","locations":[{"start":{"line":1604,"column":8},"end":{"line":1604,"column":8}},{"start":{"line":1604,"column":8},"end":{"line":1604,"column":8}}]},"85":{"line":1616,"type":"if","locations":[{"start":{"line":1616,"column":40},"end":{"line":1616,"column":40}},{"start":{"line":1616,"column":40},"end":{"line":1616,"column":40}}]},"86":{"line":1617,"type":"if","locations":[{"start":{"line":1617,"column":8},"end":{"line":1617,"column":8}},{"start":{"line":1617,"column":8},"end":{"line":1617,"column":8}}]},"87":{"line":1628,"type":"if","locations":[{"start":{"line":1628,"column":8},"end":{"line":1628,"column":8}},{"start":{"line":1628,"column":8},"end":{"line":1628,"column":8}}]},"88":{"line":1640,"type":"if","locations":[{"start":{"line":1640,"column":40},"end":{"line":1640,"column":40}},{"start":{"line":1640,"column":40},"end":{"line":1640,"column":40}}]},"89":{"line":1641,"type":"if","locations":[{"start":{"line":1641,"column":8},"end":{"line":1641,"column":8}},{"start":{"line":1641,"column":8},"end":{"line":1641,"column":8}}]},"90":{"line":1652,"type":"if","locations":[{"start":{"line":1652,"column":8},"end":{"line":1652,"column":8}},{"start":{"line":1652,"column":8},"end":{"line":1652,"column":8}}]},"91":{"line":1665,"type":"if","locations":[{"start":{"line":1665,"column":32},"end":{"line":1665,"column":32}},{"start":{"line":1665,"column":32},"end":{"line":1665,"column":32}}]},"92":{"line":1666,"type":"if","locations":[{"start":{"line":1666,"column":8},"end":{"line":1666,"column":8}},{"start":{"line":1666,"column":8},"end":{"line":1666,"column":8}}]},"93":{"line":1675,"type":"if","locations":[{"start":{"line":1675,"column":8},"end":{"line":1675,"column":8}},{"start":{"line":1675,"column":8},"end":{"line":1675,"column":8}}]},"94":{"line":1689,"type":"if","locations":[{"start":{"line":1689,"column":32},"end":{"line":1689,"column":32}},{"start":{"line":1689,"column":32},"end":{"line":1689,"column":32}}]},"95":{"line":1690,"type":"if","locations":[{"start":{"line":1690,"column":8},"end":{"line":1690,"column":8}},{"start":{"line":1690,"column":8},"end":{"line":1690,"column":8}}]},"96":{"line":1699,"type":"if","locations":[{"start":{"line":1699,"column":8},"end":{"line":1699,"column":8}},{"start":{"line":1699,"column":8},"end":{"line":1699,"column":8}}]}}},
"contracts\\Multicall.sol":{"l":{"23":0,"24":0,"25":0,"26":0,"29":0,"30":0,"36":0,"40":0,"46":0,"50":0,"58":0,"66":0,"70":0,"74":0},"path":"E:\\Project\\Current Work\\Bread\\DragonPresale\\hardhat-tutorial\\contracts\\Multicall.sol","s":{"1":0,"2":0,"3":0},"b":{"1":[0,0]},"f":{"1":0,"2":0,"3":0,"4":0,"5":0,"6":0,"7":0,"8":0,"9":0},"fnMap":{"1":{"name":"aggregate","line":20,"loc":{"start":{"line":20,"column":4},"end":{"line":32,"column":4}}},"2":{"name":"getEthBalance","line":35,"loc":{"start":{"line":35,"column":4},"end":{"line":37,"column":4}}},"3":{"name":"getAvaxBalance","line":39,"loc":{"start":{"line":39,"column":4},"end":{"line":41,"column":4}}},"4":{"name":"getBlockHash","line":43,"loc":{"start":{"line":43,"column":4},"end":{"line":47,"column":4}}},"5":{"name":"getLastBlockHash","line":49,"loc":{"start":{"line":49,"column":4},"end":{"line":51,"column":4}}},"6":{"name":"getCurrentBlockTimestamp","line":53,"loc":{"start":{"line":53,"column":4},"end":{"line":59,"column":4}}},"7":{"name":"getCurrentBlockDifficulty","line":61,"loc":{"start":{"line":61,"column":4},"end":{"line":67,"column":4}}},"8":{"name":"getCurrentBlockGasLimit","line":69,"loc":{"start":{"line":69,"column":4},"end":{"line":71,"column":4}}},"9":{"name":"getCurrentBlockCoinbase","line":73,"loc":{"start":{"line":73,"column":4},"end":{"line":75,"column":4}}}},"statementMap":{"1":{"start":{"line":25,"column":8},"end":{"line":25,"column":895}},"2":{"start":{"line":26,"column":12},"end":{"line":26,"column":958}},"3":{"start":{"line":29,"column":12},"end":{"line":29,"column":27}}},"branchMap":{"1":{"line":29,"type":"if","locations":[{"start":{"line":29,"column":12},"end":{"line":29,"column":12}},{"start":{"line":29,"column":12},"end":{"line":29,"column":12}}]}}},
"contracts\\MyToken.sol":{"l":{"186":3,"190":0,"194":0,"356":3,"357":3,"364":0,"372":0,"389":3,"396":0,"403":0,"415":0,"416":0,"417":0,"424":0,"438":3,"439":3,"440":3,"460":0,"461":0,"462":0,"463":0,"477":0,"478":0,"480":0,"481":0,"483":0,"494":3,"496":3,"498":0,"499":0,"500":0,"502":0,"504":0,"508":3,"509":0,"511":0,"514":3,"516":3,"520":3,"532":3,"533":0,"535":3,"547":0,"548":0,"550":0,"569":3,"590":3,"591":0,"593":3,"594":0,"596":3,"597":3,"598":3,"611":0,"612":0,"613":0,"614":0,"616":0,"617":0,"630":3},"path":"E:\\Project\\Current Work\\Bread\\DragonPresale\\hardhat-tutorial\\contracts\\MyToken.sol","s":{"1":3,"2":0,"3":0,"4":0,"5":0,"6":3,"7":0,"8":0,"9":0,"10":0,"11":0,"12":0,"13":3,"14":3,"15":3,"16":0,"17":0,"18":0,"19":0,"20":0,"21":0,"22":0,"23":3,"24":0,"25":0,"26":3,"27":3,"28":3,"29":3,"30":0,"31":0,"32":3,"33":3,"34":3,"35":3,"36":3,"37":0,"38":0,"39":0,"40":0,"41":3},"b":{"1":[0,0],"2":[0,0],"3":[3,0],"4":[0,0],"5":[0,3],"6":[0,3],"7":[0,0],"8":[0,3],"9":[0,3],"10":[3,0],"11":[0,0],"12":[0,0]},"f":{"1":3,"2":0,"3":0,"4":3,"5":0,"6":0,"7":3,"8":0,"9":0,"10":0,"11":0,"12":3,"13":0,"14":0,"15":3,"16":3,"17":0,"18":3,"19":3,"20":0,"21":3},"fnMap":{"1":{"name":"_msgSender","line":185,"loc":{"start":{"line":185,"column":4},"end":{"line":187,"column":4}}},"2":{"name":"_msgData","line":189,"loc":{"start":{"line":189,"column":4},"end":{"line":191,"column":4}}},"3":{"name":"_contextSuffixLength","line":193,"loc":{"start":{"line":193,"column":4},"end":{"line":195,"column":4}}},"4":{"name":"constructor","line":355,"loc":{"start":{"line":355,"column":4},"end":{"line":358,"column":4}}},"5":{"name":"name","line":363,"loc":{"start":{"line":363,"column":4},"end":{"line":365,"column":4}}},"6":{"name":"symbol","line":371,"loc":{"start":{"line":371,"column":4},"end":{"line":373,"column":4}}},"7":{"name":"decimals","line":388,"loc":{"start":{"line":388,"column":4},"end":{"line":390,"column":4}}},"8":{"name":"totalSupply","line":395,"loc":{"start":{"line":395,"column":4},"end":{"line":397,"column":4}}},"9":{"name":"balanceOf","line":402,"loc":{"start":{"line":402,"column":4},"end":{"line":404,"column":4}}},"10":{"name":"transfer","line":414,"loc":{"start":{"line":414,"column":4},"end":{"line":418,"column":4}}},"11":{"name":"allowance","line":423,"loc":{"start":{"line":423,"column":4},"end":{"line":425,"column":4}}},"12":{"name":"approve","line":437,"loc":{"start":{"line":437,"column":4},"end":{"line":441,"column":4}}},"13":{"name":"transferFrom","line":459,"loc":{"start":{"line":459,"column":4},"end":{"line":464,"column":4}}},"14":{"name":"_transfer","line":476,"loc":{"start":{"line":476,"column":4},"end":{"line":484,"column":4}}},"15":{"name":"_update","line":493,"loc":{"start":{"line":493,"column":4},"end":{"line":521,"column":4}}},"16":{"name":"_mint","line":531,"loc":{"start":{"line":531,"column":4},"end":{"line":536,"column":4}}},"17":{"name":"_burn","line":546,"loc":{"start":{"line":546,"column":4},"end":{"line":551,"column":4}}},"18":{"name":"_approve","line":568,"loc":{"start":{"line":568,"column":4},"end":{"line":570,"column":4}}},"19":{"name":"_approve","line":589,"loc":{"start":{"line":589,"column":4},"end":{"line":600,"column":4}}},"20":{"name":"_spendAllowance","line":610,"loc":{"start":{"line":610,"column":4},"end":{"line":620,"column":4}}},"21":{"name":"constructor","line":629,"loc":{"start":{"line":629,"column":4},"end":{"line":631,"column":4}}}},"statementMap":{"1":{"start":{"line":186,"column":8},"end":{"line":186,"column":25}},"2":{"start":{"line":190,"column":8},"end":{"line":190,"column":23}},"3":{"start":{"line":194,"column":8},"end":{"line":194,"column":16}},"4":{"start":{"line":364,"column":8},"end":{"line":364,"column":20}},"5":{"start":{"line":372,"column":8},"end":{"line":372,"column":22}},"6":{"start":{"line":389,"column":8},"end":{"line":389,"column":17}},"7":{"start":{"line":396,"column":8},"end":{"line":396,"column":27}},"8":{"start":{"line":403,"column":8},"end":{"line":403,"column":33}},"9":{"start":{"line":415,"column":8},"end":{"line":415,"column":36}},"10":{"start":{"line":416,"column":8},"end":{"line":416,"column":34}},"11":{"start":{"line":417,"column":8},"end":{"line":417,"column":19}},"12":{"start":{"line":424,"column":8},"end":{"line":424,"column":42}},"13":{"start":{"line":438,"column":8},"end":{"line":438,"column":36}},"14":{"start":{"line":439,"column":8},"end":{"line":439,"column":38}},"15":{"start":{"line":440,"column":8},"end":{"line":440,"column":19}},"16":{"start":{"line":460,"column":8},"end":{"line":460,"column":38}},"17":{"start":{"line":461,"column":8},"end":{"line":461,"column":44}},"18":{"start":{"line":462,"column":8},"end":{"line":462,"column":33}},"19":{"start":{"line":463,"column":8},"end":{"line":463,"column":19}},"20":{"start":{"line":477,"column":8},"end":{"line":477,"column":17008}},"21":{"start":{"line":480,"column":8},"end":{"line":480,"column":17106}},"22":{"start":{"line":483,"column":8},"end":{"line":483,"column":31}},"23":{"start":{"line":494,"column":8},"end":{"line":494,"column":17646}},"24":{"start":{"line":498,"column":12},"end":{"line":498,"column":49}},"25":{"start":{"line":499,"column":12},"end":{"line":499,"column":17898}},"26":{"start":{"line":508,"column":8},"end":{"line":508,"column":18210}},"27":{"start":{"line":520,"column":8},"end":{"line":520,"column":38}},"28":{"start":{"line":532,"column":8},"end":{"line":532,"column":19115}},"29":{"start":{"line":535,"column":8},"end":{"line":535,"column":42}},"30":{"start":{"line":547,"column":8},"end":{"line":547,"column":19656}},"31":{"start":{"line":550,"column":8},"end":{"line":550,"column":42}},"32":{"start":{"line":569,"column":8},"end":{"line":569,"column":44}},"33":{"start":{"line":590,"column":8},"end":{"line":590,"column":21443}},"34":{"start":{"line":593,"column":8},"end":{"line":593,"column":21544}},"35":{"start":{"line":597,"column":8},"end":{"line":597,"column":21692}},"36":{"start":{"line":598,"column":12},"end":{"line":598,"column":48}},"37":{"start":{"line":611,"column":8},"end":{"line":611,"column":60}},"38":{"start":{"line":612,"column":8},"end":{"line":612,"column":22232}},"39":{"start":{"line":613,"column":12},"end":{"line":613,"column":22294}},"40":{"start":{"line":617,"column":16},"end":{"line":617,"column":72}},"41":{"start":{"line":630,"column":8},"end":{"line":630,"column":53}}},"branchMap":{"1":{"line":477,"type":"if","locations":[{"start":{"line":477,"column":8},"end":{"line":477,"column":8}},{"start":{"line":477,"column":8},"end":{"line":477,"column":8}}]},"2":{"line":480,"type":"if","locations":[{"start":{"line":480,"column":8},"end":{"line":480,"column":8}},{"start":{"line":480,"column":8},"end":{"line":480,"column":8}}]},"3":{"line":494,"type":"if","locations":[{"start":{"line":494,"column":8},"end":{"line":494,"column":8}},{"start":{"line":494,"column":8},"end":{"line":494,"column":8}}]},"4":{"line":499,"type":"if","locations":[{"start":{"line":499,"column":12},"end":{"line":499,"column":12}},{"start":{"line":499,"column":12},"end":{"line":499,"column":12}}]},"5":{"line":508,"type":"if","locations":[{"start":{"line":508,"column":8},"end":{"line":508,"column":8}},{"start":{"line":508,"column":8},"end":{"line":508,"column":8}}]},"6":{"line":532,"type":"if","locations":[{"start":{"line":532,"column":8},"end":{"line":532,"column":8}},{"start":{"line":532,"column":8},"end":{"line":532,"column":8}}]},"7":{"line":547,"type":"if","locations":[{"start":{"line":547,"column":8},"end":{"line":547,"column":8}},{"start":{"line":547,"column":8},"end":{"line":547,"column":8}}]},"8":{"line":590,"type":"if","locations":[{"start":{"line":590,"column":8},"end":{"line":590,"column":8}},{"start":{"line":590,"column":8},"end":{"line":590,"column":8}}]},"9":{"line":593,"type":"if","locations":[{"start":{"line":593,"column":8},"end":{"line":593,"column":8}},{"start":{"line":593,"column":8},"end":{"line":593,"column":8}}]},"10":{"line":597,"type":"if","locations":[{"start":{"line":597,"column":8},"end":{"line":597,"column":8}},{"start":{"line":597,"column":8},"end":{"line":597,"column":8}}]},"11":{"line":612,"type":"if","locations":[{"start":{"line":612,"column":8},"end":{"line":612,"column":8}},{"start":{"line":612,"column":8},"end":{"line":612,"column":8}}]},"12":{"line":613,"type":"if","locations":[{"start":{"line":613,"column":12},"end":{"line":613,"column":12}},{"start":{"line":613,"column":12},"end":{"line":613,"column":12}}]}}},
"contracts\\Token.sol":{"l":{"33":0,"34":0,"47":0,"50":0,"51":0,"54":0,"64":0,"68":0},"path":"E:\\Project\\Current Work\\Bread\\DragonPresale\\hardhat-tutorial\\contracts\\Token.sol","s":{"1":0,"2":0,"3":0,"4":0},"b":{"1":[0,0]},"f":{"1":0,"2":0,"3":0,"4":0},"fnMap":{"1":{"name":"constructor","line":30,"loc":{"start":{"line":30,"column":4},"end":{"line":35,"column":4}}},"2":{"name":"transfer","line":43,"loc":{"start":{"line":43,"column":4},"end":{"line":55,"column":4}}},"3":{"name":"balanceOf","line":63,"loc":{"start":{"line":63,"column":4},"end":{"line":65,"column":4}}},"4":{"name":"thisAddress","line":67,"loc":{"start":{"line":67,"column":4},"end":{"line":69,"column":4}}}},"statementMap":{"1":{"start":{"line":47,"column":8},"end":{"line":47,"column":67}},"2":{"start":{"line":54,"column":8},"end":{"line":54,"column":45}},"3":{"start":{"line":64,"column":8},"end":{"line":64,"column":32}},"4":{"start":{"line":68,"column":8},"end":{"line":68,"column":28}}},"branchMap":{"1":{"line":47,"type":"if","locations":[{"start":{"line":47,"column":8},"end":{"line":47,"column":8}},{"start":{"line":47,"column":8},"end":{"line":47,"column":8}}]}}},
"contracts\\WAVAX.sol":{"l":{"34":0,"37":0,"38":0,"41":0,"42":0,"43":0,"44":0,"48":0,"52":0,"53":0,"54":0,"58":0,"65":0,"67":0,"68":0,"69":0,"72":0,"73":0,"75":0,"77":0},"path":"E:\\Project\\Current Work\\Bread\\DragonPresale\\hardhat-tutorial\\contracts\\WAVAX.sol","s":{"1":0,"2":0,"3":0,"4":0,"5":0,"6":0,"7":0,"8":0,"9":0,"10":0,"11":0,"12":0,"13":0,"14":0},"b":{"1":[0,0],"2":[0,0],"3":[0,0],"4":[0,0]},"f":{"1":0,"2":0,"3":0,"4":0,"5":0,"6":0,"7":0},"fnMap":{"1":{"name":"","line":33,"loc":{"start":{"line":33,"column":4},"end":{"line":35,"column":4}}},"2":{"name":"deposit","line":36,"loc":{"start":{"line":36,"column":4},"end":{"line":39,"column":4}}},"3":{"name":"withdraw","line":40,"loc":{"start":{"line":40,"column":4},"end":{"line":45,"column":4}}},"4":{"name":"totalSupply","line":47,"loc":{"start":{"line":47,"column":4},"end":{"line":49,"column":4}}},"5":{"name":"approve","line":51,"loc":{"start":{"line":51,"column":4},"end":{"line":55,"column":4}}},"6":{"name":"transfer","line":57,"loc":{"start":{"line":57,"column":4},"end":{"line":59,"column":4}}},"7":{"name":"transferFrom","line":61,"loc":{"start":{"line":61,"column":4},"end":{"line":78,"column":4}}}},"statementMap":{"1":{"start":{"line":34,"column":8},"end":{"line":34,"column":16}},"2":{"start":{"line":38,"column":8},"end":{"line":38,"column":43}},"3":{"start":{"line":41,"column":8},"end":{"line":41,"column":44}},"4":{"start":{"line":43,"column":8},"end":{"line":43,"column":31}},"5":{"start":{"line":44,"column":8},"end":{"line":44,"column":40}},"6":{"start":{"line":48,"column":8},"end":{"line":48,"column":36}},"7":{"start":{"line":53,"column":8},"end":{"line":53,"column":43}},"8":{"start":{"line":54,"column":8},"end":{"line":54,"column":19}},"9":{"start":{"line":58,"column":8},"end":{"line":58,"column":49}},"10":{"start":{"line":65,"column":8},"end":{"line":65,"column":37}},"11":{"start":{"line":67,"column":8},"end":{"line":67,"column":2365}},"12":{"start":{"line":68,"column":12},"end":{"line":68,"column":53}},"13":{"start":{"line":75,"column":8},"end":{"line":75,"column":36}},"14":{"start":{"line":77,"column":8},"end":{"line":77,"column":19}}},"branchMap":{"1":{"line":41,"type":"if","locations":[{"start":{"line":41,"column":8},"end":{"line":41,"column":8}},{"start":{"line":41,"column":8},"end":{"line":41,"column":8}}]},"2":{"line":65,"type":"if","locations":[{"start":{"line":65,"column":8},"end":{"line":65,"column":8}},{"start":{"line":65,"column":8},"end":{"line":65,"column":8}}]},"3":{"line":67,"type":"if","locations":[{"start":{"line":67,"column":8},"end":{"line":67,"column":8}},{"start":{"line":67,"column":8},"end":{"line":67,"column":8}}]},"4":{"line":68,"type":"if","locations":[{"start":{"line":68,"column":12},"end":{"line":68,"column":12}},{"start":{"line":68,"column":12},"end":{"line":68,"column":12}}]}}}}
