TN:
SF:E:\Project\Current Work\Bread\DragonPresale\hardhat-tutorial\contracts\dragonFireNew.sol
FN:22,nonces
FN:31,_useNonce
FN:43,_useCheckedNonce
FN:140,getAddressSlot
FN:150,getBooleanSlot
FN:160,getBytes32Slot
FN:170,getUint256Slot
FN:180,getStringSlot
FN:190,getStringSlot
FN:200,getBytesSlot
FN:210,getBytesSlot
FN:269,toShortString
FN:280,toString
FN:295,byteLength
FN:306,toShortStringWithFallback
FN:318,toStringWithFallback
FN:333,byteLengthWithFallback
FN:355,max
FN:362,min
FN:370,average
FN:379,abs
FN:412,tryAdd
FN:423,trySub
FN:433,tryMul
FN:448,tryDiv
FN:458,tryMod
FN:468,max
FN:475,min
FN:483,average
FN:494,ceilDiv
FN:510,mulDiv
FN:594,mulDiv
FN:608,sqrt
FN:644,sqrt
FN:655,log2
FN:697,log2
FN:708,log10
FN:746,log10
FN:759,log256
FN:789,log256
FN:799,unsignedRoundsUp
FN:827,toString
FN:852,toStringSigned
FN:859,toHexString
FN:868,toHexString
FN:887,toHexString
FN:894,equal
FN:928,toEthSignedMessageHash
FN:947,toEthSignedMessageHash
FN:961,toDataWithIntendedValidatorHash
FN:974,toTypedDataHash
FN:1051,constructor
FN:1065,_domainSeparatorV4
FN:1073,_buildDomainSeparator
FN:1092,_hashTypedDataV4
FN:1099,eip712Domain
FN:1131,_EIP712Name
FN:1142,_EIP712Version
FN:1203,tryRecover
FN:1236,recover
FN:1247,tryRecover
FN:1259,recover
FN:1269,tryRecover
FN:1301,recover
FN:1310,_throwError
FN:1595,_msgSender
FN:1599,_msgData
FN:1603,_contextSuffixLength
FN:1645,constructor
FN:1655,onlyOwner
FN:1663,owner
FN:1670,_checkOwner
FN:1683,renounceOwnership
FN:1691,transferOwnership
FN:1702,_transferOwnership
FN:1866,constructor
FN:1874,name
FN:1882,symbol
FN:1899,decimals
FN:1906,totalSupply
FN:1913,balanceOf
FN:1925,transfer
FN:1934,allowance
FN:1948,approve
FN:1970,transferFrom
FN:1987,_transfer
FN:2004,_update
FN:2042,_mint
FN:2057,_burn
FN:2079,_approve
FN:2100,_approve
FN:2121,_spendAllowance
FN:2172,constructor
FN:2177,permit
FN:2205,nonces
FN:2213,DOMAIN_SEPARATOR
FN:2489,feeSettingsLock
FN:2496,phasesLock
FN:2506,constructor
FN:2587,setMainDex
FN:2602,setCommunityTokens
FN:2614,setCtRouters
FN:2634,setProcessFeesMinimum
FN:2642,setTreasuryAddress
FN:2651,setFarmAddress
FN:2660,excludeFromFees
FN:2667,includeInFees
FN:2675,transferOwnership
FN:2688,setFeesInBasisPts
FN:2699,lockFeeSettings
FN:2706,setPairs
FN:2724,_update
FN:2770,beforeTokenTransfer
FN:2788,swapAndBurnLP
FN:2825,swapDRAGONForAVAX
FN:2844,swapAvaxForCT
FN:2863,addLiquidityDRAGON
FN:2879,addLiquidityCT
FN:2900,checkCtPairs
FN:2913,processFees
FN:2973,seedAndBurnCtLP
FN:2989,seedAndBurnDragonLP
FN:3004,tradingActive
FN:3013,tradingRestricted
FN:3018,tradingPhase
FN:3038,setPhasesStartTime
FN:3045,setWhaleLimitsPerPhase
FN:3059,lockPhasesSettings
FN:3068,setAllowlistedForSomePhase
FN:3084,
FN:3088,withdrawAvaxTo
FN:3094,iERC20TransferFrom
FN:3101,iERC20Transfer
FN:3109,iERC20Approve
FN:3115,iERC721TransferFrom
FN:3121,iERC721SafeTransferFrom
FN:3127,iERC721Transfer
FN:3133,iERC721SafeTransfer
FN:3139,noDRAGONTokens
FNF:139
FNH:0
FNDA:0,nonces
FNDA:0,_useNonce
FNDA:0,_useCheckedNonce
FNDA:0,getAddressSlot
FNDA:0,getBooleanSlot
FNDA:0,getBytes32Slot
FNDA:0,getUint256Slot
FNDA:0,getStringSlot
FNDA:0,getStringSlot
FNDA:0,getBytesSlot
FNDA:0,getBytesSlot
FNDA:0,toShortString
FNDA:0,toString
FNDA:0,byteLength
FNDA:0,toShortStringWithFallback
FNDA:0,toStringWithFallback
FNDA:0,byteLengthWithFallback
FNDA:0,max
FNDA:0,min
FNDA:0,average
FNDA:0,abs
FNDA:0,tryAdd
FNDA:0,trySub
FNDA:0,tryMul
FNDA:0,tryDiv
FNDA:0,tryMod
FNDA:0,max
FNDA:0,min
FNDA:0,average
FNDA:0,ceilDiv
FNDA:0,mulDiv
FNDA:0,mulDiv
FNDA:0,sqrt
FNDA:0,sqrt
FNDA:0,log2
FNDA:0,log2
FNDA:0,log10
FNDA:0,log10
FNDA:0,log256
FNDA:0,log256
FNDA:0,unsignedRoundsUp
FNDA:0,toString
FNDA:0,toStringSigned
FNDA:0,toHexString
FNDA:0,toHexString
FNDA:0,toHexString
FNDA:0,equal
FNDA:0,toEthSignedMessageHash
FNDA:0,toEthSignedMessageHash
FNDA:0,toDataWithIntendedValidatorHash
FNDA:0,toTypedDataHash
FNDA:0,constructor
FNDA:0,_domainSeparatorV4
FNDA:0,_buildDomainSeparator
FNDA:0,_hashTypedDataV4
FNDA:0,eip712Domain
FNDA:0,_EIP712Name
FNDA:0,_EIP712Version
FNDA:0,tryRecover
FNDA:0,recover
FNDA:0,tryRecover
FNDA:0,recover
FNDA:0,tryRecover
FNDA:0,recover
FNDA:0,_throwError
FNDA:0,_msgSender
FNDA:0,_msgData
FNDA:0,_contextSuffixLength
FNDA:0,constructor
FNDA:0,onlyOwner
FNDA:0,owner
FNDA:0,_checkOwner
FNDA:0,renounceOwnership
FNDA:0,transferOwnership
FNDA:0,_transferOwnership
FNDA:0,constructor
FNDA:0,name
FNDA:0,symbol
FNDA:0,decimals
FNDA:0,totalSupply
FNDA:0,balanceOf
FNDA:0,transfer
FNDA:0,allowance
FNDA:0,approve
FNDA:0,transferFrom
FNDA:0,_transfer
FNDA:0,_update
FNDA:0,_mint
FNDA:0,_burn
FNDA:0,_approve
FNDA:0,_approve
FNDA:0,_spendAllowance
FNDA:0,constructor
FNDA:0,permit
FNDA:0,nonces
FNDA:0,DOMAIN_SEPARATOR
FNDA:0,feeSettingsLock
FNDA:0,phasesLock
FNDA:0,constructor
FNDA:0,setMainDex
FNDA:0,setCommunityTokens
FNDA:0,setCtRouters
FNDA:0,setProcessFeesMinimum
FNDA:0,setTreasuryAddress
FNDA:0,setFarmAddress
FNDA:0,excludeFromFees
FNDA:0,includeInFees
FNDA:0,transferOwnership
FNDA:0,setFeesInBasisPts
FNDA:0,lockFeeSettings
FNDA:0,setPairs
FNDA:0,_update
FNDA:0,beforeTokenTransfer
FNDA:0,swapAndBurnLP
FNDA:0,swapDRAGONForAVAX
FNDA:0,swapAvaxForCT
FNDA:0,addLiquidityDRAGON
FNDA:0,addLiquidityCT
FNDA:0,checkCtPairs
FNDA:0,processFees
FNDA:0,seedAndBurnCtLP
FNDA:0,seedAndBurnDragonLP
FNDA:0,tradingActive
FNDA:0,tradingRestricted
FNDA:0,tradingPhase
FNDA:0,setPhasesStartTime
FNDA:0,setWhaleLimitsPerPhase
FNDA:0,lockPhasesSettings
FNDA:0,setAllowlistedForSomePhase
FNDA:0,
FNDA:0,withdrawAvaxTo
FNDA:0,iERC20TransferFrom
FNDA:0,iERC20Transfer
FNDA:0,iERC20Approve
FNDA:0,iERC721TransferFrom
FNDA:0,iERC721SafeTransferFrom
FNDA:0,iERC721Transfer
FNDA:0,iERC721SafeTransfer
FNDA:0,noDRAGONTokens
DA:23,0
DA:34,0
DA:36,0
DA:44,0
DA:45,0
DA:46,0
DA:142,0
DA:152,0
DA:162,0
DA:172,0
DA:182,0
DA:192,0
DA:202,0
DA:212,0
DA:270,0
DA:271,0
DA:272,0
DA:274,0
DA:281,0
DA:283,0
DA:285,0
DA:289,0
DA:296,0
DA:297,0
DA:298,0
DA:300,0
DA:307,0
DA:308,0
DA:310,0
DA:311,0
DA:319,0
DA:320,0
DA:322,0
DA:334,0
DA:335,0
DA:337,0
DA:356,0
DA:363,0
DA:372,0
DA:373,0
DA:380,0
DA:382,0
DA:413,0
DA:414,0
DA:415,0
DA:416,0
DA:424,0
DA:425,0
DA:426,0
DA:434,0
DA:438,0
DA:439,0
DA:440,0
DA:441,0
DA:449,0
DA:450,0
DA:451,0
DA:459,0
DA:460,0
DA:461,0
DA:469,0
DA:476,0
DA:485,0
DA:495,0
DA:497,0
DA:501,0
DA:511,0
DA:515,0
DA:516,0
DA:517,0
DA:523,0
DA:527,0
DA:531,0
DA:532,0
DA:540,0
DA:541,0
DA:553,0
DA:554,0
DA:566,0
DA:571,0
DA:575,0
DA:576,0
DA:577,0
DA:578,0
DA:579,0
DA:580,0
DA:586,0
DA:587,0
DA:595,0
DA:596,0
DA:597,0
DA:599,0
DA:609,0
DA:610,0
DA:623,0
DA:629,0
DA:630,0
DA:631,0
DA:632,0
DA:633,0
DA:634,0
DA:635,0
DA:636,0
DA:637,0
DA:645,0
DA:646,0
DA:647,0
DA:656,0
DA:657,0
DA:658,0
DA:659,0
DA:660,0
DA:662,0
DA:663,0
DA:664,0
DA:666,0
DA:667,0
DA:668,0
DA:670,0
DA:671,0
DA:672,0
DA:674,0
DA:675,0
DA:676,0
DA:678,0
DA:679,0
DA:680,0
DA:682,0
DA:683,0
DA:684,0
DA:686,0
DA:687,0
DA:690,0
DA:698,0
DA:699,0
DA:700,0
DA:709,0
DA:710,0
DA:711,0
DA:712,0
DA:713,0
DA:715,0
DA:716,0
DA:717,0
DA:719,0
DA:720,0
DA:721,0
DA:723,0
DA:724,0
DA:725,0
DA:727,0
DA:728,0
DA:729,0
DA:731,0
DA:732,0
DA:733,0
DA:735,0
DA:736,0
DA:739,0
DA:747,0
DA:748,0
DA:749,0
DA:760,0
DA:761,0
DA:762,0
DA:763,0
DA:764,0
DA:766,0
DA:767,0
DA:768,0
DA:770,0
DA:771,0
DA:772,0
DA:774,0
DA:775,0
DA:776,0
DA:778,0
DA:779,0
DA:782,0
DA:790,0
DA:791,0
DA:792,0
DA:800,0
DA:828,0
DA:829,0
DA:830,0
DA:831,0
DA:833,0
DA:836,0
DA:837,0
DA:839,0
DA:842,0
DA:843,0
DA:845,0
DA:853,0
DA:860,0
DA:861,0
DA:869,0
DA:870,0
DA:871,0
DA:872,0
DA:873,0
DA:874,0
DA:875,0
DA:877,0
DA:878,0
DA:880,0
DA:888,0
DA:895,0
DA:930,0
DA:948,0
DA:962,0
DA:976,0
DA:1052,0
DA:1053,0
DA:1054,0
DA:1055,0
DA:1057,0
DA:1058,0
DA:1059,0
DA:1066,0
DA:1067,0
DA:1069,0
DA:1074,0
DA:1093,0
DA:1113,0
DA:1132,0
DA:1143,0
DA:1204,0
DA:1205,0
DA:1206,0
DA:1207,0
DA:1211,0
DA:1216,0
DA:1218,0
DA:1237,0
DA:1238,0
DA:1239,0
DA:1248,0
DA:1249,0
DA:1251,0
DA:1252,0
DA:1260,0
DA:1261,0
DA:1262,0
DA:1284,0
DA:1285,0
DA:1289,0
DA:1290,0
DA:1291,0
DA:1294,0
DA:1302,0
DA:1303,0
DA:1304,0
DA:1311,0
DA:1312,0
DA:1314,0
DA:1316,0
DA:1318,0
DA:1596,0
DA:1600,0
DA:1604,0
DA:1646,0
DA:1647,0
DA:1649,0
DA:1656,0
DA:1657,0
DA:1664,0
DA:1671,0
DA:1672,0
DA:1684,0
DA:1692,0
DA:1693,0
DA:1695,0
DA:1703,0
DA:1704,0
DA:1705,0
DA:1867,0
DA:1868,0
DA:1875,0
DA:1883,0
DA:1900,0
DA:1907,0
DA:1914,0
DA:1926,0
DA:1927,0
DA:1928,0
DA:1935,0
DA:1949,0
DA:1950,0
DA:1951,0
DA:1971,0
DA:1972,0
DA:1973,0
DA:1974,0
DA:1988,0
DA:1989,0
DA:1991,0
DA:1992,0
DA:1994,0
DA:2005,0
DA:2007,0
DA:2009,0
DA:2010,0
DA:2011,0
DA:2013,0
DA:2015,0
DA:2019,0
DA:2020,0
DA:2022,0
DA:2025,0
DA:2027,0
DA:2031,0
DA:2043,0
DA:2044,0
DA:2046,0
DA:2058,0
DA:2059,0
DA:2061,0
DA:2080,0
DA:2101,0
DA:2102,0
DA:2104,0
DA:2105,0
DA:2107,0
DA:2108,0
DA:2109,0
DA:2122,0
DA:2123,0
DA:2124,0
DA:2125,0
DA:2127,0
DA:2128,0
DA:2186,0
DA:2187,0
DA:2190,0
DA:2192,0
DA:2194,0
DA:2195,0
DA:2196,0
DA:2199,0
DA:2206,0
DA:2214,0
DA:2490,0
DA:2491,0
DA:2492,0
DA:2497,0
DA:2498,0
DA:2509,0
DA:2510,0
DA:2511,0
DA:2512,0
DA:2513,0
DA:2514,0
DA:2515,0
DA:2516,0
DA:2518,0
DA:2531,0
DA:2532,0
DA:2535,0
DA:2547,0
DA:2548,0
DA:2549,0
DA:2552,0
DA:2553,0
DA:2555,0
DA:2556,0
DA:2557,0
DA:2558,0
DA:2559,0
DA:2562,0
DA:2566,0
DA:2567,0
DA:2570,0
DA:2571,0
DA:2574,0
DA:2575,0
DA:2577,0
DA:2578,0
DA:2579,0
DA:2589,0
DA:2590,0
DA:2591,0
DA:2592,0
DA:2593,0
DA:2594,0
DA:2596,0
DA:2597,0
DA:2598,0
DA:2604,0
DA:2605,0
DA:2606,0
DA:2607,0
DA:2608,0
DA:2609,0
DA:2610,0
DA:2615,0
DA:2616,0
DA:2617,0
DA:2618,0
DA:2619,0
DA:2620,0
DA:2622,0
DA:2623,0
DA:2624,0
DA:2625,0
DA:2626,0
DA:2627,0
DA:2630,0
DA:2635,0
DA:2636,0
DA:2637,0
DA:2638,0
DA:2643,0
DA:2644,0
DA:2645,0
DA:2646,0
DA:2647,0
DA:2652,0
DA:2653,0
DA:2654,0
DA:2655,0
DA:2656,0
DA:2661,0
DA:2662,0
DA:2663,0
DA:2668,0
DA:2669,0
DA:2670,0
DA:2671,0
DA:2676,0
DA:2677,0
DA:2678,0
DA:2679,0
DA:2689,0
DA:2690,0
DA:2691,0
DA:2692,0
DA:2693,0
DA:2694,0
DA:2695,0
DA:2700,0
DA:2701,0
DA:2702,0
DA:2707,0
DA:2708,0
DA:2710,0
DA:2711,0
DA:2712,0
DA:2713,0
DA:2716,0
DA:2730,0
DA:2731,0
DA:2732,0
DA:2735,0
DA:2738,0
DA:2739,0
DA:2742,0
DA:2743,0
DA:2746,0
DA:2747,0
DA:2749,0
DA:2750,0
DA:2753,0
DA:2754,0
DA:2755,0
DA:2756,0
DA:2759,0
DA:2760,0
DA:2761,0
DA:2762,0
DA:2766,0
DA:2774,0
DA:2776,0
DA:2777,0
DA:2780,0
DA:2781,0
DA:2782,0
DA:2783,0
DA:2789,0
DA:2790,0
DA:2792,0
DA:2793,0
DA:2796,0
DA:2797,0
DA:2798,0
DA:2799,0
DA:2800,0
DA:2802,0
DA:2803,0
DA:2804,0
DA:2805,0
DA:2806,0
DA:2807,0
DA:2810,0
DA:2811,0
DA:2812,0
DA:2814,0
DA:2815,0
DA:2816,0
DA:2817,0
DA:2818,0
DA:2819,0
DA:2826,0
DA:2827,0
DA:2828,0
DA:2830,0
DA:2839,0
DA:2845,0
DA:2846,0
DA:2847,0
DA:2849,0
DA:2858,0
DA:2864,0
DA:2874,0
DA:2880,0
DA:2883,0
DA:2895,0
DA:2901,0
DA:2902,0
DA:2903,0
DA:2904,0
DA:2905,0
DA:2914,0
DA:2915,0
DA:2916,0
DA:2920,0
DA:2921,0
DA:2922,0
DA:2923,0
DA:2924,0
DA:2926,0
DA:2929,0
DA:2931,0
DA:2932,0
DA:2933,0
DA:2934,0
DA:2937,0
DA:2940,0
DA:2941,0
DA:2942,0
DA:2943,0
DA:2945,0
DA:2946,0
DA:2947,0
DA:2949,0
DA:2950,0
DA:2953,0
DA:2954,0
DA:2957,0
DA:2958,0
DA:2959,0
DA:2960,0
DA:2962,0
DA:2963,0
DA:2966,0
DA:2967,0
DA:2974,0
DA:2975,0
DA:2976,0
DA:2977,0
DA:2978,0
DA:2979,0
DA:2980,0
DA:2981,0
DA:2982,0
DA:2983,0
DA:2984,0
DA:2985,0
DA:2990,0
DA:2991,0
DA:2992,0
DA:2993,0
DA:2994,0
DA:2995,0
DA:2996,0
DA:2997,0
DA:2998,0
DA:2999,0
DA:3000,0
DA:3005,0
DA:3006,0
DA:3008,0
DA:3014,0
DA:3019,0
DA:3020,0
DA:3023,0
DA:3024,0
DA:3026,0
DA:3027,0
DA:3030,0
DA:3039,0
DA:3040,0
DA:3041,0
DA:3046,0
DA:3047,0
DA:3048,0
DA:3049,0
DA:3050,0
DA:3051,0
DA:3052,0
DA:3053,0
DA:3055,0
DA:3060,0
DA:3061,0
DA:3062,0
DA:3063,0
DA:3064,0
DA:3069,0
DA:3070,0
DA:3071,0
DA:3072,0
DA:3073,0
DA:3074,0
DA:3076,0
DA:3089,0
DA:3090,0
DA:3091,0
DA:3095,0
DA:3096,0
DA:3097,0
DA:3098,0
DA:3102,0
DA:3103,0
DA:3105,0
DA:3106,0
DA:3110,0
DA:3111,0
DA:3112,0
DA:3116,0
DA:3117,0
DA:3118,0
DA:3122,0
DA:3123,0
DA:3124,0
DA:3128,0
DA:3129,0
DA:3130,0
DA:3134,0
DA:3135,0
DA:3136,0
DA:3140,0
DA:3141,0
LF:643
LH:0
BRDA:45,1,0,0
BRDA:45,1,1,0
BRDA:271,2,0,0
BRDA:271,2,1,0
BRDA:297,3,0,0
BRDA:297,3,1,0
BRDA:307,4,0,0
BRDA:307,4,1,0
BRDA:319,5,0,0
BRDA:319,5,1,0
BRDA:334,6,0,0
BRDA:334,6,1,0
BRDA:356,7,0,0
BRDA:356,7,1,0
BRDA:363,8,0,0
BRDA:363,8,1,0
BRDA:415,9,0,0
BRDA:415,9,1,0
BRDA:425,10,0,0
BRDA:425,10,1,0
BRDA:438,11,0,0
BRDA:438,11,1,0
BRDA:440,12,0,0
BRDA:440,12,1,0
BRDA:450,13,0,0
BRDA:450,13,1,0
BRDA:460,14,0,0
BRDA:460,14,1,0
BRDA:469,15,0,0
BRDA:469,15,1,0
BRDA:476,16,0,0
BRDA:476,16,1,0
BRDA:495,17,0,0
BRDA:495,17,1,0
BRDA:501,18,0,0
BRDA:501,18,1,0
BRDA:523,19,0,0
BRDA:523,19,1,0
BRDA:531,20,0,0
BRDA:531,20,1,0
BRDA:596,21,0,0
BRDA:596,21,1,0
BRDA:609,22,0,0
BRDA:609,22,1,0
BRDA:647,23,0,0
BRDA:647,23,1,0
BRDA:658,24,0,0
BRDA:658,24,1,0
BRDA:662,25,0,0
BRDA:662,25,1,0
BRDA:666,26,0,0
BRDA:666,26,1,0
BRDA:670,27,0,0
BRDA:670,27,1,0
BRDA:674,28,0,0
BRDA:674,28,1,0
BRDA:678,29,0,0
BRDA:678,29,1,0
BRDA:682,30,0,0
BRDA:682,30,1,0
BRDA:686,31,0,0
BRDA:686,31,1,0
BRDA:700,32,0,0
BRDA:700,32,1,0
BRDA:711,33,0,0
BRDA:711,33,1,0
BRDA:715,34,0,0
BRDA:715,34,1,0
BRDA:719,35,0,0
BRDA:719,35,1,0
BRDA:723,36,0,0
BRDA:723,36,1,0
BRDA:727,37,0,0
BRDA:727,37,1,0
BRDA:731,38,0,0
BRDA:731,38,1,0
BRDA:735,39,0,0
BRDA:735,39,1,0
BRDA:749,40,0,0
BRDA:749,40,1,0
BRDA:762,41,0,0
BRDA:762,41,1,0
BRDA:766,42,0,0
BRDA:766,42,1,0
BRDA:770,43,0,0
BRDA:770,43,1,0
BRDA:774,44,0,0
BRDA:774,44,1,0
BRDA:778,45,0,0
BRDA:778,45,1,0
BRDA:792,46,0,0
BRDA:792,46,1,0
BRDA:843,47,0,0
BRDA:843,47,1,0
BRDA:877,48,0,0
BRDA:877,48,1,0
BRDA:1066,49,0,0
BRDA:1066,49,1,0
BRDA:1204,50,0,0
BRDA:1204,50,1,0
BRDA:1284,51,0,0
BRDA:1284,51,1,0
BRDA:1290,52,0,0
BRDA:1290,52,1,0
BRDA:1311,53,0,0
BRDA:1311,53,1,0
BRDA:1313,54,0,0
BRDA:1313,54,1,0
BRDA:1315,55,0,0
BRDA:1315,55,1,0
BRDA:1317,56,0,0
BRDA:1317,56,1,0
BRDA:1646,57,0,0
BRDA:1646,57,1,0
BRDA:1671,58,0,0
BRDA:1671,58,1,0
BRDA:1683,59,0,0
BRDA:1683,59,1,0
BRDA:1691,60,0,0
BRDA:1691,60,1,0
BRDA:1692,61,0,0
BRDA:1692,61,1,0
BRDA:1988,62,0,0
BRDA:1988,62,1,0
BRDA:1991,63,0,0
BRDA:1991,63,1,0
BRDA:2005,64,0,0
BRDA:2005,64,1,0
BRDA:2010,65,0,0
BRDA:2010,65,1,0
BRDA:2019,66,0,0
BRDA:2019,66,1,0
BRDA:2043,67,0,0
BRDA:2043,67,1,0
BRDA:2058,68,0,0
BRDA:2058,68,1,0
BRDA:2101,69,0,0
BRDA:2101,69,1,0
BRDA:2104,70,0,0
BRDA:2104,70,1,0
BRDA:2108,71,0,0
BRDA:2108,71,1,0
BRDA:2123,72,0,0
BRDA:2123,72,1,0
BRDA:2124,73,0,0
BRDA:2124,73,1,0
BRDA:2186,74,0,0
BRDA:2186,74,1,0
BRDA:2195,75,0,0
BRDA:2195,75,1,0
BRDA:2490,76,0,0
BRDA:2490,76,1,0
BRDA:2491,77,0,0
BRDA:2491,77,1,0
BRDA:2497,78,0,0
BRDA:2497,78,1,0
BRDA:2516,79,0,0
BRDA:2516,79,1,0
BRDA:2532,80,0,0
BRDA:2532,80,1,0
BRDA:2547,81,0,0
BRDA:2547,81,1,0
BRDA:2559,82,0,0
BRDA:2559,82,1,0
BRDA:2587,83,0,0
BRDA:2587,83,1,0
BRDA:2587,84,0,0
BRDA:2587,84,1,0
BRDA:2589,85,0,0
BRDA:2589,85,1,0
BRDA:2594,86,0,0
BRDA:2594,86,1,0
BRDA:2602,87,0,0
BRDA:2602,87,1,0
BRDA:2602,88,0,0
BRDA:2602,88,1,0
BRDA:2605,89,0,0
BRDA:2605,89,1,0
BRDA:2606,90,0,0
BRDA:2606,90,1,0
BRDA:2614,91,0,0
BRDA:2614,91,1,0
BRDA:2614,92,0,0
BRDA:2614,92,1,0
BRDA:2617,93,0,0
BRDA:2617,93,1,0
BRDA:2623,94,0,0
BRDA:2623,94,1,0
BRDA:2627,95,0,0
BRDA:2627,95,1,0
BRDA:2634,96,0,0
BRDA:2634,96,1,0
BRDA:2634,97,0,0
BRDA:2634,97,1,0
BRDA:2635,98,0,0
BRDA:2635,98,1,0
BRDA:2636,99,0,0
BRDA:2636,99,1,0
BRDA:2642,100,0,0
BRDA:2642,100,1,0
BRDA:2642,101,0,0
BRDA:2642,101,1,0
BRDA:2643,102,0,0
BRDA:2643,102,1,0
BRDA:2651,103,0,0
BRDA:2651,103,1,0
BRDA:2651,104,0,0
BRDA:2651,104,1,0
BRDA:2652,105,0,0
BRDA:2652,105,1,0
BRDA:2660,106,0,0
BRDA:2660,106,1,0
BRDA:2660,107,0,0
BRDA:2660,107,1,0
BRDA:2661,108,0,0
BRDA:2661,108,1,0
BRDA:2667,109,0,0
BRDA:2667,109,1,0
BRDA:2667,110,0,0
BRDA:2667,110,1,0
BRDA:2668,111,0,0
BRDA:2668,111,1,0
BRDA:2669,112,0,0
BRDA:2669,112,1,0
BRDA:2675,113,0,0
BRDA:2675,113,1,0
BRDA:2676,114,0,0
BRDA:2676,114,1,0
BRDA:2688,115,0,0
BRDA:2688,115,1,0
BRDA:2688,116,0,0
BRDA:2688,116,1,0
BRDA:2694,117,0,0
BRDA:2694,117,1,0
BRDA:2699,118,0,0
BRDA:2699,118,1,0
BRDA:2700,119,0,0
BRDA:2700,119,1,0
BRDA:2706,120,0,0
BRDA:2706,120,1,0
BRDA:2712,121,0,0
BRDA:2712,121,1,0
BRDA:2730,122,0,0
BRDA:2730,122,1,0
BRDA:2735,123,0,0
BRDA:2735,123,1,0
BRDA:2735,124,0,0
BRDA:2735,124,1,0
BRDA:2742,125,0,0
BRDA:2742,125,1,0
BRDA:2749,126,0,0
BRDA:2749,126,1,0
BRDA:2749,127,0,0
BRDA:2749,127,1,0
BRDA:2749,128,0,0
BRDA:2749,128,1,0
BRDA:2753,129,0,0
BRDA:2753,129,1,0
BRDA:2759,130,0,0
BRDA:2759,130,1,0
BRDA:2761,131,0,0
BRDA:2761,131,1,0
BRDA:2776,132,0,0
BRDA:2776,132,1,0
BRDA:2780,133,0,0
BRDA:2780,133,1,0
BRDA:2781,134,0,0
BRDA:2781,134,1,0
BRDA:2783,135,0,0
BRDA:2783,135,1,0
BRDA:2792,136,0,0
BRDA:2792,136,1,0
BRDA:2802,137,0,0
BRDA:2802,137,1,0
BRDA:2810,138,0,0
BRDA:2810,138,1,0
BRDA:2905,139,0,0
BRDA:2905,139,1,0
BRDA:2914,140,0,0
BRDA:2914,140,1,0
BRDA:2915,141,0,0
BRDA:2915,141,1,0
BRDA:2923,142,0,0
BRDA:2923,142,1,0
BRDA:2931,143,0,0
BRDA:2931,143,1,0
BRDA:2932,144,0,0
BRDA:2932,144,1,0
BRDA:2949,145,0,0
BRDA:2949,145,1,0
BRDA:2953,146,0,0
BRDA:2953,146,1,0
BRDA:2962,147,0,0
BRDA:2962,147,1,0
BRDA:2966,148,0,0
BRDA:2966,148,1,0
BRDA:2974,149,0,0
BRDA:2974,149,1,0
BRDA:2975,150,0,0
BRDA:2975,150,1,0
BRDA:2976,151,0,0
BRDA:2976,151,1,0
BRDA:2977,152,0,0
BRDA:2977,152,1,0
BRDA:2978,153,0,0
BRDA:2978,153,1,0
BRDA:2990,154,0,0
BRDA:2990,154,1,0
BRDA:2991,155,0,0
BRDA:2991,155,1,0
BRDA:2992,156,0,0
BRDA:2992,156,1,0
BRDA:2993,157,0,0
BRDA:2993,157,1,0
BRDA:2994,158,0,0
BRDA:2994,158,1,0
BRDA:3005,159,0,0
BRDA:3005,159,1,0
BRDA:3019,160,0,0
BRDA:3019,160,1,0
BRDA:3026,161,0,0
BRDA:3026,161,1,0
BRDA:3038,162,0,0
BRDA:3038,162,1,0
BRDA:3038,163,0,0
BRDA:3038,163,1,0
BRDA:3039,164,0,0
BRDA:3039,164,1,0
BRDA:3045,165,0,0
BRDA:3045,165,1,0
BRDA:3045,166,0,0
BRDA:3045,166,1,0
BRDA:3047,167,0,0
BRDA:3047,167,1,0
BRDA:3049,168,0,0
BRDA:3049,168,1,0
BRDA:3051,169,0,0
BRDA:3051,169,1,0
BRDA:3059,170,0,0
BRDA:3059,170,1,0
BRDA:3059,171,0,0
BRDA:3059,171,1,0
BRDA:3060,172,0,0
BRDA:3060,172,1,0
BRDA:3061,173,0,0
BRDA:3061,173,1,0
BRDA:3068,174,0,0
BRDA:3068,174,1,0
BRDA:3069,175,0,0
BRDA:3069,175,1,0
BRDA:3071,176,0,0
BRDA:3071,176,1,0
BRDA:3072,177,0,0
BRDA:3072,177,1,0
BRDA:3088,178,0,0
BRDA:3088,178,1,0
BRDA:3089,179,0,0
BRDA:3089,179,1,0
BRDA:3094,180,0,0
BRDA:3094,180,1,0
BRDA:3097,181,0,0
BRDA:3097,181,1,0
BRDA:3101,182,0,0
BRDA:3101,182,1,0
BRDA:3105,183,0,0
BRDA:3105,183,1,0
BRDA:3109,184,0,0
BRDA:3109,184,1,0
BRDA:3115,185,0,0
BRDA:3115,185,1,0
BRDA:3121,186,0,0
BRDA:3121,186,1,0
BRDA:3127,187,0,0
BRDA:3127,187,1,0
BRDA:3133,188,0,0
BRDA:3133,188,1,0
BRDA:3140,189,0,0
BRDA:3140,189,1,0
BRDA:3141,190,0,0
BRDA:3141,190,1,0
BRF:380
BRH:0
end_of_record
TN:
SF:E:\Project\Current Work\Bread\DragonPresale\hardhat-tutorial\contracts\JoeFactory_flattened.sol
FN:48,add
FN:52,sub
FN:56,mul
FN:89,constructor
FN:107,_mint
FN:113,_burn
FN:119,_approve
FN:128,_transfer
FN:138,approve
FN:143,transfer
FN:148,transferFrom
FN:162,permit
FN:204,min
FN:209,sqrt
FN:236,encode
FN:241,uqdiv
FN:333,lock
FN:340,getReserves
FN:354,_safeTransfer
FN:385,constructor
FN:390,initialize
FN:397,_update
FN:425,_mintFee
FN:449,mint
FN:490,burn
FN:525,swap
FN:581,skim
FN:597,sync
FN:628,constructor
FN:632,allPairsLength
FN:636,pairCodeHash
FN:640,createPair
FN:663,setFeeTo
FN:668,setMigrator
FN:673,setFeeToSetter
FNF:35
FNH:6
FNDA:0,add
FNDA:0,sub
FNDA:0,mul
FNDA:3,constructor
FNDA:0,_mint
FNDA:0,_burn
FNDA:0,_approve
FNDA:0,_transfer
FNDA:0,approve
FNDA:0,transfer
FNDA:0,transferFrom
FNDA:0,permit
FNDA:0,min
FNDA:0,sqrt
FNDA:0,encode
FNDA:0,uqdiv
FNDA:0,lock
FNDA:0,getReserves
FNDA:0,_safeTransfer
FNDA:3,constructor
FNDA:3,initialize
FNDA:0,_update
FNDA:0,_mintFee
FNDA:0,mint
FNDA:0,burn
FNDA:0,swap
FNDA:0,skim
FNDA:0,sync
FNDA:3,constructor
FNDA:0,allPairsLength
FNDA:3,pairCodeHash
FNDA:3,createPair
FNDA:0,setFeeTo
FNDA:0,setMigrator
FNDA:0,setFeeToSetter
DA:49,0
DA:53,0
DA:57,0
DA:90,3
DA:91,3
DA:94,3
DA:108,0
DA:109,0
DA:110,0
DA:114,0
DA:115,0
DA:116,0
DA:124,0
DA:125,0
DA:133,0
DA:134,0
DA:135,0
DA:139,0
DA:140,0
DA:144,0
DA:145,0
DA:153,0
DA:154,0
DA:158,0
DA:159,0
DA:171,0
DA:172,0
DA:188,0
DA:189,0
DA:193,0
DA:205,0
DA:210,0
DA:211,0
DA:212,0
DA:213,0
DA:214,0
DA:215,0
DA:218,0
DA:237,0
DA:242,0
DA:334,0
DA:335,0
DA:336,0
DA:337,0
DA:349,0
DA:350,0
DA:351,0
DA:359,0
DA:362,0
DA:386,3
DA:391,3
DA:392,3
DA:393,3
DA:403,0
DA:407,0
DA:408,0
DA:409,0
DA:411,0
DA:414,0
DA:418,0
DA:419,0
DA:420,0
DA:421,0
DA:429,0
DA:430,0
DA:431,0
DA:432,0
DA:433,0
DA:434,0
DA:435,0
DA:436,0
DA:437,0
DA:438,0
DA:439,0
DA:440,0
DA:444,0
DA:450,0
DA:451,0
DA:452,0
DA:453,0
DA:454,0
DA:456,0
DA:457,0
DA:458,0
DA:459,0
DA:460,0
DA:461,0
DA:462,0
DA:467,0
DA:468,0
DA:471,0
DA:474,0
DA:479,0
DA:480,0
DA:482,0
DA:483,0
DA:484,0
DA:493,0
DA:494,0
DA:495,0
DA:496,0
DA:497,0
DA:498,0
DA:500,0
DA:501,0
DA:502,0
DA:503,0
DA:504,0
DA:508,0
DA:509,0
DA:510,0
DA:511,0
DA:512,0
DA:514,0
DA:515,0
DA:516,0
DA:526,0
DA:530,0
DA:531,0
DA:536,0
DA:537,0
DA:538,0
DA:540,0
DA:541,0
DA:542,0
DA:543,0
DA:544,0
DA:545,0
DA:546,0
DA:552,0
DA:553,0
DA:555,0
DA:558,0
DA:561,0
DA:565,0
DA:567,0
DA:568,0
DA:569,0
DA:576,0
DA:577,0
DA:582,0
DA:583,0
DA:584,0
DA:589,0
DA:598,0
DA:629,3
DA:633,0
DA:637,3
DA:645,3
DA:646,3
DA:649,3
DA:650,3
DA:651,3
DA:652,3
DA:653,3
DA:656,3
DA:657,3
DA:658,3
DA:659,3
DA:660,3
DA:664,0
DA:665,0
DA:669,0
DA:670,0
DA:674,0
DA:675,0
LF:166
LH:21
BRDA:49,1,0,0
BRDA:49,1,1,0
BRDA:53,2,0,0
BRDA:53,2,1,0
BRDA:57,3,0,0
BRDA:57,3,1,0
BRDA:57,4,0,0
BRDA:57,4,1,0
BRDA:153,5,0,0
BRDA:153,5,1,0
BRDA:171,6,0,0
BRDA:171,6,1,0
BRDA:189,7,0,0
BRDA:189,7,1,0
BRDA:205,8,0,0
BRDA:205,8,1,0
BRDA:210,9,0,0
BRDA:210,9,1,0
BRDA:217,10,0,0
BRDA:217,10,1,0
BRDA:334,11,0,0
BRDA:334,11,1,0
BRDA:362,12,0,0
BRDA:362,12,1,0
BRDA:363,13,0,0
BRDA:363,13,1,0
BRDA:391,14,0,3
BRDA:391,14,1,0
BRDA:403,15,0,0
BRDA:403,15,1,0
BRDA:409,16,0,0
BRDA:409,16,1,0
BRDA:432,17,0,0
BRDA:432,17,1,0
BRDA:433,18,0,0
BRDA:433,18,1,0
BRDA:436,19,0,0
BRDA:436,19,1,0
BRDA:440,20,0,0
BRDA:440,20,1,0
BRDA:443,21,0,0
BRDA:443,21,1,0
BRDA:449,22,0,0
BRDA:449,22,1,0
BRDA:458,23,0,0
BRDA:458,23,1,0
BRDA:460,24,0,0
BRDA:460,24,1,0
BRDA:462,25,0,0
BRDA:462,25,1,0
BRDA:467,26,0,0
BRDA:467,26,1,0
BRDA:479,27,0,0
BRDA:479,27,1,0
BRDA:483,28,0,0
BRDA:483,28,1,0
BRDA:490,29,0,0
BRDA:490,29,1,0
BRDA:504,30,0,0
BRDA:504,30,1,0
BRDA:515,31,0,0
BRDA:515,31,1,0
BRDA:525,32,0,0
BRDA:525,32,1,0
BRDA:526,33,0,0
BRDA:526,33,1,0
BRDA:527,34,0,0
BRDA:527,34,1,0
BRDA:531,35,0,0
BRDA:531,35,1,0
BRDA:542,36,0,0
BRDA:542,36,1,0
BRDA:543,37,0,0
BRDA:543,37,1,0
BRDA:544,38,0,0
BRDA:544,38,1,0
BRDA:545,39,0,0
BRDA:545,39,1,0
BRDA:556,40,0,0
BRDA:556,40,1,0
BRDA:559,41,0,0
BRDA:559,41,1,0
BRDA:561,42,0,0
BRDA:561,42,1,0
BRDA:562,43,0,0
BRDA:562,43,1,0
BRDA:569,44,0,0
BRDA:569,44,1,0
BRDA:581,45,0,0
BRDA:581,45,1,0
BRDA:597,46,0,0
BRDA:597,46,1,0
BRDA:645,47,0,3
BRDA:645,47,1,0
BRDA:647,48,0,1
BRDA:647,48,1,2
BRDA:649,49,0,3
BRDA:649,49,1,0
BRDA:650,50,0,3
BRDA:650,50,1,0
BRDA:664,51,0,0
BRDA:664,51,1,0
BRDA:669,52,0,0
BRDA:669,52,1,0
BRDA:674,53,0,0
BRDA:674,53,1,0
BRF:106
BRH:6
end_of_record
TN:
SF:E:\Project\Current Work\Bread\DragonPresale\hardhat-tutorial\contracts\JoeRouter02_flattened.sol
FN:123,add
FN:127,sub
FN:131,mul
FN:143,sortTokens
FN:156,pairFor
FN:177,getReserves
FN:192,quote
FN:206,getAmountOut
FN:223,getAmountIn
FN:239,getAmountsOut
FN:258,getAmountsIn
FN:282,safeApprove
FN:297,safeTransfer
FN:312,safeTransferFrom
FN:328,safeTransferAVAX
FN:753,ensure
FN:758,constructor
FN:769,_addLiquidity
FN:829,addLiquidity
FN:862,addLiquidityAVAX
FN:900,addLiquidityETH
FN:938,removeLiquidity
FN:963,removeLiquidityAVAX
FN:992,removeLiquidityETH
FN:1009,removeLiquidityWithPermit
FN:1044,removeLiquidityAVAXWithPermit
FN:1082,removeLiquidityETHWithPermit
FN:1128,removeLiquidityAVAXSupportingFeeOnTransferTokens
FN:1155,removeLiquidityETHSupportingFeeOnTransferTokens
FN:1174,removeLiquidityAVAXWithPermitSupportingFeeOnTransferTokens
FN:1208,removeLiquidityETHWithPermitSupportingFeeOnTransferTokens
FN:1243,_swap
FN:1277,swapExactTokensForTokens
FN:1304,swapTokensForExactTokens
FN:1328,swapExactAVAXForTokens
FN:1357,swapExactETHForTokens
FN:1386,swapTokensForExactAVAX
FN:1414,swapTokensForExactETH
FN:1441,swapExactTokensForAVAX
FN:1471,swapExactTokensForETH
FN:1501,swapAVAXForExactTokens
FN:1531,swapETHForExactTokens
FN:1552,_swapSupportingFeeOnTransferTokens
FN:1595,swapExactTokensForTokensSupportingFeeOnTransferTokens
FN:1616,swapExactAVAXForTokensSupportingFeeOnTransferTokens
FN:1640,swapExactETHForTokensSupportingFeeOnTransferTokens
FN:1665,swapExactTokensForAVAXSupportingFeeOnTransferTokens
FN:1689,swapExactTokensForETHSupportingFeeOnTransferTokens
FN:1708,quote
FN:1716,getAmountOut
FN:1724,getAmountIn
FN:1732,getAmountsOut
FN:1742,getAmountsIn
FNF:53
FNH:7
FNDA:0,add
FNDA:0,sub
FNDA:0,mul
FNDA:6,sortTokens
FNDA:3,pairFor
FNDA:3,getReserves
FNDA:0,quote
FNDA:0,getAmountOut
FNDA:0,getAmountIn
FNDA:0,getAmountsOut
FNDA:0,getAmountsIn
FNDA:0,safeApprove
FNDA:0,safeTransfer
FNDA:0,safeTransferFrom
FNDA:0,safeTransferAVAX
FNDA:3,ensure
FNDA:3,constructor
FNDA:3,_addLiquidity
FNDA:0,addLiquidity
FNDA:3,addLiquidityAVAX
FNDA:0,addLiquidityETH
FNDA:0,removeLiquidity
FNDA:0,removeLiquidityAVAX
FNDA:0,removeLiquidityETH
FNDA:0,removeLiquidityWithPermit
FNDA:0,removeLiquidityAVAXWithPermit
FNDA:0,removeLiquidityETHWithPermit
FNDA:0,removeLiquidityAVAXSupportingFeeOnTransferTokens
FNDA:0,removeLiquidityETHSupportingFeeOnTransferTokens
FNDA:0,removeLiquidityAVAXWithPermitSupportingFeeOnTransferTokens
FNDA:0,removeLiquidityETHWithPermitSupportingFeeOnTransferTokens
FNDA:0,_swap
FNDA:0,swapExactTokensForTokens
FNDA:0,swapTokensForExactTokens
FNDA:0,swapExactAVAXForTokens
FNDA:0,swapExactETHForTokens
FNDA:0,swapTokensForExactAVAX
FNDA:0,swapTokensForExactETH
FNDA:0,swapExactTokensForAVAX
FNDA:0,swapExactTokensForETH
FNDA:0,swapAVAXForExactTokens
FNDA:0,swapETHForExactTokens
FNDA:0,_swapSupportingFeeOnTransferTokens
FNDA:0,swapExactTokensForTokensSupportingFeeOnTransferTokens
FNDA:0,swapExactAVAXForTokensSupportingFeeOnTransferTokens
FNDA:0,swapExactETHForTokensSupportingFeeOnTransferTokens
FNDA:0,swapExactTokensForAVAXSupportingFeeOnTransferTokens
FNDA:0,swapExactTokensForETHSupportingFeeOnTransferTokens
FNDA:0,quote
FNDA:0,getAmountOut
FNDA:0,getAmountIn
FNDA:0,getAmountsOut
FNDA:0,getAmountsIn
DA:124,0
DA:128,0
DA:132,0
DA:148,6
DA:149,6
DA:152,6
DA:161,3
DA:162,3
DA:182,3
DA:183,3
DA:186,0
DA:197,0
DA:198,0
DA:202,0
DA:211,0
DA:212,0
DA:216,0
DA:217,0
DA:218,0
DA:219,0
DA:228,0
DA:229,0
DA:233,0
DA:234,0
DA:235,0
DA:244,0
DA:245,0
DA:246,0
DA:247,0
DA:248,0
DA:253,0
DA:263,0
DA:264,0
DA:265,0
DA:266,0
DA:267,0
DA:272,0
DA:288,0
DA:291,0
DA:303,0
DA:306,0
DA:319,0
DA:322,0
DA:329,0
DA:330,0
DA:754,3
DA:755,3
DA:759,3
DA:760,3
DA:761,3
DA:765,0
DA:778,3
DA:779,3
DA:781,3
DA:786,0
DA:787,0
DA:789,0
DA:794,0
DA:795,0
DA:799,0
DA:801,0
DA:806,0
DA:807,0
DA:811,0
DA:836,0
DA:844,0
DA:845,0
DA:846,0
DA:847,0
DA:869,3
DA:877,0
DA:878,0
DA:879,0
DA:880,0
DA:881,0
DA:883,0
DA:884,0
DA:907,0
DA:915,0
DA:916,0
DA:917,0
DA:918,0
DA:919,0
DA:921,0
DA:922,0
DA:941,0
DA:942,0
DA:943,0
DA:944,0
DA:945,0
DA:948,0
DA:949,0
DA:966,0
DA:975,0
DA:976,0
DA:977,0
DA:995,0
DA:1004,0
DA:1005,0
DA:1006,0
DA:1022,0
DA:1023,0
DA:1024,0
DA:1033,0
DA:1061,0
DA:1062,0
DA:1063,0
DA:1072,0
DA:1099,0
DA:1100,0
DA:1101,0
DA:1110,0
DA:1129,0
DA:1138,0
DA:1143,0
DA:1144,0
DA:1156,0
DA:1165,0
DA:1170,0
DA:1171,0
DA:1186,0
DA:1187,0
DA:1188,0
DA:1197,0
DA:1220,0
DA:1221,0
DA:1222,0
DA:1231,0
DA:1248,0
DA:1249,0
DA:1250,0
DA:1251,0
DA:1252,0
DA:1255,0
DA:1258,0
DA:1280,0
DA:1281,0
DA:1285,0
DA:1291,0
DA:1307,0
DA:1308,0
DA:1309,0
DA:1315,0
DA:1331,0
DA:1332,0
DA:1333,0
DA:1337,0
DA:1338,0
DA:1344,0
DA:1360,0
DA:1361,0
DA:1362,0
DA:1366,0
DA:1367,0
DA:1373,0
DA:1389,0
DA:1390,0
DA:1391,0
DA:1392,0
DA:1398,0
DA:1399,0
DA:1400,0
DA:1417,0
DA:1418,0
DA:1419,0
DA:1420,0
DA:1426,0
DA:1427,0
DA:1428,0
DA:1444,0
DA:1445,0
DA:1446,0
DA:1450,0
DA:1456,0
DA:1457,0
DA:1458,0
DA:1474,0
DA:1475,0
DA:1476,0
DA:1480,0
DA:1486,0
DA:1487,0
DA:1488,0
DA:1504,0
DA:1505,0
DA:1506,0
DA:1507,0
DA:1508,0
DA:1514,0
DA:1516,0
DA:1517,0
DA:1534,0
DA:1535,0
DA:1536,0
DA:1537,0
DA:1538,0
DA:1544,0
DA:1546,0
DA:1547,0
DA:1556,0
DA:1557,0
DA:1558,0
DA:1559,0
DA:1562,0
DA:1563,0
DA:1564,0
DA:1566,0
DA:1567,0
DA:1570,0
DA:1573,0
DA:1579,0
DA:1582,0
DA:1585,0
DA:1596,0
DA:1602,0
DA:1603,0
DA:1604,0
DA:1617,0
DA:1618,0
DA:1619,0
DA:1620,0
DA:1626,0
DA:1627,0
DA:1628,0
DA:1641,0
DA:1642,0
DA:1643,0
DA:1644,0
DA:1650,0
DA:1651,0
DA:1652,0
DA:1666,0
DA:1667,0
DA:1673,0
DA:1674,0
DA:1675,0
DA:1679,0
DA:1680,0
DA:1690,0
DA:1691,0
DA:1697,0
DA:1698,0
DA:1699,0
DA:1703,0
DA:1704,0
DA:1713,0
DA:1721,0
DA:1729,0
DA:1739,0
DA:1749,0
LF:250
LH:16
BRDA:124,1,0,0
BRDA:124,1,1,0
BRDA:128,2,0,0
BRDA:128,2,1,0
BRDA:132,3,0,0
BRDA:132,3,1,0
BRDA:132,4,0,0
BRDA:132,4,1,0
BRDA:148,5,0,6
BRDA:148,5,1,0
BRDA:150,6,0,2
BRDA:150,6,1,4
BRDA:152,7,0,6
BRDA:152,7,1,0
BRDA:187,8,0,0
BRDA:187,8,1,0
BRDA:197,9,0,0
BRDA:197,9,1,0
BRDA:198,10,0,0
BRDA:198,10,1,0
BRDA:211,11,0,0
BRDA:211,11,1,0
BRDA:212,12,0,0
BRDA:212,12,1,0
BRDA:228,13,0,0
BRDA:228,13,1,0
BRDA:229,14,0,0
BRDA:229,14,1,0
BRDA:244,15,0,0
BRDA:244,15,1,0
BRDA:263,16,0,0
BRDA:263,16,1,0
BRDA:291,17,0,0
BRDA:291,17,1,0
BRDA:292,18,0,0
BRDA:292,18,1,0
BRDA:306,19,0,0
BRDA:306,19,1,0
BRDA:307,20,0,0
BRDA:307,20,1,0
BRDA:322,21,0,0
BRDA:322,21,1,0
BRDA:323,22,0,0
BRDA:323,22,1,0
BRDA:330,23,0,0
BRDA:330,23,1,0
BRDA:754,24,0,3
BRDA:754,24,1,0
BRDA:778,25,0,3
BRDA:778,25,1,0
BRDA:786,26,0,0
BRDA:786,26,1,0
BRDA:794,27,0,0
BRDA:794,27,1,0
BRDA:795,28,0,0
BRDA:795,28,1,0
BRDA:807,29,0,0
BRDA:807,29,1,0
BRDA:829,30,0,0
BRDA:829,30,1,0
BRDA:862,31,0,3
BRDA:862,31,1,0
BRDA:883,32,0,0
BRDA:883,32,1,0
BRDA:900,33,0,0
BRDA:900,33,1,0
BRDA:921,34,0,0
BRDA:921,34,1,0
BRDA:938,35,0,0
BRDA:938,35,1,0
BRDA:946,36,0,0
BRDA:946,36,1,0
BRDA:948,37,0,0
BRDA:948,37,1,0
BRDA:949,38,0,0
BRDA:949,38,1,0
BRDA:963,39,0,0
BRDA:963,39,1,0
BRDA:992,40,0,0
BRDA:992,40,1,0
BRDA:1023,41,0,0
BRDA:1023,41,1,0
BRDA:1062,42,0,0
BRDA:1062,42,1,0
BRDA:1100,43,0,0
BRDA:1100,43,1,0
BRDA:1128,44,0,0
BRDA:1128,44,1,0
BRDA:1155,45,0,0
BRDA:1155,45,1,0
BRDA:1187,46,0,0
BRDA:1187,46,1,0
BRDA:1221,47,0,0
BRDA:1221,47,1,0
BRDA:1253,48,0,0
BRDA:1253,48,1,0
BRDA:1256,49,0,0
BRDA:1256,49,1,0
BRDA:1277,50,0,0
BRDA:1277,50,1,0
BRDA:1281,51,0,0
BRDA:1281,51,1,0
BRDA:1304,52,0,0
BRDA:1304,52,1,0
BRDA:1308,53,0,0
BRDA:1308,53,1,0
BRDA:1328,54,0,0
BRDA:1328,54,1,0
BRDA:1331,55,0,0
BRDA:1331,55,1,0
BRDA:1333,56,0,0
BRDA:1333,56,1,0
BRDA:1357,57,0,0
BRDA:1357,57,1,0
BRDA:1360,58,0,0
BRDA:1360,58,1,0
BRDA:1362,59,0,0
BRDA:1362,59,1,0
BRDA:1386,60,0,0
BRDA:1386,60,1,0
BRDA:1389,61,0,0
BRDA:1389,61,1,0
BRDA:1391,62,0,0
BRDA:1391,62,1,0
BRDA:1414,63,0,0
BRDA:1414,63,1,0
BRDA:1417,64,0,0
BRDA:1417,64,1,0
BRDA:1419,65,0,0
BRDA:1419,65,1,0
BRDA:1441,66,0,0
BRDA:1441,66,1,0
BRDA:1444,67,0,0
BRDA:1444,67,1,0
BRDA:1446,68,0,0
BRDA:1446,68,1,0
BRDA:1471,69,0,0
BRDA:1471,69,1,0
BRDA:1474,70,0,0
BRDA:1474,70,1,0
BRDA:1476,71,0,0
BRDA:1476,71,1,0
BRDA:1501,72,0,0
BRDA:1501,72,1,0
BRDA:1504,73,0,0
BRDA:1504,73,1,0
BRDA:1506,74,0,0
BRDA:1506,74,1,0
BRDA:1516,75,0,0
BRDA:1516,75,1,0
BRDA:1531,76,0,0
BRDA:1531,76,1,0
BRDA:1534,77,0,0
BRDA:1534,77,1,0
BRDA:1536,78,0,0
BRDA:1536,78,1,0
BRDA:1546,79,0,0
BRDA:1546,79,1,0
BRDA:1568,80,0,0
BRDA:1568,80,1,0
BRDA:1580,81,0,0
BRDA:1580,81,1,0
BRDA:1583,82,0,0
BRDA:1583,82,1,0
BRDA:1595,83,0,0
BRDA:1595,83,1,0
BRDA:1604,84,0,0
BRDA:1604,84,1,0
BRDA:1616,85,0,0
BRDA:1616,85,1,0
BRDA:1617,86,0,0
BRDA:1617,86,1,0
BRDA:1628,87,0,0
BRDA:1628,87,1,0
BRDA:1640,88,0,0
BRDA:1640,88,1,0
BRDA:1641,89,0,0
BRDA:1641,89,1,0
BRDA:1652,90,0,0
BRDA:1652,90,1,0
BRDA:1665,91,0,0
BRDA:1665,91,1,0
BRDA:1666,92,0,0
BRDA:1666,92,1,0
BRDA:1675,93,0,0
BRDA:1675,93,1,0
BRDA:1689,94,0,0
BRDA:1689,94,1,0
BRDA:1690,95,0,0
BRDA:1690,95,1,0
BRDA:1699,96,0,0
BRDA:1699,96,1,0
BRF:192
BRH:7
end_of_record
TN:
SF:E:\Project\Current Work\Bread\DragonPresale\hardhat-tutorial\contracts\Multicall.sol
FN:20,aggregate
FN:35,getEthBalance
FN:39,getAvaxBalance
FN:43,getBlockHash
FN:49,getLastBlockHash
FN:53,getCurrentBlockTimestamp
FN:61,getCurrentBlockDifficulty
FN:69,getCurrentBlockGasLimit
FN:73,getCurrentBlockCoinbase
FNF:9
FNH:0
FNDA:0,aggregate
FNDA:0,getEthBalance
FNDA:0,getAvaxBalance
FNDA:0,getBlockHash
FNDA:0,getLastBlockHash
FNDA:0,getCurrentBlockTimestamp
FNDA:0,getCurrentBlockDifficulty
FNDA:0,getCurrentBlockGasLimit
FNDA:0,getCurrentBlockCoinbase
DA:23,0
DA:24,0
DA:25,0
DA:26,0
DA:29,0
DA:30,0
DA:36,0
DA:40,0
DA:46,0
DA:50,0
DA:58,0
DA:66,0
DA:70,0
DA:74,0
LF:14
LH:0
BRDA:29,1,0,0
BRDA:29,1,1,0
BRF:2
BRH:0
end_of_record
TN:
SF:E:\Project\Current Work\Bread\DragonPresale\hardhat-tutorial\contracts\MyToken.sol
FN:185,_msgSender
FN:189,_msgData
FN:193,_contextSuffixLength
FN:355,constructor
FN:363,name
FN:371,symbol
FN:388,decimals
FN:395,totalSupply
FN:402,balanceOf
FN:414,transfer
FN:423,allowance
FN:437,approve
FN:459,transferFrom
FN:476,_transfer
FN:493,_update
FN:531,_mint
FN:546,_burn
FN:568,_approve
FN:589,_approve
FN:610,_spendAllowance
FN:629,constructor
FNF:21
FNH:9
FNDA:3,_msgSender
FNDA:0,_msgData
FNDA:0,_contextSuffixLength
FNDA:3,constructor
FNDA:0,name
FNDA:0,symbol
FNDA:3,decimals
FNDA:0,totalSupply
FNDA:0,balanceOf
FNDA:0,transfer
FNDA:0,allowance
FNDA:3,approve
FNDA:0,transferFrom
FNDA:0,_transfer
FNDA:3,_update
FNDA:3,_mint
FNDA:0,_burn
FNDA:3,_approve
FNDA:3,_approve
FNDA:0,_spendAllowance
FNDA:3,constructor
DA:186,3
DA:190,0
DA:194,0
DA:356,3
DA:357,3
DA:364,0
DA:372,0
DA:389,3
DA:396,0
DA:403,0
DA:415,0
DA:416,0
DA:417,0
DA:424,0
DA:438,3
DA:439,3
DA:440,3
DA:460,0
DA:461,0
DA:462,0
DA:463,0
DA:477,0
DA:478,0
DA:480,0
DA:481,0
DA:483,0
DA:494,3
DA:496,3
DA:498,0
DA:499,0
DA:500,0
DA:502,0
DA:504,0
DA:508,3
DA:509,0
DA:511,0
DA:514,3
DA:516,3
DA:520,3
DA:532,3
DA:533,0
DA:535,3
DA:547,0
DA:548,0
DA:550,0
DA:569,3
DA:590,3
DA:591,0
DA:593,3
DA:594,0
DA:596,3
DA:597,3
DA:598,3
DA:611,0
DA:612,0
DA:613,0
DA:614,0
DA:616,0
DA:617,0
DA:630,3
LF:60
LH:22
BRDA:477,1,0,0
BRDA:477,1,1,0
BRDA:480,2,0,0
BRDA:480,2,1,0
BRDA:494,3,0,3
BRDA:494,3,1,0
BRDA:499,4,0,0
BRDA:499,4,1,0
BRDA:508,5,0,0
BRDA:508,5,1,3
BRDA:532,6,0,0
BRDA:532,6,1,3
BRDA:547,7,0,0
BRDA:547,7,1,0
BRDA:590,8,0,0
BRDA:590,8,1,3
BRDA:593,9,0,0
BRDA:593,9,1,3
BRDA:597,10,0,3
BRDA:597,10,1,0
BRDA:612,11,0,0
BRDA:612,11,1,0
BRDA:613,12,0,0
BRDA:613,12,1,0
BRF:24
BRH:6
end_of_record
TN:
SF:E:\Project\Current Work\Bread\DragonPresale\hardhat-tutorial\contracts\Token.sol
FN:30,constructor
FN:43,transfer
FN:63,balanceOf
FN:67,thisAddress
FNF:4
FNH:0
FNDA:0,constructor
FNDA:0,transfer
FNDA:0,balanceOf
FNDA:0,thisAddress
DA:33,0
DA:34,0
DA:47,0
DA:50,0
DA:51,0
DA:54,0
DA:64,0
DA:68,0
LF:8
LH:0
BRDA:47,1,0,0
BRDA:47,1,1,0
BRF:2
BRH:0
end_of_record
TN:
SF:E:\Project\Current Work\Bread\DragonPresale\hardhat-tutorial\contracts\WAVAX.sol
FN:33,
FN:36,deposit
FN:40,withdraw
FN:47,totalSupply
FN:51,approve
FN:57,transfer
FN:61,transferFrom
FNF:7
FNH:0
FNDA:0,
FNDA:0,deposit
FNDA:0,withdraw
FNDA:0,totalSupply
FNDA:0,approve
FNDA:0,transfer
FNDA:0,transferFrom
DA:34,0
DA:37,0
DA:38,0
DA:41,0
DA:42,0
DA:43,0
DA:44,0
DA:48,0
DA:52,0
DA:53,0
DA:54,0
DA:58,0
DA:65,0
DA:67,0
DA:68,0
DA:69,0
DA:72,0
DA:73,0
DA:75,0
DA:77,0
LF:20
LH:0
BRDA:41,1,0,0
BRDA:41,1,1,0
BRDA:65,2,0,0
BRDA:65,2,1,0
BRDA:67,3,0,0
BRDA:67,3,1,0
BRDA:68,4,0,0
BRDA:68,4,1,0
BRF:8
BRH:0
end_of_record
