TN:
SF:C:\Users\Main\Desktop\Dragon\HardhatDragon\hardhat-tutorial1\contracts\dragonFire.sol
FN:24,nonces
FN:33,_useNonce
FN:45,_useCheckedNonce
FN:142,getAddressSlot
FN:152,getBooleanSlot
FN:162,getBytes32Slot
FN:172,getUint256Slot
FN:182,getStringSlot
FN:192,getStringSlot
FN:202,getBytesSlot
FN:212,getBytesSlot
FN:271,toShortString
FN:282,toString
FN:297,byteLength
FN:308,toShortStringWithFallback
FN:320,toStringWithFallback
FN:335,byteLengthWithFallback
FN:357,max
FN:364,min
FN:372,average
FN:381,abs
FN:414,tryAdd
FN:425,trySub
FN:435,tryMul
FN:450,tryDiv
FN:460,tryMod
FN:470,max
FN:477,min
FN:485,average
FN:496,ceilDiv
FN:512,mulDiv
FN:596,mulDiv
FN:610,sqrt
FN:646,sqrt
FN:657,log2
FN:699,log2
FN:710,log10
FN:748,log10
FN:761,log256
FN:791,log256
FN:801,unsignedRoundsUp
FN:829,toString
FN:854,toStringSigned
FN:861,toHexString
FN:870,toHexString
FN:889,toHexString
FN:896,equal
FN:930,toEthSignedMessageHash
FN:949,toEthSignedMessageHash
FN:963,toDataWithIntendedValidatorHash
FN:976,toTypedDataHash
FN:1053,constructor
FN:1067,_domainSeparatorV4
FN:1075,_buildDomainSeparator
FN:1094,_hashTypedDataV4
FN:1101,eip712Domain
FN:1133,_EIP712Name
FN:1144,_EIP712Version
FN:1205,tryRecover
FN:1238,recover
FN:1249,tryRecover
FN:1261,recover
FN:1271,tryRecover
FN:1303,recover
FN:1312,_throwError
FN:1597,_msgSender
FN:1601,_msgData
FN:1605,_contextSuffixLength
FN:1647,constructor
FN:1657,onlyOwner
FN:1665,owner
FN:1672,_checkOwner
FN:1685,renounceOwnership
FN:1693,transferOwnership
FN:1704,_transferOwnership
FN:1868,constructor
FN:1876,name
FN:1884,symbol
FN:1901,decimals
FN:1908,totalSupply
FN:1915,balanceOf
FN:1927,transfer
FN:1936,allowance
FN:1950,approve
FN:1972,transferFrom
FN:1989,_transfer
FN:2006,_update
FN:2044,_mint
FN:2059,_burn
FN:2081,_approve
FN:2102,_approve
FN:2123,_spendAllowance
FN:2174,constructor
FN:2179,permit
FN:2207,nonces
FN:2215,DOMAIN_SEPARATOR
FN:2490,feeSettingsLock
FN:2497,phasesLock
FN:2507,constructor
FN:2589,setMainDex
FN:2604,setCommunityTokens
FN:2616,setCtRouters
FN:2636,setProcessFeesMinimum
FN:2644,setTreasuryAddress
FN:2653,setFarmAddress
FN:2662,excludeFromFees
FN:2669,includeInFees
FN:2677,transferOwnership
FN:2690,setFeesInBasisPts
FN:2701,lockFeeSettings
FN:2712,_update
FN:2758,beforeTokenTransfer
FN:2776,swapAndBurnLP
FN:2813,swapDRAGONForAVAX
FN:2832,swapAvaxForCT
FN:2851,addLiquidityDRAGON
FN:2867,addLiquidityCT
FN:2888,checkCtPairs
FN:2901,processFees
FN:2961,seedAndBurnCtLP
FN:2975,seedAndBurnDragonLP
FN:2988,setPairs
FN:3001,tradingActive
FN:3010,tradingRestricted
FN:3015,tradingPhase
FN:3035,setPhasesStartTime
FN:3042,setWhaleLimitsPerPhase
FN:3056,lockPhasesSettings
FN:3065,setAllowlistedForSomePhase
FN:3081,
FN:3085,withdrawAvaxTo
FN:3091,iERC20TransferFrom
FN:3098,iERC20Transfer
FN:3106,iERC20Approve
FN:3112,iERC721TransferFrom
FN:3118,iERC721SafeTransferFrom
FN:3124,iERC721Transfer
FN:3130,iERC721SafeTransfer
FN:3136,noDRAGONTokens
FNF:139
FNH:0
FNDA:0,nonces
FNDA:0,_useNonce
FNDA:0,_useCheckedNonce
FNDA:0,getAddressSlot
FNDA:0,getBooleanSlot
FNDA:0,getBytes32Slot
FNDA:0,getUint256Slot
FNDA:0,getStringSlot
FNDA:0,getStringSlot
FNDA:0,getBytesSlot
FNDA:0,getBytesSlot
FNDA:0,toShortString
FNDA:0,toString
FNDA:0,byteLength
FNDA:0,toShortStringWithFallback
FNDA:0,toStringWithFallback
FNDA:0,byteLengthWithFallback
FNDA:0,max
FNDA:0,min
FNDA:0,average
FNDA:0,abs
FNDA:0,tryAdd
FNDA:0,trySub
FNDA:0,tryMul
FNDA:0,tryDiv
FNDA:0,tryMod
FNDA:0,max
FNDA:0,min
FNDA:0,average
FNDA:0,ceilDiv
FNDA:0,mulDiv
FNDA:0,mulDiv
FNDA:0,sqrt
FNDA:0,sqrt
FNDA:0,log2
FNDA:0,log2
FNDA:0,log10
FNDA:0,log10
FNDA:0,log256
FNDA:0,log256
FNDA:0,unsignedRoundsUp
FNDA:0,toString
FNDA:0,toStringSigned
FNDA:0,toHexString
FNDA:0,toHexString
FNDA:0,toHexString
FNDA:0,equal
FNDA:0,toEthSignedMessageHash
FNDA:0,toEthSignedMessageHash
FNDA:0,toDataWithIntendedValidatorHash
FNDA:0,toTypedDataHash
FNDA:0,constructor
FNDA:0,_domainSeparatorV4
FNDA:0,_buildDomainSeparator
FNDA:0,_hashTypedDataV4
FNDA:0,eip712Domain
FNDA:0,_EIP712Name
FNDA:0,_EIP712Version
FNDA:0,tryRecover
FNDA:0,recover
FNDA:0,tryRecover
FNDA:0,recover
FNDA:0,tryRecover
FNDA:0,recover
FNDA:0,_throwError
FNDA:0,_msgSender
FNDA:0,_msgData
FNDA:0,_contextSuffixLength
FNDA:0,constructor
FNDA:0,onlyOwner
FNDA:0,owner
FNDA:0,_checkOwner
FNDA:0,renounceOwnership
FNDA:0,transferOwnership
FNDA:0,_transferOwnership
FNDA:0,constructor
FNDA:0,name
FNDA:0,symbol
FNDA:0,decimals
FNDA:0,totalSupply
FNDA:0,balanceOf
FNDA:0,transfer
FNDA:0,allowance
FNDA:0,approve
FNDA:0,transferFrom
FNDA:0,_transfer
FNDA:0,_update
FNDA:0,_mint
FNDA:0,_burn
FNDA:0,_approve
FNDA:0,_approve
FNDA:0,_spendAllowance
FNDA:0,constructor
FNDA:0,permit
FNDA:0,nonces
FNDA:0,DOMAIN_SEPARATOR
FNDA:0,feeSettingsLock
FNDA:0,phasesLock
FNDA:0,constructor
FNDA:0,setMainDex
FNDA:0,setCommunityTokens
FNDA:0,setCtRouters
FNDA:0,setProcessFeesMinimum
FNDA:0,setTreasuryAddress
FNDA:0,setFarmAddress
FNDA:0,excludeFromFees
FNDA:0,includeInFees
FNDA:0,transferOwnership
FNDA:0,setFeesInBasisPts
FNDA:0,lockFeeSettings
FNDA:0,_update
FNDA:0,beforeTokenTransfer
FNDA:0,swapAndBurnLP
FNDA:0,swapDRAGONForAVAX
FNDA:0,swapAvaxForCT
FNDA:0,addLiquidityDRAGON
FNDA:0,addLiquidityCT
FNDA:0,checkCtPairs
FNDA:0,processFees
FNDA:0,seedAndBurnCtLP
FNDA:0,seedAndBurnDragonLP
FNDA:0,setPairs
FNDA:0,tradingActive
FNDA:0,tradingRestricted
FNDA:0,tradingPhase
FNDA:0,setPhasesStartTime
FNDA:0,setWhaleLimitsPerPhase
FNDA:0,lockPhasesSettings
FNDA:0,setAllowlistedForSomePhase
FNDA:0,
FNDA:0,withdrawAvaxTo
FNDA:0,iERC20TransferFrom
FNDA:0,iERC20Transfer
FNDA:0,iERC20Approve
FNDA:0,iERC721TransferFrom
FNDA:0,iERC721SafeTransferFrom
FNDA:0,iERC721Transfer
FNDA:0,iERC721SafeTransfer
FNDA:0,noDRAGONTokens
DA:25,0
DA:36,0
DA:38,0
DA:46,0
DA:47,0
DA:48,0
DA:144,0
DA:154,0
DA:164,0
DA:174,0
DA:184,0
DA:194,0
DA:204,0
DA:214,0
DA:272,0
DA:273,0
DA:274,0
DA:276,0
DA:283,0
DA:285,0
DA:287,0
DA:291,0
DA:298,0
DA:299,0
DA:300,0
DA:302,0
DA:309,0
DA:310,0
DA:312,0
DA:313,0
DA:321,0
DA:322,0
DA:324,0
DA:336,0
DA:337,0
DA:339,0
DA:358,0
DA:365,0
DA:374,0
DA:375,0
DA:382,0
DA:384,0
DA:415,0
DA:416,0
DA:417,0
DA:418,0
DA:426,0
DA:427,0
DA:428,0
DA:436,0
DA:440,0
DA:441,0
DA:442,0
DA:443,0
DA:451,0
DA:452,0
DA:453,0
DA:461,0
DA:462,0
DA:463,0
DA:471,0
DA:478,0
DA:487,0
DA:497,0
DA:499,0
DA:503,0
DA:513,0
DA:517,0
DA:518,0
DA:519,0
DA:525,0
DA:529,0
DA:533,0
DA:534,0
DA:542,0
DA:543,0
DA:555,0
DA:556,0
DA:568,0
DA:573,0
DA:577,0
DA:578,0
DA:579,0
DA:580,0
DA:581,0
DA:582,0
DA:588,0
DA:589,0
DA:597,0
DA:598,0
DA:599,0
DA:601,0
DA:611,0
DA:612,0
DA:625,0
DA:631,0
DA:632,0
DA:633,0
DA:634,0
DA:635,0
DA:636,0
DA:637,0
DA:638,0
DA:639,0
DA:647,0
DA:648,0
DA:649,0
DA:658,0
DA:659,0
DA:660,0
DA:661,0
DA:662,0
DA:664,0
DA:665,0
DA:666,0
DA:668,0
DA:669,0
DA:670,0
DA:672,0
DA:673,0
DA:674,0
DA:676,0
DA:677,0
DA:678,0
DA:680,0
DA:681,0
DA:682,0
DA:684,0
DA:685,0
DA:686,0
DA:688,0
DA:689,0
DA:692,0
DA:700,0
DA:701,0
DA:702,0
DA:711,0
DA:712,0
DA:713,0
DA:714,0
DA:715,0
DA:717,0
DA:718,0
DA:719,0
DA:721,0
DA:722,0
DA:723,0
DA:725,0
DA:726,0
DA:727,0
DA:729,0
DA:730,0
DA:731,0
DA:733,0
DA:734,0
DA:735,0
DA:737,0
DA:738,0
DA:741,0
DA:749,0
DA:750,0
DA:751,0
DA:762,0
DA:763,0
DA:764,0
DA:765,0
DA:766,0
DA:768,0
DA:769,0
DA:770,0
DA:772,0
DA:773,0
DA:774,0
DA:776,0
DA:777,0
DA:778,0
DA:780,0
DA:781,0
DA:784,0
DA:792,0
DA:793,0
DA:794,0
DA:802,0
DA:830,0
DA:831,0
DA:832,0
DA:833,0
DA:835,0
DA:838,0
DA:839,0
DA:841,0
DA:844,0
DA:845,0
DA:847,0
DA:855,0
DA:862,0
DA:863,0
DA:871,0
DA:872,0
DA:873,0
DA:874,0
DA:875,0
DA:876,0
DA:877,0
DA:879,0
DA:880,0
DA:882,0
DA:890,0
DA:897,0
DA:932,0
DA:950,0
DA:964,0
DA:978,0
DA:1054,0
DA:1055,0
DA:1056,0
DA:1057,0
DA:1059,0
DA:1060,0
DA:1061,0
DA:1068,0
DA:1069,0
DA:1071,0
DA:1076,0
DA:1095,0
DA:1115,0
DA:1134,0
DA:1145,0
DA:1206,0
DA:1207,0
DA:1208,0
DA:1209,0
DA:1213,0
DA:1218,0
DA:1220,0
DA:1239,0
DA:1240,0
DA:1241,0
DA:1250,0
DA:1251,0
DA:1253,0
DA:1254,0
DA:1262,0
DA:1263,0
DA:1264,0
DA:1286,0
DA:1287,0
DA:1291,0
DA:1292,0
DA:1293,0
DA:1296,0
DA:1304,0
DA:1305,0
DA:1306,0
DA:1313,0
DA:1314,0
DA:1316,0
DA:1318,0
DA:1320,0
DA:1598,0
DA:1602,0
DA:1606,0
DA:1648,0
DA:1649,0
DA:1651,0
DA:1658,0
DA:1659,0
DA:1666,0
DA:1673,0
DA:1674,0
DA:1686,0
DA:1694,0
DA:1695,0
DA:1697,0
DA:1705,0
DA:1706,0
DA:1707,0
DA:1869,0
DA:1870,0
DA:1877,0
DA:1885,0
DA:1902,0
DA:1909,0
DA:1916,0
DA:1928,0
DA:1929,0
DA:1930,0
DA:1937,0
DA:1951,0
DA:1952,0
DA:1953,0
DA:1973,0
DA:1974,0
DA:1975,0
DA:1976,0
DA:1990,0
DA:1991,0
DA:1993,0
DA:1994,0
DA:1996,0
DA:2007,0
DA:2009,0
DA:2011,0
DA:2012,0
DA:2013,0
DA:2015,0
DA:2017,0
DA:2021,0
DA:2022,0
DA:2024,0
DA:2027,0
DA:2029,0
DA:2033,0
DA:2045,0
DA:2046,0
DA:2048,0
DA:2060,0
DA:2061,0
DA:2063,0
DA:2082,0
DA:2103,0
DA:2104,0
DA:2106,0
DA:2107,0
DA:2109,0
DA:2110,0
DA:2111,0
DA:2124,0
DA:2125,0
DA:2126,0
DA:2127,0
DA:2129,0
DA:2130,0
DA:2188,0
DA:2189,0
DA:2192,0
DA:2194,0
DA:2196,0
DA:2197,0
DA:2198,0
DA:2201,0
DA:2208,0
DA:2216,0
DA:2491,0
DA:2492,0
DA:2493,0
DA:2498,0
DA:2499,0
DA:2510,0
DA:2511,0
DA:2512,0
DA:2513,0
DA:2514,0
DA:2515,0
DA:2516,0
DA:2517,0
DA:2519,0
DA:2532,0
DA:2533,0
DA:2536,0
DA:2548,0
DA:2549,0
DA:2550,0
DA:2553,0
DA:2554,0
DA:2555,0
DA:2557,0
DA:2558,0
DA:2559,0
DA:2560,0
DA:2561,0
DA:2564,0
DA:2568,0
DA:2569,0
DA:2572,0
DA:2573,0
DA:2576,0
DA:2577,0
DA:2579,0
DA:2580,0
DA:2581,0
DA:2591,0
DA:2592,0
DA:2593,0
DA:2594,0
DA:2595,0
DA:2596,0
DA:2598,0
DA:2599,0
DA:2600,0
DA:2606,0
DA:2607,0
DA:2608,0
DA:2609,0
DA:2610,0
DA:2611,0
DA:2612,0
DA:2617,0
DA:2618,0
DA:2619,0
DA:2620,0
DA:2621,0
DA:2622,0
DA:2624,0
DA:2625,0
DA:2626,0
DA:2627,0
DA:2628,0
DA:2629,0
DA:2632,0
DA:2637,0
DA:2638,0
DA:2639,0
DA:2640,0
DA:2645,0
DA:2646,0
DA:2647,0
DA:2648,0
DA:2649,0
DA:2654,0
DA:2655,0
DA:2656,0
DA:2657,0
DA:2658,0
DA:2663,0
DA:2664,0
DA:2665,0
DA:2670,0
DA:2671,0
DA:2672,0
DA:2673,0
DA:2678,0
DA:2679,0
DA:2680,0
DA:2681,0
DA:2691,0
DA:2692,0
DA:2693,0
DA:2694,0
DA:2695,0
DA:2696,0
DA:2697,0
DA:2702,0
DA:2703,0
DA:2704,0
DA:2718,0
DA:2719,0
DA:2720,0
DA:2723,0
DA:2726,0
DA:2727,0
DA:2730,0
DA:2731,0
DA:2734,0
DA:2735,0
DA:2737,0
DA:2738,0
DA:2741,0
DA:2742,0
DA:2743,0
DA:2744,0
DA:2747,0
DA:2748,0
DA:2749,0
DA:2750,0
DA:2754,0
DA:2762,0
DA:2764,0
DA:2765,0
DA:2768,0
DA:2769,0
DA:2770,0
DA:2771,0
DA:2777,0
DA:2778,0
DA:2780,0
DA:2781,0
DA:2784,0
DA:2785,0
DA:2786,0
DA:2787,0
DA:2788,0
DA:2790,0
DA:2791,0
DA:2792,0
DA:2793,0
DA:2794,0
DA:2795,0
DA:2798,0
DA:2799,0
DA:2800,0
DA:2802,0
DA:2803,0
DA:2804,0
DA:2805,0
DA:2806,0
DA:2807,0
DA:2814,0
DA:2815,0
DA:2816,0
DA:2818,0
DA:2827,0
DA:2833,0
DA:2834,0
DA:2835,0
DA:2837,0
DA:2846,0
DA:2852,0
DA:2862,0
DA:2868,0
DA:2871,0
DA:2883,0
DA:2889,0
DA:2890,0
DA:2891,0
DA:2892,0
DA:2893,0
DA:2902,0
DA:2903,0
DA:2904,0
DA:2908,0
DA:2909,0
DA:2910,0
DA:2911,0
DA:2912,0
DA:2914,0
DA:2917,0
DA:2919,0
DA:2920,0
DA:2921,0
DA:2922,0
DA:2925,0
DA:2928,0
DA:2929,0
DA:2930,0
DA:2931,0
DA:2933,0
DA:2934,0
DA:2935,0
DA:2937,0
DA:2938,0
DA:2941,0
DA:2942,0
DA:2945,0
DA:2946,0
DA:2947,0
DA:2948,0
DA:2950,0
DA:2951,0
DA:2954,0
DA:2955,0
DA:2962,0
DA:2963,0
DA:2964,0
DA:2965,0
DA:2966,0
DA:2967,0
DA:2968,0
DA:2969,0
DA:2970,0
DA:2971,0
DA:2976,0
DA:2977,0
DA:2978,0
DA:2979,0
DA:2980,0
DA:2981,0
DA:2982,0
DA:2983,0
DA:2984,0
DA:2989,0
DA:2990,0
DA:2992,0
DA:2993,0
DA:2994,0
DA:2995,0
DA:3002,0
DA:3003,0
DA:3005,0
DA:3011,0
DA:3016,0
DA:3017,0
DA:3020,0
DA:3021,0
DA:3023,0
DA:3024,0
DA:3027,0
DA:3036,0
DA:3037,0
DA:3038,0
DA:3043,0
DA:3044,0
DA:3045,0
DA:3046,0
DA:3047,0
DA:3048,0
DA:3049,0
DA:3050,0
DA:3052,0
DA:3057,0
DA:3058,0
DA:3059,0
DA:3060,0
DA:3061,0
DA:3066,0
DA:3067,0
DA:3068,0
DA:3069,0
DA:3070,0
DA:3071,0
DA:3073,0
DA:3086,0
DA:3087,0
DA:3088,0
DA:3092,0
DA:3093,0
DA:3094,0
DA:3095,0
DA:3099,0
DA:3100,0
DA:3102,0
DA:3103,0
DA:3107,0
DA:3108,0
DA:3109,0
DA:3113,0
DA:3114,0
DA:3115,0
DA:3119,0
DA:3120,0
DA:3121,0
DA:3125,0
DA:3126,0
DA:3127,0
DA:3131,0
DA:3132,0
DA:3133,0
DA:3137,0
DA:3138,0
LF:639
LH:0
BRDA:47,1,0,0
BRDA:47,1,1,0
BRDA:273,2,0,0
BRDA:273,2,1,0
BRDA:299,3,0,0
BRDA:299,3,1,0
BRDA:309,4,0,0
BRDA:309,4,1,0
BRDA:321,5,0,0
BRDA:321,5,1,0
BRDA:336,6,0,0
BRDA:336,6,1,0
BRDA:358,7,0,0
BRDA:358,7,1,0
BRDA:365,8,0,0
BRDA:365,8,1,0
BRDA:417,9,0,0
BRDA:417,9,1,0
BRDA:427,10,0,0
BRDA:427,10,1,0
BRDA:440,11,0,0
BRDA:440,11,1,0
BRDA:442,12,0,0
BRDA:442,12,1,0
BRDA:452,13,0,0
BRDA:452,13,1,0
BRDA:462,14,0,0
BRDA:462,14,1,0
BRDA:471,15,0,0
BRDA:471,15,1,0
BRDA:478,16,0,0
BRDA:478,16,1,0
BRDA:497,17,0,0
BRDA:497,17,1,0
BRDA:503,18,0,0
BRDA:503,18,1,0
BRDA:525,19,0,0
BRDA:525,19,1,0
BRDA:533,20,0,0
BRDA:533,20,1,0
BRDA:598,21,0,0
BRDA:598,21,1,0
BRDA:611,22,0,0
BRDA:611,22,1,0
BRDA:649,23,0,0
BRDA:649,23,1,0
BRDA:660,24,0,0
BRDA:660,24,1,0
BRDA:664,25,0,0
BRDA:664,25,1,0
BRDA:668,26,0,0
BRDA:668,26,1,0
BRDA:672,27,0,0
BRDA:672,27,1,0
BRDA:676,28,0,0
BRDA:676,28,1,0
BRDA:680,29,0,0
BRDA:680,29,1,0
BRDA:684,30,0,0
BRDA:684,30,1,0
BRDA:688,31,0,0
BRDA:688,31,1,0
BRDA:702,32,0,0
BRDA:702,32,1,0
BRDA:713,33,0,0
BRDA:713,33,1,0
BRDA:717,34,0,0
BRDA:717,34,1,0
BRDA:721,35,0,0
BRDA:721,35,1,0
BRDA:725,36,0,0
BRDA:725,36,1,0
BRDA:729,37,0,0
BRDA:729,37,1,0
BRDA:733,38,0,0
BRDA:733,38,1,0
BRDA:737,39,0,0
BRDA:737,39,1,0
BRDA:751,40,0,0
BRDA:751,40,1,0
BRDA:764,41,0,0
BRDA:764,41,1,0
BRDA:768,42,0,0
BRDA:768,42,1,0
BRDA:772,43,0,0
BRDA:772,43,1,0
BRDA:776,44,0,0
BRDA:776,44,1,0
BRDA:780,45,0,0
BRDA:780,45,1,0
BRDA:794,46,0,0
BRDA:794,46,1,0
BRDA:845,47,0,0
BRDA:845,47,1,0
BRDA:879,48,0,0
BRDA:879,48,1,0
BRDA:1068,49,0,0
BRDA:1068,49,1,0
BRDA:1206,50,0,0
BRDA:1206,50,1,0
BRDA:1286,51,0,0
BRDA:1286,51,1,0
BRDA:1292,52,0,0
BRDA:1292,52,1,0
BRDA:1313,53,0,0
BRDA:1313,53,1,0
BRDA:1315,54,0,0
BRDA:1315,54,1,0
BRDA:1317,55,0,0
BRDA:1317,55,1,0
BRDA:1319,56,0,0
BRDA:1319,56,1,0
BRDA:1648,57,0,0
BRDA:1648,57,1,0
BRDA:1673,58,0,0
BRDA:1673,58,1,0
BRDA:1685,59,0,0
BRDA:1685,59,1,0
BRDA:1693,60,0,0
BRDA:1693,60,1,0
BRDA:1694,61,0,0
BRDA:1694,61,1,0
BRDA:1990,62,0,0
BRDA:1990,62,1,0
BRDA:1993,63,0,0
BRDA:1993,63,1,0
BRDA:2007,64,0,0
BRDA:2007,64,1,0
BRDA:2012,65,0,0
BRDA:2012,65,1,0
BRDA:2021,66,0,0
BRDA:2021,66,1,0
BRDA:2045,67,0,0
BRDA:2045,67,1,0
BRDA:2060,68,0,0
BRDA:2060,68,1,0
BRDA:2103,69,0,0
BRDA:2103,69,1,0
BRDA:2106,70,0,0
BRDA:2106,70,1,0
BRDA:2110,71,0,0
BRDA:2110,71,1,0
BRDA:2125,72,0,0
BRDA:2125,72,1,0
BRDA:2126,73,0,0
BRDA:2126,73,1,0
BRDA:2188,74,0,0
BRDA:2188,74,1,0
BRDA:2197,75,0,0
BRDA:2197,75,1,0
BRDA:2491,76,0,0
BRDA:2491,76,1,0
BRDA:2492,77,0,0
BRDA:2492,77,1,0
BRDA:2498,78,0,0
BRDA:2498,78,1,0
BRDA:2517,79,0,0
BRDA:2517,79,1,0
BRDA:2533,80,0,0
BRDA:2533,80,1,0
BRDA:2548,81,0,0
BRDA:2548,81,1,0
BRDA:2561,82,0,0
BRDA:2561,82,1,0
BRDA:2589,83,0,0
BRDA:2589,83,1,0
BRDA:2589,84,0,0
BRDA:2589,84,1,0
BRDA:2591,85,0,0
BRDA:2591,85,1,0
BRDA:2596,86,0,0
BRDA:2596,86,1,0
BRDA:2604,87,0,0
BRDA:2604,87,1,0
BRDA:2604,88,0,0
BRDA:2604,88,1,0
BRDA:2607,89,0,0
BRDA:2607,89,1,0
BRDA:2608,90,0,0
BRDA:2608,90,1,0
BRDA:2616,91,0,0
BRDA:2616,91,1,0
BRDA:2616,92,0,0
BRDA:2616,92,1,0
BRDA:2619,93,0,0
BRDA:2619,93,1,0
BRDA:2625,94,0,0
BRDA:2625,94,1,0
BRDA:2629,95,0,0
BRDA:2629,95,1,0
BRDA:2636,96,0,0
BRDA:2636,96,1,0
BRDA:2636,97,0,0
BRDA:2636,97,1,0
BRDA:2637,98,0,0
BRDA:2637,98,1,0
BRDA:2638,99,0,0
BRDA:2638,99,1,0
BRDA:2644,100,0,0
BRDA:2644,100,1,0
BRDA:2644,101,0,0
BRDA:2644,101,1,0
BRDA:2645,102,0,0
BRDA:2645,102,1,0
BRDA:2653,103,0,0
BRDA:2653,103,1,0
BRDA:2653,104,0,0
BRDA:2653,104,1,0
BRDA:2654,105,0,0
BRDA:2654,105,1,0
BRDA:2662,106,0,0
BRDA:2662,106,1,0
BRDA:2662,107,0,0
BRDA:2662,107,1,0
BRDA:2663,108,0,0
BRDA:2663,108,1,0
BRDA:2669,109,0,0
BRDA:2669,109,1,0
BRDA:2669,110,0,0
BRDA:2669,110,1,0
BRDA:2670,111,0,0
BRDA:2670,111,1,0
BRDA:2671,112,0,0
BRDA:2671,112,1,0
BRDA:2677,113,0,0
BRDA:2677,113,1,0
BRDA:2678,114,0,0
BRDA:2678,114,1,0
BRDA:2690,115,0,0
BRDA:2690,115,1,0
BRDA:2690,116,0,0
BRDA:2690,116,1,0
BRDA:2696,117,0,0
BRDA:2696,117,1,0
BRDA:2701,118,0,0
BRDA:2701,118,1,0
BRDA:2702,119,0,0
BRDA:2702,119,1,0
BRDA:2718,120,0,0
BRDA:2718,120,1,0
BRDA:2723,121,0,0
BRDA:2723,121,1,0
BRDA:2723,122,0,0
BRDA:2723,122,1,0
BRDA:2730,123,0,0
BRDA:2730,123,1,0
BRDA:2737,124,0,0
BRDA:2737,124,1,0
BRDA:2737,125,0,0
BRDA:2737,125,1,0
BRDA:2737,126,0,0
BRDA:2737,126,1,0
BRDA:2741,127,0,0
BRDA:2741,127,1,0
BRDA:2747,128,0,0
BRDA:2747,128,1,0
BRDA:2749,129,0,0
BRDA:2749,129,1,0
BRDA:2764,130,0,0
BRDA:2764,130,1,0
BRDA:2768,131,0,0
BRDA:2768,131,1,0
BRDA:2769,132,0,0
BRDA:2769,132,1,0
BRDA:2771,133,0,0
BRDA:2771,133,1,0
BRDA:2780,134,0,0
BRDA:2780,134,1,0
BRDA:2790,135,0,0
BRDA:2790,135,1,0
BRDA:2798,136,0,0
BRDA:2798,136,1,0
BRDA:2893,137,0,0
BRDA:2893,137,1,0
BRDA:2902,138,0,0
BRDA:2902,138,1,0
BRDA:2903,139,0,0
BRDA:2903,139,1,0
BRDA:2911,140,0,0
BRDA:2911,140,1,0
BRDA:2919,141,0,0
BRDA:2919,141,1,0
BRDA:2920,142,0,0
BRDA:2920,142,1,0
BRDA:2937,143,0,0
BRDA:2937,143,1,0
BRDA:2941,144,0,0
BRDA:2941,144,1,0
BRDA:2950,145,0,0
BRDA:2950,145,1,0
BRDA:2954,146,0,0
BRDA:2954,146,1,0
BRDA:2962,147,0,0
BRDA:2962,147,1,0
BRDA:2963,148,0,0
BRDA:2963,148,1,0
BRDA:2964,149,0,0
BRDA:2964,149,1,0
BRDA:2965,150,0,0
BRDA:2965,150,1,0
BRDA:2976,151,0,0
BRDA:2976,151,1,0
BRDA:2977,152,0,0
BRDA:2977,152,1,0
BRDA:2978,153,0,0
BRDA:2978,153,1,0
BRDA:2979,154,0,0
BRDA:2979,154,1,0
BRDA:2994,155,0,0
BRDA:2994,155,1,0
BRDA:3002,156,0,0
BRDA:3002,156,1,0
BRDA:3016,157,0,0
BRDA:3016,157,1,0
BRDA:3023,158,0,0
BRDA:3023,158,1,0
BRDA:3035,159,0,0
BRDA:3035,159,1,0
BRDA:3035,160,0,0
BRDA:3035,160,1,0
BRDA:3036,161,0,0
BRDA:3036,161,1,0
BRDA:3042,162,0,0
BRDA:3042,162,1,0
BRDA:3042,163,0,0
BRDA:3042,163,1,0
BRDA:3044,164,0,0
BRDA:3044,164,1,0
BRDA:3046,165,0,0
BRDA:3046,165,1,0
BRDA:3048,166,0,0
BRDA:3048,166,1,0
BRDA:3056,167,0,0
BRDA:3056,167,1,0
BRDA:3056,168,0,0
BRDA:3056,168,1,0
BRDA:3057,169,0,0
BRDA:3057,169,1,0
BRDA:3058,170,0,0
BRDA:3058,170,1,0
BRDA:3065,171,0,0
BRDA:3065,171,1,0
BRDA:3066,172,0,0
BRDA:3066,172,1,0
BRDA:3068,173,0,0
BRDA:3068,173,1,0
BRDA:3069,174,0,0
BRDA:3069,174,1,0
BRDA:3085,175,0,0
BRDA:3085,175,1,0
BRDA:3086,176,0,0
BRDA:3086,176,1,0
BRDA:3091,177,0,0
BRDA:3091,177,1,0
BRDA:3094,178,0,0
BRDA:3094,178,1,0
BRDA:3098,179,0,0
BRDA:3098,179,1,0
BRDA:3102,180,0,0
BRDA:3102,180,1,0
BRDA:3106,181,0,0
BRDA:3106,181,1,0
BRDA:3112,182,0,0
BRDA:3112,182,1,0
BRDA:3118,183,0,0
BRDA:3118,183,1,0
BRDA:3124,184,0,0
BRDA:3124,184,1,0
BRDA:3130,185,0,0
BRDA:3130,185,1,0
BRDA:3137,186,0,0
BRDA:3137,186,1,0
BRDA:3138,187,0,0
BRDA:3138,187,1,0
BRF:374
BRH:0
end_of_record
TN:
SF:C:\Users\Main\Desktop\Dragon\HardhatDragon\hardhat-tutorial1\contracts\JoeFactory_flattened.sol
FN:48,add
FN:52,sub
FN:56,mul
FN:89,constructor
FN:107,_mint
FN:113,_burn
FN:119,_approve
FN:128,_transfer
FN:138,approve
FN:143,transfer
FN:148,transferFrom
FN:162,permit
FN:204,min
FN:209,sqrt
FN:236,encode
FN:241,uqdiv
FN:333,lock
FN:340,getReserves
FN:354,_safeTransfer
FN:385,constructor
FN:390,initialize
FN:397,_update
FN:425,_mintFee
FN:449,mint
FN:490,burn
FN:525,swap
FN:581,skim
FN:597,sync
FN:628,constructor
FN:632,allPairsLength
FN:636,pairCodeHash
FN:640,createPair
FN:663,setFeeTo
FN:668,setMigrator
FN:673,setFeeToSetter
FNF:35
FNH:6
FNDA:0,add
FNDA:0,sub
FNDA:0,mul
FNDA:1,constructor
FNDA:0,_mint
FNDA:0,_burn
FNDA:0,_approve
FNDA:0,_transfer
FNDA:0,approve
FNDA:0,transfer
FNDA:0,transferFrom
FNDA:0,permit
FNDA:0,min
FNDA:0,sqrt
FNDA:0,encode
FNDA:0,uqdiv
FNDA:0,lock
FNDA:0,getReserves
FNDA:0,_safeTransfer
FNDA:1,constructor
FNDA:1,initialize
FNDA:0,_update
FNDA:0,_mintFee
FNDA:0,mint
FNDA:0,burn
FNDA:0,swap
FNDA:0,skim
FNDA:0,sync
FNDA:1,constructor
FNDA:0,allPairsLength
FNDA:1,pairCodeHash
FNDA:1,createPair
FNDA:0,setFeeTo
FNDA:0,setMigrator
FNDA:0,setFeeToSetter
DA:49,0
DA:53,0
DA:57,0
DA:90,1
DA:91,1
DA:94,1
DA:108,0
DA:109,0
DA:110,0
DA:114,0
DA:115,0
DA:116,0
DA:124,0
DA:125,0
DA:133,0
DA:134,0
DA:135,0
DA:139,0
DA:140,0
DA:144,0
DA:145,0
DA:153,0
DA:154,0
DA:158,0
DA:159,0
DA:171,0
DA:172,0
DA:188,0
DA:189,0
DA:193,0
DA:205,0
DA:210,0
DA:211,0
DA:212,0
DA:213,0
DA:214,0
DA:215,0
DA:218,0
DA:237,0
DA:242,0
DA:334,0
DA:335,0
DA:336,0
DA:337,0
DA:349,0
DA:350,0
DA:351,0
DA:359,0
DA:362,0
DA:386,1
DA:391,1
DA:392,1
DA:393,1
DA:403,0
DA:407,0
DA:408,0
DA:409,0
DA:411,0
DA:414,0
DA:418,0
DA:419,0
DA:420,0
DA:421,0
DA:429,0
DA:430,0
DA:431,0
DA:432,0
DA:433,0
DA:434,0
DA:435,0
DA:436,0
DA:437,0
DA:438,0
DA:439,0
DA:440,0
DA:444,0
DA:450,0
DA:451,0
DA:452,0
DA:453,0
DA:454,0
DA:456,0
DA:457,0
DA:458,0
DA:459,0
DA:460,0
DA:461,0
DA:462,0
DA:467,0
DA:468,0
DA:471,0
DA:474,0
DA:479,0
DA:480,0
DA:482,0
DA:483,0
DA:484,0
DA:493,0
DA:494,0
DA:495,0
DA:496,0
DA:497,0
DA:498,0
DA:500,0
DA:501,0
DA:502,0
DA:503,0
DA:504,0
DA:508,0
DA:509,0
DA:510,0
DA:511,0
DA:512,0
DA:514,0
DA:515,0
DA:516,0
DA:526,0
DA:530,0
DA:531,0
DA:536,0
DA:537,0
DA:538,0
DA:540,0
DA:541,0
DA:542,0
DA:543,0
DA:544,0
DA:545,0
DA:546,0
DA:552,0
DA:553,0
DA:555,0
DA:558,0
DA:561,0
DA:565,0
DA:567,0
DA:568,0
DA:569,0
DA:576,0
DA:577,0
DA:582,0
DA:583,0
DA:584,0
DA:589,0
DA:598,0
DA:629,1
DA:633,0
DA:637,1
DA:645,1
DA:646,1
DA:649,1
DA:650,1
DA:651,1
DA:652,1
DA:653,1
DA:656,1
DA:657,1
DA:658,1
DA:659,1
DA:660,1
DA:664,0
DA:665,0
DA:669,0
DA:670,0
DA:674,0
DA:675,0
LF:166
LH:21
BRDA:49,1,0,0
BRDA:49,1,1,0
BRDA:53,2,0,0
BRDA:53,2,1,0
BRDA:57,3,0,0
BRDA:57,3,1,0
BRDA:57,4,0,0
BRDA:57,4,1,0
BRDA:153,5,0,0
BRDA:153,5,1,0
BRDA:171,6,0,0
BRDA:171,6,1,0
BRDA:189,7,0,0
BRDA:189,7,1,0
BRDA:205,8,0,0
BRDA:205,8,1,0
BRDA:210,9,0,0
BRDA:210,9,1,0
BRDA:217,10,0,0
BRDA:217,10,1,0
BRDA:334,11,0,0
BRDA:334,11,1,0
BRDA:362,12,0,0
BRDA:362,12,1,0
BRDA:363,13,0,0
BRDA:363,13,1,0
BRDA:391,14,0,1
BRDA:391,14,1,0
BRDA:403,15,0,0
BRDA:403,15,1,0
BRDA:409,16,0,0
BRDA:409,16,1,0
BRDA:432,17,0,0
BRDA:432,17,1,0
BRDA:433,18,0,0
BRDA:433,18,1,0
BRDA:436,19,0,0
BRDA:436,19,1,0
BRDA:440,20,0,0
BRDA:440,20,1,0
BRDA:443,21,0,0
BRDA:443,21,1,0
BRDA:449,22,0,0
BRDA:449,22,1,0
BRDA:458,23,0,0
BRDA:458,23,1,0
BRDA:460,24,0,0
BRDA:460,24,1,0
BRDA:462,25,0,0
BRDA:462,25,1,0
BRDA:467,26,0,0
BRDA:467,26,1,0
BRDA:479,27,0,0
BRDA:479,27,1,0
BRDA:483,28,0,0
BRDA:483,28,1,0
BRDA:490,29,0,0
BRDA:490,29,1,0
BRDA:504,30,0,0
BRDA:504,30,1,0
BRDA:515,31,0,0
BRDA:515,31,1,0
BRDA:525,32,0,0
BRDA:525,32,1,0
BRDA:526,33,0,0
BRDA:526,33,1,0
BRDA:527,34,0,0
BRDA:527,34,1,0
BRDA:531,35,0,0
BRDA:531,35,1,0
BRDA:542,36,0,0
BRDA:542,36,1,0
BRDA:543,37,0,0
BRDA:543,37,1,0
BRDA:544,38,0,0
BRDA:544,38,1,0
BRDA:545,39,0,0
BRDA:545,39,1,0
BRDA:556,40,0,0
BRDA:556,40,1,0
BRDA:559,41,0,0
BRDA:559,41,1,0
BRDA:561,42,0,0
BRDA:561,42,1,0
BRDA:562,43,0,0
BRDA:562,43,1,0
BRDA:569,44,0,0
BRDA:569,44,1,0
BRDA:581,45,0,0
BRDA:581,45,1,0
BRDA:597,46,0,0
BRDA:597,46,1,0
BRDA:645,47,0,1
BRDA:645,47,1,0
BRDA:647,48,0,0
BRDA:647,48,1,1
BRDA:649,49,0,1
BRDA:649,49,1,0
BRDA:650,50,0,1
BRDA:650,50,1,0
BRDA:664,51,0,0
BRDA:664,51,1,0
BRDA:669,52,0,0
BRDA:669,52,1,0
BRDA:674,53,0,0
BRDA:674,53,1,0
BRF:106
BRH:5
end_of_record
TN:
SF:C:\Users\Main\Desktop\Dragon\HardhatDragon\hardhat-tutorial1\contracts\JoeRouter02_flattened.sol
FN:122,add
FN:126,sub
FN:130,mul
FN:142,sortTokens
FN:155,pairFor
FN:176,getReserves
FN:191,quote
FN:205,getAmountOut
FN:222,getAmountIn
FN:238,getAmountsOut
FN:257,getAmountsIn
FN:281,safeApprove
FN:296,safeTransfer
FN:311,safeTransferFrom
FN:327,safeTransferAVAX
FN:636,ensure
FN:641,constructor
FN:651,_addLiquidity
FN:711,addLiquidity
FN:744,addLiquidityAVAX
FN:782,removeLiquidity
FN:807,removeLiquidityAVAX
FN:824,removeLiquidityWithPermit
FN:859,removeLiquidityAVAXWithPermit
FN:905,removeLiquidityAVAXSupportingFeeOnTransferTokens
FN:924,removeLiquidityAVAXWithPermitSupportingFeeOnTransferTokens
FN:959,_swap
FN:993,swapExactTokensForTokens
FN:1020,swapTokensForExactTokens
FN:1044,swapExactAVAXForTokens
FN:1073,swapTokensForExactAVAX
FN:1100,swapExactTokensForAVAX
FN:1130,swapAVAXForExactTokens
FN:1151,_swapSupportingFeeOnTransferTokens
FN:1194,swapExactTokensForTokensSupportingFeeOnTransferTokens
FN:1215,swapExactAVAXForTokensSupportingFeeOnTransferTokens
FN:1240,swapExactTokensForAVAXSupportingFeeOnTransferTokens
FN:1259,quote
FN:1267,getAmountOut
FN:1275,getAmountIn
FN:1283,getAmountsOut
FN:1293,getAmountsIn
FNF:42
FNH:7
FNDA:0,add
FNDA:0,sub
FNDA:0,mul
FNDA:2,sortTokens
FNDA:1,pairFor
FNDA:1,getReserves
FNDA:0,quote
FNDA:0,getAmountOut
FNDA:0,getAmountIn
FNDA:0,getAmountsOut
FNDA:0,getAmountsIn
FNDA:0,safeApprove
FNDA:0,safeTransfer
FNDA:0,safeTransferFrom
FNDA:0,safeTransferAVAX
FNDA:1,ensure
FNDA:1,constructor
FNDA:1,_addLiquidity
FNDA:0,addLiquidity
FNDA:1,addLiquidityAVAX
FNDA:0,removeLiquidity
FNDA:0,removeLiquidityAVAX
FNDA:0,removeLiquidityWithPermit
FNDA:0,removeLiquidityAVAXWithPermit
FNDA:0,removeLiquidityAVAXSupportingFeeOnTransferTokens
FNDA:0,removeLiquidityAVAXWithPermitSupportingFeeOnTransferTokens
FNDA:0,_swap
FNDA:0,swapExactTokensForTokens
FNDA:0,swapTokensForExactTokens
FNDA:0,swapExactAVAXForTokens
FNDA:0,swapTokensForExactAVAX
FNDA:0,swapExactTokensForAVAX
FNDA:0,swapAVAXForExactTokens
FNDA:0,_swapSupportingFeeOnTransferTokens
FNDA:0,swapExactTokensForTokensSupportingFeeOnTransferTokens
FNDA:0,swapExactAVAXForTokensSupportingFeeOnTransferTokens
FNDA:0,swapExactTokensForAVAXSupportingFeeOnTransferTokens
FNDA:0,quote
FNDA:0,getAmountOut
FNDA:0,getAmountIn
FNDA:0,getAmountsOut
FNDA:0,getAmountsIn
DA:123,0
DA:127,0
DA:131,0
DA:147,2
DA:148,2
DA:151,2
DA:160,1
DA:161,1
DA:181,1
DA:182,1
DA:185,0
DA:196,0
DA:197,0
DA:201,0
DA:210,0
DA:211,0
DA:215,0
DA:216,0
DA:217,0
DA:218,0
DA:227,0
DA:228,0
DA:232,0
DA:233,0
DA:234,0
DA:243,0
DA:244,0
DA:245,0
DA:246,0
DA:247,0
DA:252,0
DA:262,0
DA:263,0
DA:264,0
DA:265,0
DA:266,0
DA:271,0
DA:287,0
DA:290,0
DA:302,0
DA:305,0
DA:318,0
DA:321,0
DA:328,0
DA:329,0
DA:637,1
DA:638,1
DA:642,1
DA:643,1
DA:647,0
DA:660,1
DA:661,1
DA:663,1
DA:668,0
DA:669,0
DA:671,0
DA:676,0
DA:677,0
DA:681,0
DA:683,0
DA:688,0
DA:689,0
DA:693,0
DA:718,0
DA:726,0
DA:727,0
DA:728,0
DA:729,0
DA:751,1
DA:759,0
DA:760,0
DA:761,0
DA:762,0
DA:763,0
DA:765,0
DA:766,0
DA:785,0
DA:786,0
DA:787,0
DA:788,0
DA:789,0
DA:792,0
DA:793,0
DA:810,0
DA:819,0
DA:820,0
DA:821,0
DA:837,0
DA:838,0
DA:839,0
DA:848,0
DA:876,0
DA:877,0
DA:878,0
DA:887,0
DA:906,0
DA:915,0
DA:920,0
DA:921,0
DA:936,0
DA:937,0
DA:938,0
DA:947,0
DA:964,0
DA:965,0
DA:966,0
DA:967,0
DA:968,0
DA:971,0
DA:974,0
DA:996,0
DA:997,0
DA:1001,0
DA:1007,0
DA:1023,0
DA:1024,0
DA:1025,0
DA:1031,0
DA:1047,0
DA:1048,0
DA:1049,0
DA:1053,0
DA:1054,0
DA:1060,0
DA:1076,0
DA:1077,0
DA:1078,0
DA:1079,0
DA:1085,0
DA:1086,0
DA:1087,0
DA:1103,0
DA:1104,0
DA:1105,0
DA:1109,0
DA:1115,0
DA:1116,0
DA:1117,0
DA:1133,0
DA:1134,0
DA:1135,0
DA:1136,0
DA:1137,0
DA:1143,0
DA:1145,0
DA:1146,0
DA:1155,0
DA:1156,0
DA:1157,0
DA:1158,0
DA:1161,0
DA:1162,0
DA:1163,0
DA:1165,0
DA:1166,0
DA:1169,0
DA:1172,0
DA:1178,0
DA:1181,0
DA:1184,0
DA:1195,0
DA:1201,0
DA:1202,0
DA:1203,0
DA:1216,0
DA:1217,0
DA:1218,0
DA:1219,0
DA:1225,0
DA:1226,0
DA:1227,0
DA:1241,0
DA:1242,0
DA:1248,0
DA:1249,0
DA:1250,0
DA:1254,0
DA:1255,0
DA:1264,0
DA:1272,0
DA:1280,0
DA:1290,0
DA:1300,0
LF:183
LH:15
BRDA:123,1,0,0
BRDA:123,1,1,0
BRDA:127,2,0,0
BRDA:127,2,1,0
BRDA:131,3,0,0
BRDA:131,3,1,0
BRDA:131,4,0,0
BRDA:131,4,1,0
BRDA:147,5,0,2
BRDA:147,5,1,0
BRDA:149,6,0,0
BRDA:149,6,1,2
BRDA:151,7,0,2
BRDA:151,7,1,0
BRDA:186,8,0,0
BRDA:186,8,1,0
BRDA:196,9,0,0
BRDA:196,9,1,0
BRDA:197,10,0,0
BRDA:197,10,1,0
BRDA:210,11,0,0
BRDA:210,11,1,0
BRDA:211,12,0,0
BRDA:211,12,1,0
BRDA:227,13,0,0
BRDA:227,13,1,0
BRDA:228,14,0,0
BRDA:228,14,1,0
BRDA:243,15,0,0
BRDA:243,15,1,0
BRDA:262,16,0,0
BRDA:262,16,1,0
BRDA:290,17,0,0
BRDA:290,17,1,0
BRDA:291,18,0,0
BRDA:291,18,1,0
BRDA:305,19,0,0
BRDA:305,19,1,0
BRDA:306,20,0,0
BRDA:306,20,1,0
BRDA:321,21,0,0
BRDA:321,21,1,0
BRDA:322,22,0,0
BRDA:322,22,1,0
BRDA:329,23,0,0
BRDA:329,23,1,0
BRDA:637,24,0,1
BRDA:637,24,1,0
BRDA:660,25,0,1
BRDA:660,25,1,0
BRDA:668,26,0,0
BRDA:668,26,1,0
BRDA:676,27,0,0
BRDA:676,27,1,0
BRDA:677,28,0,0
BRDA:677,28,1,0
BRDA:689,29,0,0
BRDA:689,29,1,0
BRDA:711,30,0,0
BRDA:711,30,1,0
BRDA:744,31,0,1
BRDA:744,31,1,0
BRDA:765,32,0,0
BRDA:765,32,1,0
BRDA:782,33,0,0
BRDA:782,33,1,0
BRDA:790,34,0,0
BRDA:790,34,1,0
BRDA:792,35,0,0
BRDA:792,35,1,0
BRDA:793,36,0,0
BRDA:793,36,1,0
BRDA:807,37,0,0
BRDA:807,37,1,0
BRDA:838,38,0,0
BRDA:838,38,1,0
BRDA:877,39,0,0
BRDA:877,39,1,0
BRDA:905,40,0,0
BRDA:905,40,1,0
BRDA:937,41,0,0
BRDA:937,41,1,0
BRDA:969,42,0,0
BRDA:969,42,1,0
BRDA:972,43,0,0
BRDA:972,43,1,0
BRDA:993,44,0,0
BRDA:993,44,1,0
BRDA:997,45,0,0
BRDA:997,45,1,0
BRDA:1020,46,0,0
BRDA:1020,46,1,0
BRDA:1024,47,0,0
BRDA:1024,47,1,0
BRDA:1044,48,0,0
BRDA:1044,48,1,0
BRDA:1047,49,0,0
BRDA:1047,49,1,0
BRDA:1049,50,0,0
BRDA:1049,50,1,0
BRDA:1073,51,0,0
BRDA:1073,51,1,0
BRDA:1076,52,0,0
BRDA:1076,52,1,0
BRDA:1078,53,0,0
BRDA:1078,53,1,0
BRDA:1100,54,0,0
BRDA:1100,54,1,0
BRDA:1103,55,0,0
BRDA:1103,55,1,0
BRDA:1105,56,0,0
BRDA:1105,56,1,0
BRDA:1130,57,0,0
BRDA:1130,57,1,0
BRDA:1133,58,0,0
BRDA:1133,58,1,0
BRDA:1135,59,0,0
BRDA:1135,59,1,0
BRDA:1145,60,0,0
BRDA:1145,60,1,0
BRDA:1167,61,0,0
BRDA:1167,61,1,0
BRDA:1179,62,0,0
BRDA:1179,62,1,0
BRDA:1182,63,0,0
BRDA:1182,63,1,0
BRDA:1194,64,0,0
BRDA:1194,64,1,0
BRDA:1203,65,0,0
BRDA:1203,65,1,0
BRDA:1215,66,0,0
BRDA:1215,66,1,0
BRDA:1216,67,0,0
BRDA:1216,67,1,0
BRDA:1227,68,0,0
BRDA:1227,68,1,0
BRDA:1240,69,0,0
BRDA:1240,69,1,0
BRDA:1241,70,0,0
BRDA:1241,70,1,0
BRDA:1250,71,0,0
BRDA:1250,71,1,0
BRF:142
BRH:6
end_of_record
TN:
SF:C:\Users\Main\Desktop\Dragon\HardhatDragon\hardhat-tutorial1\contracts\MyToken.sol
FN:185,_msgSender
FN:189,_msgData
FN:193,_contextSuffixLength
FN:355,constructor
FN:363,name
FN:371,symbol
FN:388,decimals
FN:395,totalSupply
FN:402,balanceOf
FN:414,transfer
FN:423,allowance
FN:437,approve
FN:459,transferFrom
FN:476,_transfer
FN:493,_update
FN:531,_mint
FN:546,_burn
FN:568,_approve
FN:589,_approve
FN:610,_spendAllowance
FN:629,constructor
FNF:21
FNH:9
FNDA:1,_msgSender
FNDA:0,_msgData
FNDA:0,_contextSuffixLength
FNDA:1,constructor
FNDA:0,name
FNDA:0,symbol
FNDA:1,decimals
FNDA:0,totalSupply
FNDA:0,balanceOf
FNDA:0,transfer
FNDA:0,allowance
FNDA:1,approve
FNDA:0,transferFrom
FNDA:0,_transfer
FNDA:1,_update
FNDA:1,_mint
FNDA:0,_burn
FNDA:1,_approve
FNDA:1,_approve
FNDA:0,_spendAllowance
FNDA:1,constructor
DA:186,1
DA:190,0
DA:194,0
DA:356,1
DA:357,1
DA:364,0
DA:372,0
DA:389,1
DA:396,0
DA:403,0
DA:415,0
DA:416,0
DA:417,0
DA:424,0
DA:438,1
DA:439,1
DA:440,1
DA:460,0
DA:461,0
DA:462,0
DA:463,0
DA:477,0
DA:478,0
DA:480,0
DA:481,0
DA:483,0
DA:494,1
DA:496,1
DA:498,0
DA:499,0
DA:500,0
DA:502,0
DA:504,0
DA:508,1
DA:509,0
DA:511,0
DA:514,1
DA:516,1
DA:520,1
DA:532,1
DA:533,0
DA:535,1
DA:547,0
DA:548,0
DA:550,0
DA:569,1
DA:590,1
DA:591,0
DA:593,1
DA:594,0
DA:596,1
DA:597,1
DA:598,1
DA:611,0
DA:612,0
DA:613,0
DA:614,0
DA:616,0
DA:617,0
DA:630,1
LF:60
LH:22
BRDA:477,1,0,0
BRDA:477,1,1,0
BRDA:480,2,0,0
BRDA:480,2,1,0
BRDA:494,3,0,1
BRDA:494,3,1,0
BRDA:499,4,0,0
BRDA:499,4,1,0
BRDA:508,5,0,0
BRDA:508,5,1,1
BRDA:532,6,0,0
BRDA:532,6,1,1
BRDA:547,7,0,0
BRDA:547,7,1,0
BRDA:590,8,0,0
BRDA:590,8,1,1
BRDA:593,9,0,0
BRDA:593,9,1,1
BRDA:597,10,0,1
BRDA:597,10,1,0
BRDA:612,11,0,0
BRDA:612,11,1,0
BRDA:613,12,0,0
BRDA:613,12,1,0
BRF:24
BRH:6
end_of_record
TN:
SF:C:\Users\Main\Desktop\Dragon\HardhatDragon\hardhat-tutorial1\contracts\Token.sol
FN:30,constructor
FN:43,transfer
FN:63,balanceOf
FN:67,thisAddress
FNF:4
FNH:0
FNDA:0,constructor
FNDA:0,transfer
FNDA:0,balanceOf
FNDA:0,thisAddress
DA:33,0
DA:34,0
DA:47,0
DA:50,0
DA:51,0
DA:54,0
DA:64,0
DA:68,0
LF:8
LH:0
BRDA:47,1,0,0
BRDA:47,1,1,0
BRF:2
BRH:0
end_of_record
TN:
SF:C:\Users\Main\Desktop\Dragon\HardhatDragon\hardhat-tutorial1\contracts\WAVAX.sol
FN:33,
FN:36,deposit
FN:40,withdraw
FN:47,totalSupply
FN:51,approve
FN:57,transfer
FN:61,transferFrom
FNF:7
FNH:0
FNDA:0,
FNDA:0,deposit
FNDA:0,withdraw
FNDA:0,totalSupply
FNDA:0,approve
FNDA:0,transfer
FNDA:0,transferFrom
DA:34,0
DA:37,0
DA:38,0
DA:41,0
DA:42,0
DA:43,0
DA:44,0
DA:48,0
DA:52,0
DA:53,0
DA:54,0
DA:58,0
DA:65,0
DA:67,0
DA:68,0
DA:69,0
DA:72,0
DA:73,0
DA:75,0
DA:77,0
LF:20
LH:0
BRDA:41,1,0,0
BRDA:41,1,1,0
BRDA:65,2,0,0
BRDA:65,2,1,0
BRDA:67,3,0,0
BRDA:67,3,1,0
BRDA:68,4,0,0
BRDA:68,4,1,0
BRF:8
BRH:0
end_of_record
